<?xml version="1.0" encoding="UTF-8"?>
<coverage generated="1641485348843" clover="3.2.0">
  <project timestamp="1641485348844" name="All files">
    <metrics statements="2075" coveredstatements="1778" conditionals="1115" coveredconditionals="848" methods="665" coveredmethods="551" elements="3855" coveredelements="3177" complexity="0" loc="2075" ncloc="2075" packages="24" files="46" classes="46"/>
    <package name="ve-checkbox">
      <metrics statements="2" coveredstatements="2" conditionals="0" coveredconditionals="0" methods="1" coveredmethods="1"/>
      <file name="index.js" path="E:\work\github-pro\vue-easytable\branches\context-menu\packages\ve-checkbox\index.js">
        <metrics statements="2" coveredstatements="2" conditionals="0" coveredconditionals="0" methods="1" coveredmethods="1"/>
        <line num="3" count="34" type="stmt"/>
        <line num="4" count="34" type="stmt"/>
      </file>
    </package>
    <package name="ve-checkbox.src">
      <metrics statements="33" coveredstatements="33" conditionals="32" coveredconditionals="28" methods="13" coveredmethods="13"/>
      <file name="index.jsx" path="E:\work\github-pro\vue-easytable\branches\context-menu\packages\ve-checkbox\src\index.jsx">
        <metrics statements="33" coveredstatements="33" conditionals="32" coveredconditionals="28" methods="13" coveredmethods="13"/>
        <line num="33" count="131" type="stmt"/>
        <line num="42" count="175" type="stmt"/>
        <line num="54" count="131" type="stmt"/>
        <line num="63" count="171" type="cond" truecount="2" falsecount="0"/>
        <line num="69" count="1" type="stmt"/>
        <line num="76" count="11" type="cond" truecount="2" falsecount="0"/>
        <line num="77" count="2" type="stmt"/>
        <line num="79" count="9" type="stmt"/>
        <line num="81" count="9" type="cond" truecount="2" falsecount="0"/>
        <line num="82" count="4" type="stmt"/>
        <line num="84" count="9" type="stmt"/>
        <line num="86" count="9" type="cond" truecount="2" falsecount="0"/>
        <line num="88" count="1" type="stmt"/>
        <line num="94" count="140" type="stmt"/>
        <line num="98" count="140" type="cond" truecount="2" falsecount="0"/>
        <line num="103" count="175" type="stmt"/>
        <line num="105" count="175" type="cond" truecount="2" falsecount="0"/>
        <line num="109" count="131" type="cond" truecount="2" falsecount="0"/>
        <line num="110" count="12" type="stmt"/>
        <line num="111" count="12" type="cond" truecount="1" falsecount="1"/>
        <line num="115" count="12" type="cond" truecount="2" falsecount="0"/>
        <line num="116" count="6" type="stmt"/>
        <line num="120" count="119" type="stmt"/>
        <line num="126" count="1" type="cond" truecount="1" falsecount="1"/>
        <line num="127" count="1" type="stmt"/>
        <line num="133" count="12" type="cond" truecount="2" falsecount="0"/>
        <line num="134" count="6" type="cond" truecount="2" falsecount="0"/>
        <line num="135" count="3" type="stmt"/>
        <line num="138" count="6" type="cond" truecount="1" falsecount="1"/>
        <line num="139" count="6" type="stmt"/>
        <line num="146" count="131" type="stmt"/>
        <line num="156" count="175" type="stmt"/>
        <line num="158" count="175" type="stmt"/>
      </file>
    </package>
    <package name="ve-contextmenu">
      <metrics statements="2" coveredstatements="2" conditionals="0" coveredconditionals="0" methods="1" coveredmethods="1"/>
      <file name="index.js" path="E:\work\github-pro\vue-easytable\branches\context-menu\packages\ve-contextmenu\index.js">
        <metrics statements="2" coveredstatements="2" conditionals="0" coveredconditionals="0" methods="1" coveredmethods="1"/>
        <line num="3" count="34" type="stmt"/>
        <line num="4" count="34" type="stmt"/>
      </file>
    </package>
    <package name="ve-contextmenu.src">
      <metrics statements="151" coveredstatements="93" conditionals="77" coveredconditionals="35" methods="41" coveredmethods="30"/>
      <file name="index.jsx" path="E:\work\github-pro\vue-easytable\branches\context-menu\packages\ve-contextmenu\src\index.jsx">
        <metrics statements="151" coveredstatements="93" conditionals="77" coveredconditionals="35" methods="41" coveredmethods="30"/>
        <line num="56" count="3" type="stmt"/>
        <line num="151" count="5" type="stmt"/>
        <line num="153" count="5" type="stmt"/>
        <line num="160" count="3" type="stmt"/>
        <line num="161" count="3" type="stmt"/>
        <line num="162" count="3" type="stmt"/>
        <line num="171" count="48" type="stmt"/>
        <line num="176" count="32" type="cond" truecount="2" falsecount="0"/>
        <line num="183" count="1" type="stmt"/>
        <line num="184" count="2" type="cond" truecount="2" falsecount="0"/>
        <line num="185" count="1" type="stmt"/>
        <line num="188" count="1" type="cond" truecount="1" falsecount="1"/>
        <line num="189" count="0" type="stmt"/>
        <line num="193" count="0" type="cond" truecount="0" falsecount="2"/>
        <line num="202" count="0" type="stmt"/>
        <line num="204" count="0" type="stmt"/>
        <line num="205" count="0" type="stmt"/>
        <line num="207" count="0" type="cond" truecount="0" falsecount="2"/>
        <line num="209" count="0" type="stmt"/>
        <line num="210" count="0" type="stmt"/>
        <line num="212" count="0" type="stmt"/>
        <line num="217" count="1" type="stmt"/>
        <line num="220" count="1" type="cond" truecount="1" falsecount="1"/>
        <line num="221" count="0" type="stmt"/>
        <line num="225" count="1" type="cond" truecount="1" falsecount="1"/>
        <line num="226" count="0" type="stmt"/>
        <line num="233" count="1" type="stmt"/>
        <line num="234" count="1" type="stmt"/>
        <line num="235" count="0" type="stmt"/>
        <line num="238" count="1" type="cond" truecount="1" falsecount="1"/>
        <line num="239" count="0" type="stmt"/>
        <line num="240" count="0" type="stmt"/>
        <line num="241" count="0" type="stmt"/>
        <line num="243" count="0" type="cond" truecount="0" falsecount="2"/>
        <line num="244" count="0" type="stmt"/>
        <line num="249" count="1" type="stmt"/>
        <line num="254" count="1" type="cond" truecount="1" falsecount="1"/>
        <line num="255" count="1" type="stmt"/>
        <line num="260" count="1" type="stmt"/>
        <line num="261" count="1" type="stmt"/>
        <line num="265" count="1" type="stmt"/>
        <line num="275" count="6" type="stmt"/>
        <line num="277" count="6" type="cond" truecount="1" falsecount="1"/>
        <line num="279" count="6" type="stmt"/>
        <line num="280" count="32" type="stmt"/>
        <line num="286" count="6" type="stmt"/>
        <line num="298" count="45" type="stmt"/>
        <line num="299" count="45" type="stmt"/>
        <line num="300" count="45" type="stmt"/>
        <line num="301" count="45" type="cond" truecount="2" falsecount="0"/>
        <line num="302" count="12" type="stmt"/>
        <line num="303" count="27" type="stmt"/>
        <line num="307" count="45" type="stmt"/>
        <line num="312" count="3" type="stmt"/>
        <line num="313" count="18" type="stmt"/>
        <line num="319" count="2" type="stmt"/>
        <line num="320" count="2" type="stmt"/>
        <line num="323" count="2" type="stmt"/>
        <line num="324" count="2" type="stmt"/>
        <line num="329" count="2" type="stmt"/>
        <line num="334" count="3" type="stmt"/>
        <line num="336" count="3" type="stmt"/>
        <line num="340" count="3" type="cond" truecount="1" falsecount="1"/>
        <line num="342" count="3" type="stmt"/>
        <line num="344" count="3" type="stmt"/>
        <line num="346" count="2" type="stmt"/>
        <line num="347" count="2" type="stmt"/>
        <line num="350" count="2" type="stmt"/>
        <line num="351" count="2" type="cond" truecount="1" falsecount="1"/>
        <line num="357" count="2" type="stmt"/>
        <line num="359" count="2" type="stmt"/>
        <line num="360" count="2" type="stmt"/>
        <line num="363" count="2" type="cond" truecount="1" falsecount="1"/>
        <line num="364" count="2" type="stmt"/>
        <line num="365" count="2" type="stmt"/>
        <line num="369" count="0" type="stmt"/>
        <line num="370" count="0" type="stmt"/>
        <line num="374" count="2" type="cond" truecount="1" falsecount="1"/>
        <line num="375" count="2" type="stmt"/>
        <line num="379" count="0" type="stmt"/>
        <line num="382" count="2" type="stmt"/>
        <line num="383" count="2" type="stmt"/>
        <line num="386" count="0" type="stmt"/>
        <line num="388" count="0" type="cond" truecount="0" falsecount="2"/>
        <line num="392" count="0" type="stmt"/>
        <line num="395" count="0" type="stmt"/>
        <line num="398" count="0" type="stmt"/>
        <line num="400" count="0" type="stmt"/>
        <line num="401" count="0" type="stmt"/>
        <line num="404" count="0" type="cond" truecount="0" falsecount="2"/>
        <line num="406" count="0" type="cond" truecount="0" falsecount="2"/>
        <line num="407" count="0" type="stmt"/>
        <line num="411" count="0" type="stmt"/>
        <line num="417" count="0" type="cond" truecount="0" falsecount="2"/>
        <line num="418" count="0" type="stmt"/>
        <line num="422" count="0" type="stmt"/>
        <line num="427" count="0" type="cond" truecount="0" falsecount="2"/>
        <line num="428" count="0" type="stmt"/>
        <line num="432" count="0" type="stmt"/>
        <line num="435" count="0" type="stmt"/>
        <line num="436" count="0" type="stmt"/>
        <line num="444" count="0" type="stmt"/>
        <line num="446" count="0" type="stmt"/>
        <line num="452" count="0" type="stmt"/>
        <line num="453" count="0" type="cond" truecount="0" falsecount="2"/>
        <line num="454" count="0" type="stmt"/>
        <line num="456" count="0" type="stmt"/>
        <line num="457" count="0" type="stmt"/>
        <line num="460" count="0" type="cond" truecount="0" falsecount="2"/>
        <line num="461" count="0" type="stmt"/>
        <line num="470" count="2" type="stmt"/>
        <line num="471" count="2" type="stmt"/>
        <line num="476" count="4" type="stmt"/>
        <line num="480" count="4" type="cond" truecount="1" falsecount="1"/>
        <line num="481" count="0" type="stmt"/>
        <line num="483" count="4" type="stmt"/>
        <line num="485" count="4" type="stmt"/>
        <line num="487" count="4" type="stmt"/>
        <line num="493" count="3" type="stmt"/>
        <line num="500" count="3" type="stmt"/>
        <line num="502" count="3" type="cond" truecount="3" falsecount="1"/>
        <line num="503" count="3" type="stmt"/>
        <line num="505" count="0" type="stmt"/>
        <line num="508" count="3" type="cond" truecount="2" falsecount="0"/>
        <line num="511" count="2" type="stmt"/>
        <line num="520" count="2" type="cond" truecount="1" falsecount="1"/>
        <line num="521" count="2" type="stmt"/>
        <line num="530" count="3" type="stmt"/>
        <line num="531" count="3" type="stmt"/>
        <line num="535" count="2" type="stmt"/>
        <line num="545" count="5" type="stmt"/>
        <line num="547" count="5" type="stmt"/>
        <line num="554" count="5" type="stmt"/>
        <line num="557" count="5" type="stmt"/>
        <line num="567" count="0" type="cond" truecount="0" falsecount="2"/>
        <line num="568" count="0" type="stmt"/>
        <line num="575" count="0" type="cond" truecount="0" falsecount="2"/>
        <line num="576" count="0" type="stmt"/>
        <line num="581" count="5" type="stmt"/>
        <line num="587" count="30" type="cond" truecount="2" falsecount="0"/>
        <line num="591" count="25" type="stmt"/>
        <line num="604" count="1" type="cond" truecount="1" falsecount="1"/>
        <line num="605" count="1" type="stmt"/>
        <line num="612" count="0" type="cond" truecount="0" falsecount="2"/>
        <line num="616" count="0" type="stmt"/>
        <line num="620" count="0" type="stmt"/>
        <line num="621" count="0" type="stmt"/>
        <line num="631" count="5" type="stmt"/>
        <line num="640" count="30" type="cond" truecount="2" falsecount="0"/>
        <line num="644" count="25" type="stmt"/>
        <line num="666" count="5" type="stmt"/>
      </file>
    </package>
    <package name="ve-dropdown">
      <metrics statements="2" coveredstatements="2" conditionals="0" coveredconditionals="0" methods="1" coveredmethods="1"/>
      <file name="index.js" path="E:\work\github-pro\vue-easytable\branches\context-menu\packages\ve-dropdown\index.js">
        <metrics statements="2" coveredstatements="2" conditionals="0" coveredconditionals="0" methods="1" coveredmethods="1"/>
        <line num="3" count="34" type="stmt"/>
        <line num="4" count="34" type="stmt"/>
      </file>
    </package>
    <package name="ve-dropdown.src">
      <metrics statements="87" coveredstatements="84" conditionals="47" coveredconditionals="39" methods="36" coveredmethods="34"/>
      <file name="index.jsx" path="E:\work\github-pro\vue-easytable\branches\context-menu\packages\ve-dropdown\src\index.jsx">
        <metrics statements="87" coveredstatements="84" conditionals="47" coveredconditionals="39" methods="36" coveredmethods="34"/>
        <line num="106" count="57" type="stmt"/>
        <line num="115" count="71" type="cond" truecount="2" falsecount="0"/>
        <line num="120" count="57" type="stmt"/>
        <line num="121" count="57" type="stmt"/>
        <line num="122" count="57" type="stmt"/>
        <line num="124" count="57" type="cond" truecount="2" falsecount="3"/>
        <line num="125" count="0" type="stmt"/>
        <line num="128" count="57" type="stmt"/>
        <line num="132" count="34" type="stmt"/>
        <line num="133" count="120" type="stmt"/>
        <line num="135" count="32" type="cond" truecount="1" falsecount="1"/>
        <line num="136" count="32" type="stmt"/>
        <line num="142" count="32" type="stmt"/>
        <line num="143" count="32" type="stmt"/>
        <line num="147" count="32" type="stmt"/>
        <line num="151" count="71" type="stmt"/>
        <line num="159" count="12" type="stmt"/>
        <line num="165" count="69" type="stmt"/>
        <line num="167" count="69" type="cond" truecount="2" falsecount="0"/>
        <line num="168" count="2" type="stmt"/>
        <line num="175" count="4" type="stmt"/>
        <line num="176" count="4" type="stmt"/>
        <line num="177" count="4" type="stmt"/>
        <line num="182" count="5" type="cond" truecount="1" falsecount="1"/>
        <line num="183" count="4" type="stmt"/>
        <line num="184" count="16" type="cond" truecount="2" falsecount="0"/>
        <line num="185" count="6" type="stmt"/>
        <line num="187" count="16" type="stmt"/>
        <line num="191" count="4" type="stmt"/>
        <line num="193" count="4" type="stmt"/>
        <line num="196" count="4" type="stmt"/>
        <line num="200" count="10" type="stmt"/>
        <line num="202" count="10" type="cond" truecount="1" falsecount="1"/>
        <line num="203" count="10" type="stmt"/>
        <line num="204" count="4" type="stmt"/>
        <line num="210" count="10" type="cond" truecount="2" falsecount="0"/>
        <line num="211" count="9" type="stmt"/>
        <line num="213" count="10" type="stmt"/>
        <line num="220" count="2" type="stmt"/>
        <line num="221" count="2" type="cond" truecount="3" falsecount="1"/>
        <line num="222" count="2" type="stmt"/>
        <line num="225" count="2" type="stmt"/>
        <line num="230" count="12" type="cond" truecount="2" falsecount="0"/>
        <line num="231" count="2" type="stmt"/>
        <line num="233" count="10" type="stmt"/>
        <line num="235" count="10" type="stmt"/>
        <line num="236" count="10" type="stmt"/>
        <line num="243" count="7" type="stmt"/>
        <line num="244" count="23" type="cond" truecount="2" falsecount="0"/>
        <line num="245" count="7" type="stmt"/>
        <line num="247" count="16" type="stmt"/>
        <line num="249" count="23" type="stmt"/>
        <line num="252" count="7" type="cond" truecount="2" falsecount="0"/>
        <line num="253" count="3" type="stmt"/>
        <line num="256" count="7" type="cond" truecount="1" falsecount="1"/>
        <line num="257" count="0" type="stmt"/>
        <line num="261" count="7" type="stmt"/>
        <line num="263" count="7" type="stmt"/>
        <line num="268" count="357" type="stmt"/>
        <line num="273" count="0" type="stmt"/>
        <line num="278" count="67" type="stmt"/>
        <line num="279" count="67" type="stmt"/>
        <line num="280" count="67" type="stmt"/>
        <line num="285" count="57" type="stmt"/>
        <line num="286" count="57" type="stmt"/>
        <line num="287" count="57" type="stmt"/>
        <line num="288" count="57" type="stmt"/>
        <line num="293" count="2" type="stmt"/>
        <line num="294" count="8" type="cond" truecount="2" falsecount="0"/>
        <line num="295" count="2" type="stmt"/>
        <line num="297" count="8" type="stmt"/>
        <line num="300" count="2" type="stmt"/>
        <line num="305" count="57" type="stmt"/>
        <line num="308" count="57" type="stmt"/>
        <line num="325" count="117" type="stmt"/>
        <line num="327" count="117" type="stmt"/>
        <line num="329" count="117" type="cond" truecount="2" falsecount="0"/>
        <line num="330" count="21" type="stmt"/>
        <line num="331" count="71" type="stmt"/>
        <line num="341" count="2" type="stmt"/>
        <line num="345" count="71" type="stmt"/>
        <line num="359" count="96" type="stmt"/>
        <line num="360" count="286" type="stmt"/>
        <line num="370" count="286" type="stmt"/>
        <line num="377" count="7" type="stmt"/>
        <line num="394" count="117" type="stmt"/>
        <line num="404" count="117" type="stmt"/>
      </file>
    </package>
    <package name="ve-icon">
      <metrics statements="2" coveredstatements="2" conditionals="0" coveredconditionals="0" methods="1" coveredmethods="1"/>
      <file name="index.js" path="E:\work\github-pro\vue-easytable\branches\context-menu\packages\ve-icon\index.js">
        <metrics statements="2" coveredstatements="2" conditionals="0" coveredconditionals="0" methods="1" coveredmethods="1"/>
        <line num="3" count="34" type="stmt"/>
        <line num="4" count="34" type="stmt"/>
      </file>
    </package>
    <package name="ve-icon.src">
      <metrics statements="9" coveredstatements="9" conditionals="2" coveredconditionals="2" methods="3" coveredmethods="3"/>
      <file name="index.jsx" path="E:\work\github-pro\vue-easytable\branches\context-menu\packages\ve-icon\src\index.jsx">
        <metrics statements="9" coveredstatements="9" conditionals="2" coveredconditionals="2" methods="3" coveredmethods="3"/>
        <line num="27" count="211" type="stmt"/>
        <line num="29" count="211" type="stmt"/>
        <line num="34" count="211" type="stmt"/>
        <line num="39" count="211" type="stmt"/>
        <line num="41" count="211" type="cond" truecount="2" falsecount="0"/>
        <line num="42" count="1" type="stmt"/>
        <line num="44" count="211" type="stmt"/>
        <line num="49" count="211" type="stmt"/>
        <line num="50" count="211" type="stmt"/>
      </file>
    </package>
    <package name="ve-loading">
      <metrics statements="2" coveredstatements="2" conditionals="0" coveredconditionals="0" methods="1" coveredmethods="1"/>
      <file name="index.js" path="E:\work\github-pro\vue-easytable\branches\context-menu\packages\ve-loading\index.js">
        <metrics statements="2" coveredstatements="2" conditionals="0" coveredconditionals="0" methods="1" coveredmethods="1"/>
        <line num="4" count="34" type="stmt"/>
        <line num="5" count="34" type="stmt"/>
      </file>
    </package>
    <package name="ve-loading.src">
      <metrics statements="80" coveredstatements="77" conditionals="22" coveredconditionals="16" methods="27" coveredmethods="27"/>
      <file name="bounce.jsx" path="E:\work\github-pro\vue-easytable\branches\context-menu\packages\ve-loading\src\bounce.jsx">
        <metrics statements="7" coveredstatements="7" conditionals="0" coveredconditionals="0" methods="3" coveredmethods="3"/>
        <line num="24" count="3" type="stmt"/>
        <line num="26" count="3" type="stmt"/>
        <line num="31" count="3" type="stmt"/>
        <line num="34" count="3" type="stmt"/>
        <line num="36" count="3" type="stmt"/>
        <line num="42" count="3" type="stmt"/>
        <line num="43" count="3" type="stmt"/>
      </file>
      <file name="flow.jsx" path="E:\work\github-pro\vue-easytable\branches\context-menu\packages\ve-loading\src\flow.jsx">
        <metrics statements="7" coveredstatements="7" conditionals="0" coveredconditionals="0" methods="3" coveredmethods="3"/>
        <line num="24" count="1" type="stmt"/>
        <line num="26" count="1" type="stmt"/>
        <line num="31" count="1" type="stmt"/>
        <line num="34" count="1" type="stmt"/>
        <line num="36" count="1" type="stmt"/>
        <line num="42" count="1" type="stmt"/>
        <line num="43" count="1" type="stmt"/>
      </file>
      <file name="grid.jsx" path="E:\work\github-pro\vue-easytable\branches\context-menu\packages\ve-loading\src\grid.jsx">
        <metrics statements="7" coveredstatements="7" conditionals="0" coveredconditionals="0" methods="3" coveredmethods="3"/>
        <line num="24" count="1" type="stmt"/>
        <line num="26" count="1" type="stmt"/>
        <line num="31" count="1" type="stmt"/>
        <line num="34" count="1" type="stmt"/>
        <line num="36" count="1" type="stmt"/>
        <line num="42" count="1" type="stmt"/>
        <line num="43" count="1" type="stmt"/>
      </file>
      <file name="index.js" path="E:\work\github-pro\vue-easytable\branches\context-menu\packages\ve-loading\src\index.js">
        <metrics statements="37" coveredstatements="34" conditionals="22" coveredconditionals="16" methods="8" coveredmethods="8"/>
        <line num="8" count="34" type="stmt"/>
        <line num="24" count="34" type="stmt"/>
        <line num="26" count="34" type="stmt"/>
        <line num="28" count="34" type="stmt"/>
        <line num="31" count="34" type="stmt"/>
        <line num="32" count="8" type="stmt"/>
        <line num="33" count="8" type="cond" truecount="2" falsecount="0"/>
        <line num="34" count="1" type="stmt"/>
        <line num="36" count="8" type="stmt"/>
        <line num="41" count="34" type="stmt"/>
        <line num="42" count="1" type="stmt"/>
        <line num="43" count="1" type="cond" truecount="1" falsecount="1"/>
        <line num="44" count="0" type="stmt"/>
        <line num="46" count="1" type="stmt"/>
        <line num="51" count="34" type="stmt"/>
        <line num="52" count="1" type="stmt"/>
        <line num="53" count="1" type="stmt"/>
        <line num="55" count="1" type="cond" truecount="3" falsecount="1"/>
        <line num="56" count="1" type="stmt"/>
        <line num="58" count="1" type="stmt"/>
        <line num="59" count="1" type="stmt"/>
        <line num="64" count="12" type="stmt"/>
        <line num="72" count="12" type="cond" truecount="1" falsecount="1"/>
        <line num="73" count="0" type="stmt"/>
        <line num="79" count="12" type="stmt"/>
        <line num="81" count="12" type="cond" truecount="3" falsecount="1"/>
        <line num="82" count="0" type="stmt"/>
        <line num="84" count="12" type="cond" truecount="2" falsecount="0"/>
        <line num="86" count="12" type="stmt"/>
        <line num="88" count="12" type="cond" truecount="2" falsecount="0"/>
        <line num="89" count="10" type="stmt"/>
        <line num="91" count="2" type="stmt"/>
        <line num="94" count="12" type="stmt"/>
        <line num="97" count="12" type="cond" truecount="2" falsecount="0"/>
        <line num="99" count="12" type="stmt"/>
        <line num="101" count="12" type="stmt"/>
        <line num="103" count="12" type="stmt"/>
      </file>
      <file name="loading.jsx" path="E:\work\github-pro\vue-easytable\branches\context-menu\packages\ve-loading\src\loading.jsx">
        <metrics statements="7" coveredstatements="7" conditionals="0" coveredconditionals="0" methods="3" coveredmethods="3"/>
        <line num="18" count="21" type="stmt"/>
        <line num="19" count="21" type="stmt"/>
        <line num="28" count="12" type="stmt"/>
        <line num="30" count="12" type="stmt"/>
        <line num="37" count="21" type="stmt"/>
        <line num="39" count="21" type="stmt"/>
        <line num="47" count="21" type="stmt"/>
      </file>
      <file name="plane.jsx" path="E:\work\github-pro\vue-easytable\branches\context-menu\packages\ve-loading\src\plane.jsx">
        <metrics statements="4" coveredstatements="4" conditionals="0" coveredconditionals="0" methods="2" coveredmethods="2"/>
        <line num="24" count="1" type="stmt"/>
        <line num="26" count="1" type="stmt"/>
        <line num="32" count="1" type="stmt"/>
        <line num="36" count="1" type="stmt"/>
      </file>
      <file name="pulse.jsx" path="E:\work\github-pro\vue-easytable\branches\context-menu\packages\ve-loading\src\pulse.jsx">
        <metrics statements="4" coveredstatements="4" conditionals="0" coveredconditionals="0" methods="2" coveredmethods="2"/>
        <line num="24" count="5" type="stmt"/>
        <line num="26" count="5" type="stmt"/>
        <line num="32" count="5" type="stmt"/>
        <line num="36" count="5" type="stmt"/>
      </file>
      <file name="wave.jsx" path="E:\work\github-pro\vue-easytable\branches\context-menu\packages\ve-loading\src\wave.jsx">
        <metrics statements="7" coveredstatements="7" conditionals="0" coveredconditionals="0" methods="3" coveredmethods="3"/>
        <line num="24" count="1" type="stmt"/>
        <line num="26" count="1" type="stmt"/>
        <line num="31" count="1" type="stmt"/>
        <line num="34" count="1" type="stmt"/>
        <line num="36" count="1" type="stmt"/>
        <line num="42" count="1" type="stmt"/>
        <line num="43" count="1" type="stmt"/>
      </file>
    </package>
    <package name="ve-locale">
      <metrics statements="7" coveredstatements="7" conditionals="3" coveredconditionals="2" methods="3" coveredmethods="3"/>
      <file name="index.js" path="E:\work\github-pro\vue-easytable\branches\context-menu\packages\ve-locale\index.js">
        <metrics statements="7" coveredstatements="7" conditionals="3" coveredconditionals="2" methods="3" coveredmethods="3"/>
        <line num="5" count="34" type="stmt"/>
        <line num="6" count="34" type="stmt"/>
        <line num="8" count="34" type="cond" truecount="2" falsecount="0"/>
        <line num="10" count="34" type="stmt"/>
        <line num="20" count="288" type="stmt"/>
        <line num="23" count="2" type="stmt"/>
        <line num="26" count="3" type="stmt"/>
      </file>
    </package>
    <package name="ve-pagination">
      <metrics statements="2" coveredstatements="2" conditionals="0" coveredconditionals="0" methods="1" coveredmethods="1"/>
      <file name="index.js" path="E:\work\github-pro\vue-easytable\branches\context-menu\packages\ve-pagination\index.js">
        <metrics statements="2" coveredstatements="2" conditionals="0" coveredconditionals="0" methods="1" coveredmethods="1"/>
        <line num="3" count="34" type="stmt"/>
        <line num="4" count="34" type="stmt"/>
      </file>
    </package>
    <package name="ve-pagination.src">
      <metrics statements="94" coveredstatements="79" conditionals="74" coveredconditionals="50" methods="38" coveredmethods="33"/>
      <file name="index.jsx" path="E:\work\github-pro\vue-easytable\branches\context-menu\packages\ve-pagination\src\index.jsx">
        <metrics statements="58" coveredstatements="51" conditionals="40" coveredconditionals="23" methods="26" coveredmethods="23"/>
        <line num="9" count="34" type="stmt"/>
        <line num="17" count="34" type="stmt"/>
        <line num="27" count="31" type="stmt"/>
        <line num="50" count="32" type="stmt"/>
        <line num="71" count="35" type="stmt"/>
        <line num="83" count="1" type="cond" truecount="3" falsecount="1"/>
        <line num="84" count="2" type="stmt"/>
        <line num="85" count="1" type="cond" truecount="1" falsecount="1"/>
        <line num="86" count="1" type="stmt"/>
        <line num="96" count="1" type="cond" truecount="1" falsecount="1"/>
        <line num="98" count="1" type="stmt"/>
        <line num="99" count="1" type="stmt"/>
        <line num="103" count="46" type="stmt"/>
        <line num="122" count="19" type="stmt"/>
        <line num="154" count="21" type="stmt"/>
        <line num="159" count="24" type="stmt"/>
        <line num="171" count="25" type="stmt"/>
        <line num="174" count="35" type="stmt"/>
        <line num="175" count="105" type="stmt"/>
        <line num="177" count="105" type="stmt"/>
        <line num="178" count="105" type="stmt"/>
        <line num="179" count="105" type="cond" truecount="2" falsecount="0"/>
        <line num="180" count="34" type="stmt"/>
        <line num="183" count="105" type="stmt"/>
        <line num="189" count="1" type="stmt"/>
        <line num="193" count="0" type="stmt"/>
        <line num="199" count="1" type="stmt"/>
        <line num="201" count="1" type="stmt"/>
        <line num="203" count="1" type="cond" truecount="3" falsecount="1"/>
        <line num="204" count="0" type="stmt"/>
        <line num="206" count="1" type="cond" truecount="1" falsecount="1"/>
        <line num="207" count="0" type="stmt"/>
        <line num="208" count="1" type="cond" truecount="1" falsecount="1"/>
        <line num="209" count="0" type="stmt"/>
        <line num="211" count="1" type="stmt"/>
        <line num="214" count="1" type="stmt"/>
        <line num="218" count="4" type="stmt"/>
        <line num="219" count="4" type="stmt"/>
        <line num="224" count="1" type="cond" truecount="1" falsecount="1"/>
        <line num="225" count="1" type="stmt"/>
        <line num="226" count="1" type="stmt"/>
        <line num="232" count="1" type="cond" truecount="1" falsecount="1"/>
        <line num="233" count="1" type="stmt"/>
        <line num="234" count="1" type="stmt"/>
        <line num="240" count="2" type="stmt"/>
        <line num="242" count="1" type="cond" truecount="1" falsecount="1"/>
        <line num="243" count="1" type="stmt"/>
        <line num="244" count="1" type="stmt"/>
        <line num="245" count="1" type="stmt"/>
        <line num="251" count="0" type="stmt"/>
        <line num="259" count="0" type="cond" truecount="0" falsecount="2"/>
        <line num="260" count="0" type="stmt"/>
        <line num="265" count="32" type="stmt"/>
        <line num="267" count="32" type="stmt"/>
        <line num="286" count="32" type="cond" truecount="2" falsecount="0"/>
        <line num="288" count="32" type="stmt"/>
        <line num="289" count="189" type="stmt"/>
        <line num="292" count="32" type="stmt"/>
      </file>
      <file name="pager.jsx" path="E:\work\github-pro\vue-easytable\branches\context-menu\packages\ve-pagination\src\pager.jsx">
        <metrics statements="36" coveredstatements="28" conditionals="34" coveredconditionals="27" methods="12" coveredmethods="10"/>
        <line num="6" count="34" type="stmt"/>
        <line num="25" count="7" type="stmt"/>
        <line num="29" count="29" type="cond" truecount="1" falsecount="1"/>
        <line num="30" count="29" type="cond" truecount="2" falsecount="0"/>
        <line num="31" count="8" type="stmt"/>
        <line num="34" count="21" type="stmt"/>
        <line num="38" count="29" type="cond" truecount="1" falsecount="1"/>
        <line num="40" count="29" type="cond" truecount="1" falsecount="1"/>
        <line num="41" count="29" type="stmt"/>
        <line num="44" count="0" type="stmt"/>
        <line num="50" count="29" type="stmt"/>
        <line num="51" count="29" type="stmt"/>
        <line num="52" count="29" type="stmt"/>
        <line num="54" count="29" type="cond" truecount="3" falsecount="1"/>
        <line num="55" count="0" type="stmt"/>
        <line num="56" count="0" type="stmt"/>
        <line num="57" count="0" type="stmt"/>
        <line num="59" count="29" type="cond" truecount="4" falsecount="0"/>
        <line num="60" count="21" type="stmt"/>
        <line num="61" count="105" type="stmt"/>
        <line num="63" count="8" type="cond" truecount="3" falsecount="1"/>
        <line num="64" count="8" type="stmt"/>
        <line num="65" count="8" type="stmt"/>
        <line num="69" count="42" type="stmt"/>
        <line num="72" count="0" type="stmt"/>
        <line num="73" count="0" type="stmt"/>
        <line num="77" count="29" type="stmt"/>
        <line num="82" count="3" type="stmt"/>
        <line num="94" count="37" type="stmt"/>
        <line num="96" count="37" type="stmt"/>
        <line num="103" count="0" type="stmt"/>
        <line num="116" count="1" type="stmt"/>
        <line num="124" count="187" type="stmt"/>
        <line num="133" count="1" type="stmt"/>
        <line num="144" count="1" type="stmt"/>
        <line num="158" count="0" type="stmt"/>
      </file>
    </package>
    <package name="ve-radio">
      <metrics statements="2" coveredstatements="2" conditionals="0" coveredconditionals="0" methods="1" coveredmethods="1"/>
      <file name="index.js" path="E:\work\github-pro\vue-easytable\branches\context-menu\packages\ve-radio\index.js">
        <metrics statements="2" coveredstatements="2" conditionals="0" coveredconditionals="0" methods="1" coveredmethods="1"/>
        <line num="3" count="34" type="stmt"/>
        <line num="4" count="34" type="stmt"/>
      </file>
    </package>
    <package name="ve-radio.src">
      <metrics statements="18" coveredstatements="14" conditionals="10" coveredconditionals="7" methods="10" coveredmethods="8"/>
      <file name="index.jsx" path="E:\work\github-pro\vue-easytable\branches\context-menu\packages\ve-radio\src\index.jsx">
        <metrics statements="18" coveredstatements="14" conditionals="10" coveredconditionals="7" methods="10" coveredmethods="8"/>
        <line num="30" count="74" type="stmt"/>
        <line num="38" count="87" type="stmt"/>
        <line num="49" count="87" type="cond" truecount="2" falsecount="0"/>
        <line num="55" count="0" type="stmt"/>
        <line num="62" count="2" type="cond" truecount="1" falsecount="1"/>
        <line num="63" count="0" type="stmt"/>
        <line num="65" count="2" type="stmt"/>
        <line num="67" count="2" type="cond" truecount="2" falsecount="0"/>
        <line num="68" count="1" type="stmt"/>
        <line num="70" count="2" type="stmt"/>
        <line num="75" count="100" type="stmt"/>
        <line num="77" count="100" type="cond" truecount="2" falsecount="0"/>
        <line num="81" count="74" type="stmt"/>
        <line num="86" count="0" type="cond" truecount="0" falsecount="2"/>
        <line num="87" count="0" type="stmt"/>
        <line num="93" count="74" type="stmt"/>
        <line num="102" count="100" type="stmt"/>
        <line num="104" count="100" type="stmt"/>
      </file>
    </package>
    <package name="ve-select">
      <metrics statements="2" coveredstatements="2" conditionals="0" coveredconditionals="0" methods="1" coveredmethods="1"/>
      <file name="index.js" path="E:\work\github-pro\vue-easytable\branches\context-menu\packages\ve-select\index.js">
        <metrics statements="2" coveredstatements="2" conditionals="0" coveredconditionals="0" methods="1" coveredmethods="1"/>
        <line num="3" count="34" type="stmt"/>
        <line num="4" count="34" type="stmt"/>
      </file>
    </package>
    <package name="ve-select.src">
      <metrics statements="27" coveredstatements="26" conditionals="8" coveredconditionals="7" methods="14" coveredmethods="13"/>
      <file name="index.jsx" path="E:\work\github-pro\vue-easytable\branches\context-menu\packages\ve-select\src\index.jsx">
        <metrics statements="27" coveredstatements="26" conditionals="8" coveredconditionals="7" methods="14" coveredmethods="13"/>
        <line num="38" count="42" type="stmt"/>
        <line num="55" count="31" type="stmt"/>
        <line num="68" count="31" type="stmt"/>
        <line num="76" count="11" type="stmt"/>
        <line num="82" count="42" type="stmt"/>
        <line num="89" count="41" type="stmt"/>
        <line num="90" count="41" type="cond" truecount="4" falsecount="0"/>
        <line num="91" count="40" type="stmt"/>
        <line num="93" count="1" type="stmt"/>
        <line num="96" count="41" type="stmt"/>
        <line num="101" count="41" type="stmt"/>
        <line num="102" count="123" type="stmt"/>
        <line num="104" count="40" type="cond" truecount="1" falsecount="1"/>
        <line num="105" count="40" type="stmt"/>
        <line num="113" count="2" type="stmt"/>
        <line num="114" count="2" type="stmt"/>
        <line num="119" count="31" type="stmt"/>
        <line num="122" count="43" type="stmt"/>
        <line num="124" count="43" type="stmt"/>
        <line num="144" count="2" type="stmt"/>
        <line num="145" count="2" type="stmt"/>
        <line num="149" count="0" type="stmt"/>
        <line num="154" count="43" type="stmt"/>
        <line num="155" count="43" type="cond" truecount="2" falsecount="0"/>
        <line num="156" count="2" type="stmt"/>
        <line num="165" count="41" type="stmt"/>
        <line num="172" count="43" type="stmt"/>
      </file>
    </package>
    <package name="ve-table">
      <metrics statements="2" coveredstatements="2" conditionals="0" coveredconditionals="0" methods="1" coveredmethods="1"/>
      <file name="index.js" path="E:\work\github-pro\vue-easytable\branches\context-menu\packages\ve-table\index.js">
        <metrics statements="2" coveredstatements="2" conditionals="0" coveredconditionals="0" methods="1" coveredmethods="1"/>
        <line num="3" count="34" type="stmt"/>
        <line num="4" count="34" type="stmt"/>
      </file>
    </package>
    <package name="ve-table.src">
      <metrics statements="557" coveredstatements="461" conditionals="299" coveredconditionals="208" methods="129" coveredmethods="112"/>
      <file name="index.jsx" path="E:\work\github-pro\vue-easytable\branches\context-menu\packages\ve-table\src\index.jsx">
        <metrics statements="557" coveredstatements="461" conditionals="299" coveredconditionals="208" methods="129" coveredmethods="112"/>
        <line num="58" count="128" type="stmt"/>
        <line num="109" count="134" type="stmt"/>
        <line num="116" count="138" type="stmt"/>
        <line num="123" count="138" type="stmt"/>
        <line num="130" count="136" type="stmt"/>
        <line num="151" count="135" type="stmt"/>
        <line num="158" count="129" type="stmt"/>
        <line num="165" count="129" type="stmt"/>
        <line num="172" count="133" type="stmt"/>
        <line num="179" count="129" type="stmt"/>
        <line num="186" count="112" type="stmt"/>
        <line num="193" count="136" type="stmt"/>
        <line num="198" count="140" type="stmt"/>
        <line num="320" count="151" type="cond" truecount="2" falsecount="0"/>
        <line num="326" count="140" type="stmt"/>
        <line num="328" count="140" type="stmt"/>
        <line num="330" count="140" type="cond" truecount="2" falsecount="0"/>
        <line num="331" count="118" type="stmt"/>
        <line num="332" count="11523" type="stmt"/>
        <line num="336" count="140" type="stmt"/>
        <line num="340" count="10" type="stmt"/>
        <line num="348" count="10" type="stmt"/>
        <line num="350" count="10" type="cond" truecount="3" falsecount="1"/>
        <line num="351" count="10" type="cond" truecount="2" falsecount="0"/>
        <line num="355" count="10" type="cond" truecount="1" falsecount="1"/>
        <line num="356" count="10" type="stmt"/>
        <line num="357" count="0" type="cond" truecount="0" falsecount="2"/>
        <line num="359" count="0" type="stmt"/>
        <line num="362" count="10" type="stmt"/>
        <line num="366" count="141" type="stmt"/>
        <line num="368" count="141" type="stmt"/>
        <line num="369" count="141" type="cond" truecount="2" falsecount="0"/>
        <line num="370" count="11" type="cond" truecount="1" falsecount="1"/>
        <line num="371" count="11" type="stmt"/>
        <line num="373" count="0" type="stmt"/>
        <line num="382" count="130" type="stmt"/>
        <line num="384" count="130" type="stmt"/>
        <line num="390" count="130" type="cond" truecount="1" falsecount="1"/>
        <line num="391" count="0" type="stmt"/>
        <line num="394" count="130" type="stmt"/>
        <line num="397" count="141" type="stmt"/>
        <line num="405" count="140" type="stmt"/>
        <line num="411" count="140" type="stmt"/>
        <line num="418" count="269" type="stmt"/>
        <line num="420" count="269" type="stmt"/>
        <line num="430" count="140" type="stmt"/>
        <line num="432" count="140" type="stmt"/>
        <line num="434" count="140" type="stmt"/>
        <line num="435" count="140" type="stmt"/>
        <line num="436" count="140" type="stmt"/>
        <line num="438" count="140" type="cond" truecount="2" falsecount="0"/>
        <line num="439" count="4" type="stmt"/>
        <line num="440" count="4" type="stmt"/>
        <line num="441" count="4" type="stmt"/>
        <line num="444" count="140" type="stmt"/>
        <line num="450" count="140" type="stmt"/>
        <line num="454" count="141" type="stmt"/>
        <line num="455" count="141" type="cond" truecount="2" falsecount="0"/>
        <line num="459" count="152" type="stmt"/>
        <line num="460" count="545" type="cond" truecount="2" falsecount="0"/>
        <line num="465" count="542" type="stmt"/>
        <line num="469" count="653" type="stmt"/>
        <line num="473" count="267" type="stmt"/>
        <line num="475" count="267" type="stmt"/>
        <line num="482" count="576" type="stmt"/>
        <line num="489" count="140" type="stmt"/>
        <line num="491" count="140" type="cond" truecount="1" falsecount="1"/>
        <line num="492" count="0" type="stmt"/>
        <line num="499" count="145" type="stmt"/>
        <line num="500" count="145" type="stmt"/>
        <line num="503" count="145" type="cond" truecount="4" falsecount="0"/>
        <line num="504" count="5" type="stmt"/>
        <line num="506" count="5" type="stmt"/>
        <line num="513" count="7" type="stmt"/>
        <line num="515" count="7" type="stmt"/>
        <line num="517" count="7" type="stmt"/>
        <line num="524" count="147" type="cond" truecount="1" falsecount="1"/>
        <line num="525" count="147" type="stmt"/>
        <line num="533" count="140" type="cond" truecount="2" falsecount="0"/>
        <line num="534" count="12" type="stmt"/>
        <line num="544" count="147" type="stmt"/>
        <line num="546" count="147" type="cond" truecount="1" falsecount="1"/>
        <line num="547" count="147" type="stmt"/>
        <line num="548" count="167" type="stmt"/>
        <line num="555" count="12" type="stmt"/>
        <line num="557" count="12" type="cond" truecount="1" falsecount="1"/>
        <line num="558" count="12" type="stmt"/>
        <line num="559" count="24" type="stmt"/>
        <line num="566" count="0" type="stmt"/>
        <line num="571" count="0" type="stmt"/>
        <line num="576" count="0" type="stmt"/>
        <line num="578" count="0" type="stmt"/>
        <line num="579" count="0" type="stmt"/>
        <line num="585" count="145" type="stmt"/>
        <line num="586" count="145" type="cond" truecount="2" falsecount="0"/>
        <line num="587" count="4" type="stmt"/>
        <line num="589" count="4" type="cond" truecount="1" falsecount="1"/>
        <line num="590" count="4" type="stmt"/>
        <line num="594" count="145" type="stmt"/>
        <line num="599" count="147" type="stmt"/>
        <line num="601" count="147" type="stmt"/>
        <line num="603" count="147" type="cond" truecount="2" falsecount="0"/>
        <line num="605" count="6" type="stmt"/>
        <line num="606" count="12" type="stmt"/>
        <line num="613" count="147" type="stmt"/>
        <line num="618" count="152" type="stmt"/>
        <line num="621" count="152" type="stmt"/>
        <line num="623" count="152" type="stmt"/>
        <line num="625" count="152" type="stmt"/>
        <line num="630" count="392" type="stmt"/>
        <line num="632" count="392" type="stmt"/>
        <line num="634" count="392" type="cond" truecount="1" falsecount="1"/>
        <line num="635" count="0" type="stmt"/>
        <line num="637" count="392" type="stmt"/>
        <line num="638" count="392" type="stmt"/>
        <line num="641" count="392" type="stmt"/>
        <line num="650" count="2" type="stmt"/>
        <line num="666" count="15" type="stmt"/>
        <line num="678" count="60" type="stmt"/>
        <line num="679" count="60" type="stmt"/>
        <line num="684" count="33" type="stmt"/>
        <line num="685" count="33" type="stmt"/>
        <line num="695" count="395" type="stmt"/>
        <line num="697" count="395" type="stmt"/>
        <line num="699" count="395" type="stmt"/>
        <line num="701" count="1097" type="stmt"/>
        <line num="703" count="395" type="cond" truecount="4" falsecount="0"/>
        <line num="704" count="318" type="cond" truecount="9" falsecount="2"/>
        <line num="706" count="36" type="stmt"/>
        <line num="707" count="36" type="cond" truecount="2" falsecount="0"/>
        <line num="708" count="32" type="stmt"/>
        <line num="712" count="32" type="stmt"/>
        <line num="713" count="32" type="stmt"/>
        <line num="716" count="36" type="stmt"/>
        <line num="720" count="54" type="cond" truecount="2" falsecount="0"/>
        <line num="721" count="28" type="stmt"/>
        <line num="723" count="26" type="stmt"/>
        <line num="726" count="54" type="stmt"/>
        <line num="730" count="54" type="stmt"/>
        <line num="731" count="54" type="stmt"/>
        <line num="732" count="54" type="stmt"/>
        <line num="735" count="23" type="stmt"/>
        <line num="737" count="23" type="cond" truecount="2" falsecount="0"/>
        <line num="738" count="20" type="stmt"/>
        <line num="742" count="20" type="stmt"/>
        <line num="743" count="20" type="stmt"/>
        <line num="745" count="23" type="stmt"/>
        <line num="748" count="20" type="stmt"/>
        <line num="750" count="20" type="cond" truecount="2" falsecount="0"/>
        <line num="751" count="16" type="stmt"/>
        <line num="755" count="16" type="stmt"/>
        <line num="756" count="16" type="stmt"/>
        <line num="758" count="20" type="stmt"/>
        <line num="761" count="28" type="stmt"/>
        <line num="763" count="28" type="cond" truecount="2" falsecount="0"/>
        <line num="764" count="25" type="stmt"/>
        <line num="768" count="25" type="stmt"/>
        <line num="769" count="25" type="stmt"/>
        <line num="771" count="28" type="stmt"/>
        <line num="776" count="68" type="cond" truecount="2" falsecount="0"/>
        <line num="778" count="22" type="stmt"/>
        <line num="780" count="22" type="stmt"/>
        <line num="783" count="46" type="cond" truecount="2" falsecount="0"/>
        <line num="784" count="6" type="stmt"/>
        <line num="785" count="6" type="stmt"/>
        <line num="788" count="40" type="cond" truecount="2" falsecount="0"/>
        <line num="789" count="18" type="stmt"/>
        <line num="793" count="22" type="stmt"/>
        <line num="794" count="22" type="stmt"/>
        <line num="797" count="68" type="cond" truecount="2" falsecount="0"/>
        <line num="798" count="28" type="stmt"/>
        <line num="802" count="68" type="stmt"/>
        <line num="803" count="68" type="stmt"/>
        <line num="806" count="0" type="cond" truecount="0" falsecount="2"/>
        <line num="808" count="0" type="stmt"/>
        <line num="813" count="0" type="stmt"/>
        <line num="816" count="0" type="stmt"/>
        <line num="819" count="0" type="cond" truecount="0" falsecount="2"/>
        <line num="821" count="0" type="stmt"/>
        <line num="826" count="0" type="stmt"/>
        <line num="829" count="0" type="stmt"/>
        <line num="832" count="16" type="cond" truecount="2" falsecount="0"/>
        <line num="834" count="15" type="stmt"/>
        <line num="835" count="15" type="stmt"/>
        <line num="838" count="16" type="stmt"/>
        <line num="841" count="21" type="cond" truecount="1" falsecount="1"/>
        <line num="842" count="21" type="cond" truecount="1" falsecount="1"/>
        <line num="844" count="21" type="stmt"/>
        <line num="845" count="21" type="stmt"/>
        <line num="850" count="21" type="stmt"/>
        <line num="853" count="21" type="stmt"/>
        <line num="857" count="52" type="cond" truecount="1" falsecount="1"/>
        <line num="858" count="52" type="stmt"/>
        <line num="864" count="52" type="stmt"/>
        <line num="872" count="175" type="stmt"/>
        <line num="874" count="175" type="stmt"/>
        <line num="876" count="478" type="stmt"/>
        <line num="877" count="175" type="stmt"/>
        <line num="879" count="175" type="cond" truecount="2" falsecount="0"/>
        <line num="880" count="60" type="cond" truecount="2" falsecount="0"/>
        <line num="881" count="58" type="stmt"/>
        <line num="882" count="58" type="stmt"/>
        <line num="883" count="58" type="stmt"/>
        <line num="885" count="115" type="cond" truecount="2" falsecount="0"/>
        <line num="886" count="46" type="cond" truecount="2" falsecount="0"/>
        <line num="887" count="43" type="stmt"/>
        <line num="888" count="43" type="stmt"/>
        <line num="889" count="43" type="stmt"/>
        <line num="891" count="69" type="cond" truecount="2" falsecount="0"/>
        <line num="892" count="22" type="cond" truecount="2" falsecount="0"/>
        <line num="893" count="10" type="stmt"/>
        <line num="894" count="10" type="stmt"/>
        <line num="896" count="47" type="cond" truecount="1" falsecount="1"/>
        <line num="897" count="47" type="cond" truecount="1" falsecount="1"/>
        <line num="898" count="47" type="stmt"/>
        <line num="899" count="47" type="stmt"/>
        <line num="910" count="159" type="stmt"/>
        <line num="912" count="159" type="cond" truecount="1" falsecount="1"/>
        <line num="913" count="159" type="stmt"/>
        <line num="916" count="0" type="stmt"/>
        <line num="918" count="0" type="stmt"/>
        <line num="920" count="0" type="cond" truecount="0" falsecount="2"/>
        <line num="921" count="0" type="stmt"/>
        <line num="927" count="0" type="stmt"/>
        <line num="933" count="0" type="cond" truecount="0" falsecount="2"/>
        <line num="934" count="0" type="stmt"/>
        <line num="935" count="0" type="cond" truecount="0" falsecount="2"/>
        <line num="936" count="0" type="stmt"/>
        <line num="940" count="0" type="stmt"/>
        <line num="941" count="0" type="cond" truecount="0" falsecount="2"/>
        <line num="942" count="0" type="stmt"/>
        <line num="943" count="0" type="cond" truecount="0" falsecount="2"/>
        <line num="944" count="0" type="stmt"/>
        <line num="957" count="57" type="stmt"/>
        <line num="959" count="57" type="stmt"/>
        <line num="964" count="57" type="stmt"/>
        <line num="966" count="57" type="stmt"/>
        <line num="970" count="57" type="cond" truecount="1" falsecount="1"/>
        <line num="972" count="57" type="stmt"/>
        <line num="975" count="57" type="cond" truecount="2" falsecount="0"/>
        <line num="976" count="10" type="stmt"/>
        <line num="978" count="10" type="stmt"/>
        <line num="983" count="10" type="stmt"/>
        <line num="984" count="10" type="cond" truecount="1" falsecount="1"/>
        <line num="986" count="0" type="stmt"/>
        <line num="988" count="0" type="stmt"/>
        <line num="993" count="10" type="stmt"/>
        <line num="999" count="10" type="cond" truecount="1" falsecount="1"/>
        <line num="1000" count="0" type="stmt"/>
        <line num="1004" count="47" type="cond" truecount="1" falsecount="1"/>
        <line num="1005" count="47" type="stmt"/>
        <line num="1007" count="0" type="stmt"/>
        <line num="1012" count="47" type="stmt"/>
        <line num="1013" count="47" type="cond" truecount="1" falsecount="1"/>
        <line num="1015" count="0" type="stmt"/>
        <line num="1017" count="0" type="stmt"/>
        <line num="1024" count="47" type="stmt"/>
        <line num="1031" count="47" type="cond" truecount="1" falsecount="1"/>
        <line num="1032" count="47" type="stmt"/>
        <line num="1036" count="57" type="stmt"/>
        <line num="1042" count="10" type="stmt"/>
        <line num="1044" count="10" type="stmt"/>
        <line num="1045" count="10" type="stmt"/>
        <line num="1047" count="10" type="stmt"/>
        <line num="1048" count="10" type="stmt"/>
        <line num="1050" count="10" type="stmt"/>
        <line num="1051" count="10" type="stmt"/>
        <line num="1053" count="10" type="stmt"/>
        <line num="1058" count="31" type="stmt"/>
        <line num="1059" count="31" type="stmt"/>
        <line num="1061" count="31" type="stmt"/>
        <line num="1063" count="31" type="cond" truecount="1" falsecount="1"/>
        <line num="1064" count="31" type="stmt"/>
        <line num="1069" count="31" type="stmt"/>
        <line num="1074" count="21" type="stmt"/>
        <line num="1080" count="21" type="stmt"/>
        <line num="1082" count="21" type="stmt"/>
        <line num="1084" count="21" type="cond" truecount="1" falsecount="1"/>
        <line num="1085" count="21" type="stmt"/>
        <line num="1091" count="21" type="stmt"/>
        <line num="1096" count="392" type="stmt"/>
        <line num="1104" count="392" type="stmt"/>
        <line num="1106" count="392" type="cond" truecount="5" falsecount="0"/>
        <line num="1107" count="21" type="stmt"/>
        <line num="1116" count="0" type="stmt"/>
        <line num="1121" count="21" type="stmt"/>
        <line num="1134" count="392" type="stmt"/>
        <line num="1139" count="140" type="cond" truecount="2" falsecount="0"/>
        <line num="1145" count="10" type="stmt"/>
        <line num="1147" count="10" type="cond" truecount="2" falsecount="0"/>
        <line num="1151" count="10000" type="stmt"/>
        <line num="1163" count="0" type="stmt"/>
        <line num="1164" count="0" type="stmt"/>
        <line num="1167" count="0" type="stmt"/>
        <line num="1168" count="0" type="stmt"/>
        <line num="1170" count="0" type="cond" truecount="0" falsecount="2"/>
        <line num="1171" count="0" type="stmt"/>
        <line num="1173" count="0" type="stmt"/>
        <line num="1174" count="0" type="stmt"/>
        <line num="1175" count="0" type="stmt"/>
        <line num="1179" count="0" type="stmt"/>
        <line num="1181" count="0" type="stmt"/>
        <line num="1186" count="0" type="stmt"/>
        <line num="1189" count="0" type="stmt"/>
        <line num="1194" count="10" type="stmt"/>
        <line num="1195" count="10" type="cond" truecount="1" falsecount="1"/>
        <line num="1196" count="10" type="stmt"/>
        <line num="1202" count="10" type="stmt"/>
        <line num="1207" count="10" type="stmt"/>
        <line num="1209" count="10" type="stmt"/>
        <line num="1211" count="10" type="stmt"/>
        <line num="1213" count="10" type="cond" truecount="1" falsecount="1"/>
        <line num="1215" count="0" type="stmt"/>
        <line num="1219" count="0" type="stmt"/>
        <line num="1224" count="10" type="stmt"/>
        <line num="1225" count="9" type="stmt"/>
        <line num="1226" count="9" type="cond" truecount="1" falsecount="1"/>
        <line num="1227" count="9" type="stmt"/>
        <line num="1233" count="10" type="stmt"/>
        <line num="1240" count="10" type="stmt"/>
        <line num="1241" count="10" type="stmt"/>
        <line num="1242" count="10" type="stmt"/>
        <line num="1244" count="10" type="stmt"/>
        <line num="1245" count="10000" type="stmt"/>
        <line num="1246" count="10000" type="stmt"/>
        <line num="1247" count="10000" type="cond" truecount="1" falsecount="1"/>
        <line num="1248" count="0" type="stmt"/>
        <line num="1249" count="10000" type="cond" truecount="1" falsecount="1"/>
        <line num="1250" count="0" type="stmt"/>
        <line num="1251" count="10000" type="cond" truecount="1" falsecount="1"/>
        <line num="1252" count="10000" type="cond" truecount="4" falsecount="0"/>
        <line num="1253" count="5000" type="stmt"/>
        <line num="1255" count="10000" type="stmt"/>
        <line num="1258" count="10" type="stmt"/>
        <line num="1265" count="10" type="stmt"/>
        <line num="1268" count="10" type="stmt"/>
        <line num="1271" count="10" type="stmt"/>
        <line num="1272" count="10" type="stmt"/>
        <line num="1275" count="10" type="stmt"/>
        <line num="1276" count="10" type="stmt"/>
        <line num="1278" count="10" type="stmt"/>
        <line num="1279" count="10" type="stmt"/>
        <line num="1282" count="10" type="stmt"/>
        <line num="1284" count="10" type="cond" truecount="1" falsecount="1"/>
        <line num="1285" count="10" type="stmt"/>
        <line num="1287" count="10" type="cond" truecount="1" falsecount="1"/>
        <line num="1288" count="10" type="stmt"/>
        <line num="1297" count="10" type="stmt"/>
        <line num="1298" count="10" type="cond" truecount="2" falsecount="0"/>
        <line num="1299" count="1" type="stmt"/>
        <line num="1300" count="1" type="stmt"/>
        <line num="1302" count="1" type="stmt"/>
        <line num="1304" count="1" type="stmt"/>
        <line num="1313" count="10" type="stmt"/>
        <line num="1317" count="0" type="stmt"/>
        <line num="1319" count="0" type="stmt"/>
        <line num="1321" count="0" type="cond" truecount="0" falsecount="2"/>
        <line num="1322" count="0" type="stmt"/>
        <line num="1325" count="0" type="stmt"/>
        <line num="1332" count="0" type="stmt"/>
        <line num="1333" count="0" type="stmt"/>
        <line num="1337" count="11" type="cond" truecount="2" falsecount="0"/>
        <line num="1338" count="10" type="stmt"/>
        <line num="1340" count="10" type="stmt"/>
        <line num="1341" count="10" type="stmt"/>
        <line num="1344" count="10" type="stmt"/>
        <line num="1345" count="10" type="stmt"/>
        <line num="1346" count="10" type="stmt"/>
        <line num="1352" count="163" type="cond" truecount="2" falsecount="0"/>
        <line num="1354" count="29" type="stmt"/>
        <line num="1357" count="29" type="stmt"/>
        <line num="1360" count="29" type="cond" truecount="1" falsecount="1"/>
        <line num="1364" count="29" type="stmt"/>
        <line num="1366" count="29" type="stmt"/>
        <line num="1367" count="29" type="stmt"/>
        <line num="1370" count="29" type="stmt"/>
        <line num="1371" count="29" type="stmt"/>
        <line num="1377" count="11" type="stmt"/>
        <line num="1378" count="11" type="cond" truecount="1" falsecount="1"/>
        <line num="1380" count="11" type="stmt"/>
        <line num="1382" count="11" type="cond" truecount="2" falsecount="2"/>
        <line num="1383" count="0" type="stmt"/>
        <line num="1387" count="11" type="cond" truecount="2" falsecount="2"/>
        <line num="1388" count="0" type="stmt"/>
        <line num="1396" count="163" type="stmt"/>
        <line num="1401" count="70" type="stmt"/>
        <line num="1403" count="70" type="stmt"/>
        <line num="1405" count="70" type="cond" truecount="4" falsecount="0"/>
        <line num="1407" count="33" type="stmt"/>
        <line num="1411" count="70" type="stmt"/>
        <line num="1421" count="15" type="stmt"/>
        <line num="1423" count="15" type="stmt"/>
        <line num="1425" count="15" type="cond" truecount="3" falsecount="1"/>
        <line num="1426" count="0" type="stmt"/>
        <line num="1429" count="15" type="cond" truecount="1" falsecount="1"/>
        <line num="1430" count="0" type="stmt"/>
        <line num="1433" count="26" type="stmt"/>
        <line num="1435" count="15" type="cond" truecount="1" falsecount="1"/>
        <line num="1436" count="0" type="stmt"/>
        <line num="1439" count="15" type="stmt"/>
        <line num="1441" count="15" type="stmt"/>
        <line num="1442" count="45" type="stmt"/>
        <line num="1445" count="15" type="cond" truecount="1" falsecount="1"/>
        <line num="1446" count="15" type="stmt"/>
        <line num="1447" count="15" type="cond" truecount="2" falsecount="0"/>
        <line num="1463" count="63" type="stmt"/>
        <line num="1465" count="63" type="stmt"/>
        <line num="1467" count="63" type="cond" truecount="1" falsecount="1"/>
        <line num="1468" count="63" type="stmt"/>
        <line num="1470" count="63" type="stmt"/>
        <line num="1471" count="147" type="stmt"/>
        <line num="1474" count="63" type="cond" truecount="1" falsecount="1"/>
        <line num="1475" count="63" type="stmt"/>
        <line num="1476" count="125" type="stmt"/>
        <line num="1479" count="63" type="stmt"/>
        <line num="1481" count="63" type="cond" truecount="2" falsecount="0"/>
        <line num="1488" count="63" type="stmt"/>
        <line num="1492" count="63" type="stmt"/>
        <line num="1498" count="61" type="stmt"/>
        <line num="1500" count="61" type="stmt"/>
        <line num="1503" count="61" type="cond" truecount="2" falsecount="0"/>
        <line num="1510" count="60" type="cond" truecount="4" falsecount="0"/>
        <line num="1511" count="58" type="stmt"/>
        <line num="1516" count="58" type="stmt"/>
        <line num="1528" count="1" type="stmt"/>
        <line num="1531" count="1" type="stmt"/>
        <line num="1533" count="1" type="cond" truecount="1" falsecount="1"/>
        <line num="1534" count="0" type="stmt"/>
        <line num="1545" count="60" type="stmt"/>
        <line num="1548" count="60" type="stmt"/>
        <line num="1550" count="60" type="cond" truecount="2" falsecount="0"/>
        <line num="1551" count="37" type="stmt"/>
        <line num="1562" count="18" type="stmt"/>
        <line num="1564" count="18" type="cond" truecount="2" falsecount="0"/>
        <line num="1565" count="17" type="stmt"/>
        <line num="1571" count="37" type="cond" truecount="2" falsecount="0"/>
        <line num="1587" count="54" type="stmt"/>
        <line num="1589" count="54" type="cond" truecount="1" falsecount="1"/>
        <line num="1590" count="0" type="stmt"/>
        <line num="1594" count="54" type="cond" truecount="1" falsecount="1"/>
        <line num="1595" count="0" type="stmt"/>
        <line num="1598" count="54" type="stmt"/>
        <line num="1600" count="54" type="cond" truecount="3" falsecount="1"/>
        <line num="1601" count="0" type="stmt"/>
        <line num="1604" count="54" type="cond" truecount="1" falsecount="1"/>
        <line num="1609" count="0" type="stmt"/>
        <line num="1612" count="54" type="cond" truecount="2" falsecount="0"/>
        <line num="1613" count="12" type="stmt"/>
        <line num="1616" count="54" type="cond" truecount="4" falsecount="0"/>
        <line num="1617" count="15" type="stmt"/>
        <line num="1619" count="15" type="stmt"/>
        <line num="1624" count="39" type="stmt"/>
        <line num="1637" count="64" type="stmt"/>
        <line num="1647" count="38" type="stmt"/>
        <line num="1648" count="38" type="stmt"/>
        <line num="1649" count="38" type="stmt"/>
        <line num="1650" count="38" type="stmt"/>
        <line num="1662" count="63" type="stmt"/>
        <line num="1672" count="1" type="cond" truecount="1" falsecount="1"/>
        <line num="1677" count="1" type="stmt"/>
        <line num="1681" count="1" type="stmt"/>
        <line num="1687" count="1" type="cond" truecount="1" falsecount="1"/>
        <line num="1692" count="1" type="stmt"/>
        <line num="1693" count="2" type="stmt"/>
        <line num="1694" count="2" type="cond" truecount="1" falsecount="1"/>
        <line num="1695" count="2" type="stmt"/>
        <line num="1699" count="1" type="stmt"/>
        <line num="1705" count="1" type="stmt"/>
        <line num="1709" count="2" type="cond" truecount="2" falsecount="0"/>
        <line num="1710" count="1" type="stmt"/>
        <line num="1711" count="1" type="stmt"/>
        <line num="1714" count="1" type="stmt"/>
        <line num="1716" count="1" type="stmt"/>
        <line num="1718" count="1" type="stmt"/>
        <line num="1720" count="1" type="cond" truecount="1" falsecount="1"/>
        <line num="1721" count="0" type="stmt"/>
        <line num="1722" count="0" type="stmt"/>
        <line num="1725" count="0" type="cond" truecount="0" falsecount="2"/>
        <line num="1726" count="0" type="stmt"/>
        <line num="1729" count="1" type="stmt"/>
        <line num="1733" count="1" type="stmt"/>
        <line num="1735" count="1" type="stmt"/>
        <line num="1740" count="1" type="stmt"/>
        <line num="1743" count="1" type="stmt"/>
        <line num="1760" count="90" type="stmt"/>
        <line num="1762" count="90" type="cond" truecount="1" falsecount="1"/>
        <line num="1763" count="0" type="stmt"/>
        <line num="1766" count="90" type="stmt"/>
        <line num="1767" count="204" type="stmt"/>
        <line num="1773" count="90" type="cond" truecount="2" falsecount="0"/>
        <line num="1777" count="10" type="stmt"/>
        <line num="1780" count="191" type="stmt"/>
        <line num="1782" count="80" type="cond" truecount="2" falsecount="0"/>
        <line num="1783" count="16" type="stmt"/>
        <line num="1787" count="64" type="cond" truecount="2" falsecount="0"/>
        <line num="1788" count="28" type="stmt"/>
        <line num="1791" count="64" type="cond" truecount="2" falsecount="0"/>
        <line num="1795" count="2" type="stmt"/>
        <line num="1802" count="64" type="stmt"/>
        <line num="1811" count="297" type="stmt"/>
        <line num="1813" count="297" type="cond" truecount="2" falsecount="0"/>
        <line num="1814" count="80" type="stmt"/>
        <line num="1817" count="217" type="cond" truecount="2" falsecount="0"/>
        <line num="1818" count="63" type="stmt"/>
        <line num="1823" count="57" type="stmt"/>
        <line num="1827" count="140" type="stmt"/>
        <line num="1830" count="140" type="stmt"/>
        <line num="1833" count="140" type="stmt"/>
        <line num="1834" count="2" type="stmt"/>
        <line num="1838" count="140" type="stmt"/>
        <line num="1839" count="15" type="stmt"/>
        <line num="1843" count="140" type="stmt"/>
        <line num="1846" count="0" type="stmt"/>
        <line num="1851" count="140" type="stmt"/>
        <line num="1852" count="0" type="stmt"/>
        <line num="1856" count="140" type="stmt"/>
        <line num="1859" count="0" type="stmt"/>
        <line num="1864" count="140" type="stmt"/>
        <line num="1865" count="60" type="stmt"/>
        <line num="1869" count="140" type="stmt"/>
        <line num="1870" count="1" type="stmt"/>
        <line num="1874" count="140" type="stmt"/>
        <line num="1875" count="18" type="stmt"/>
        <line num="1879" count="140" type="stmt"/>
        <line num="1882" count="140" type="stmt"/>
        <line num="1886" count="0" type="stmt"/>
        <line num="1911" count="392" type="stmt"/>
        <line num="1914" count="392" type="stmt"/>
        <line num="1930" count="19" type="stmt"/>
        <line num="1936" count="392" type="stmt"/>
        <line num="1969" count="392" type="stmt"/>
        <line num="1985" count="2" type="stmt"/>
        <line num="1991" count="392" type="stmt"/>
        <line num="2001" count="11" type="stmt"/>
        <line num="2002" count="11" type="stmt"/>
        <line num="2004" count="11" type="stmt"/>
        <line num="2005" count="11" type="stmt"/>
        <line num="2006" count="11" type="stmt"/>
        <line num="2018" count="392" type="stmt"/>
        <line num="2024" count="0" type="stmt"/>
        <line num="2027" count="0" type="stmt"/>
        <line num="2028" count="0" type="stmt"/>
        <line num="2030" count="0" type="cond" truecount="0" falsecount="2"/>
        <line num="2031" count="0" type="stmt"/>
        <line num="2038" count="0" type="stmt"/>
        <line num="2040" count="0" type="stmt"/>
        <line num="2042" count="0" type="stmt"/>
        <line num="2045" count="0" type="cond" truecount="0" falsecount="2"/>
        <line num="2048" count="0" type="stmt"/>
        <line num="2050" count="0" type="stmt"/>
        <line num="2053" count="0" type="stmt"/>
        <line num="2060" count="392" type="stmt"/>
        <line num="2069" count="0" type="stmt"/>
        <line num="2074" count="392" type="stmt"/>
        <line num="2095" count="1" type="stmt"/>
        <line num="2099" count="38" type="stmt"/>
        <line num="2104" count="392" type="stmt"/>
      </file>
    </package>
    <package name="ve-table.src.body">
      <metrics statements="503" coveredstatements="439" conditionals="269" coveredconditionals="221" methods="166" coveredmethods="125"/>
      <file name="body-checkbox-content.jsx" path="E:\work\github-pro\vue-easytable\branches\context-menu\packages\ve-table\src\body\body-checkbox-content.jsx">
        <metrics statements="27" coveredstatements="24" conditionals="14" coveredconditionals="12" methods="10" coveredmethods="8"/>
        <line num="13" count="0" type="stmt"/>
        <line num="23" count="0" type="stmt"/>
        <line num="28" count="64" type="stmt"/>
        <line num="35" count="69" type="stmt"/>
        <line num="37" count="69" type="stmt"/>
        <line num="39" count="69" type="cond" truecount="1" falsecount="1"/>
        <line num="40" count="0" type="stmt"/>
        <line num="43" count="69" type="stmt"/>
        <line num="45" count="69" type="cond" truecount="2" falsecount="0"/>
        <line num="49" count="6" type="stmt"/>
        <line num="52" count="69" type="stmt"/>
        <line num="57" count="1" type="stmt"/>
        <line num="59" count="1" type="stmt"/>
        <line num="68" count="84" type="stmt"/>
        <line num="76" count="84" type="stmt"/>
        <line num="78" count="84" type="stmt"/>
        <line num="80" count="84" type="cond" truecount="2" falsecount="0"/>
        <line num="84" count="19" type="stmt"/>
        <line num="87" count="84" type="stmt"/>
        <line num="92" count="1" type="stmt"/>
        <line num="95" count="1" type="cond" truecount="1" falsecount="1"/>
        <line num="96" count="1" type="stmt"/>
        <line num="99" count="1" type="stmt"/>
        <line num="110" count="78" type="stmt"/>
        <line num="112" count="78" type="stmt"/>
        <line num="120" count="1" type="stmt"/>
        <line num="124" count="78" type="stmt"/>
      </file>
      <file name="body-radio-content.jsx" path="E:\work\github-pro\vue-easytable\branches\context-menu\packages\ve-table\src\body\body-radio-content.jsx">
        <metrics statements="22" coveredstatements="20" conditionals="10" coveredconditionals="8" methods="9" coveredmethods="8"/>
        <line num="13" count="0" type="stmt"/>
        <line num="26" count="44" type="stmt"/>
        <line num="33" count="49" type="stmt"/>
        <line num="35" count="49" type="stmt"/>
        <line num="37" count="49" type="cond" truecount="1" falsecount="1"/>
        <line num="38" count="0" type="stmt"/>
        <line num="41" count="49" type="stmt"/>
        <line num="43" count="49" type="cond" truecount="2" falsecount="0"/>
        <line num="47" count="2" type="stmt"/>
        <line num="50" count="49" type="stmt"/>
        <line num="55" count="1" type="stmt"/>
        <line num="57" count="1" type="stmt"/>
        <line num="67" count="54" type="stmt"/>
        <line num="75" count="54" type="stmt"/>
        <line num="80" count="1" type="stmt"/>
        <line num="83" count="1" type="cond" truecount="1" falsecount="1"/>
        <line num="84" count="1" type="stmt"/>
        <line num="87" count="1" type="stmt"/>
        <line num="97" count="50" type="stmt"/>
        <line num="99" count="50" type="stmt"/>
        <line num="107" count="1" type="stmt"/>
        <line num="111" count="50" type="stmt"/>
      </file>
      <file name="body-td.jsx" path="E:\work\github-pro\vue-easytable\branches\context-menu\packages\ve-table\src\body\body-td.jsx">
        <metrics statements="119" coveredstatements="109" conditionals="74" coveredconditionals="64" methods="33" coveredmethods="23"/>
        <line num="52" count="0" type="stmt"/>
        <line num="64" count="0" type="stmt"/>
        <line num="75" count="0" type="stmt"/>
        <line num="81" count="0" type="stmt"/>
        <line num="91" count="0" type="stmt"/>
        <line num="102" count="0" type="stmt"/>
        <line num="109" count="0" type="stmt"/>
        <line num="116" count="0" type="stmt"/>
        <line num="123" count="0" type="stmt"/>
        <line num="130" count="0" type="stmt"/>
        <line num="135" count="6042" type="stmt"/>
        <line num="146" count="6260" type="stmt"/>
        <line num="147" count="15457" type="stmt"/>
        <line num="152" count="6040" type="stmt"/>
        <line num="153" count="6040" type="stmt"/>
        <line num="160" count="6346" type="stmt"/>
        <line num="161" count="6346" type="cond" truecount="1" falsecount="1"/>
        <line num="162" count="6346" type="stmt"/>
        <line num="175" count="11368" type="stmt"/>
        <line num="177" count="11368" type="stmt"/>
        <line num="179" count="11368" type="cond" truecount="1" falsecount="1"/>
        <line num="180" count="11368" type="stmt"/>
        <line num="186" count="11368" type="stmt"/>
        <line num="194" count="11368" type="stmt"/>
        <line num="196" count="11368" type="stmt"/>
        <line num="198" count="11368" type="stmt"/>
        <line num="209" count="11368" type="stmt"/>
        <line num="212" count="11368" type="cond" truecount="2" falsecount="0"/>
        <line num="213" count="252" type="stmt"/>
        <line num="214" count="252" type="stmt"/>
        <line num="218" count="11368" type="cond" truecount="2" falsecount="0"/>
        <line num="222" count="20" type="stmt"/>
        <line num="227" count="20" type="cond" truecount="2" falsecount="0"/>
        <line num="228" count="6" type="stmt"/>
        <line num="233" count="11368" type="cond" truecount="1" falsecount="1"/>
        <line num="234" count="11368" type="stmt"/>
        <line num="235" count="11368" type="cond" truecount="4" falsecount="0"/>
        <line num="236" count="256" type="stmt"/>
        <line num="240" count="11368" type="cond" truecount="1" falsecount="1"/>
        <line num="241" count="11368" type="stmt"/>
        <line num="247" count="11368" type="stmt"/>
        <line num="252" count="10" type="stmt"/>
        <line num="254" count="10" type="stmt"/>
        <line num="256" count="10" type="cond" truecount="1" falsecount="1"/>
        <line num="257" count="10" type="stmt"/>
        <line num="259" count="10" type="cond" truecount="2" falsecount="0"/>
        <line num="260" count="10" type="stmt"/>
        <line num="263" count="10" type="stmt"/>
        <line num="268" count="11368" type="stmt"/>
        <line num="270" count="11368" type="stmt"/>
        <line num="273" count="11368" type="cond" truecount="2" falsecount="0"/>
        <line num="274" count="14" type="stmt"/>
        <line num="283" count="14" type="stmt"/>
        <line num="285" count="11354" type="stmt"/>
        <line num="289" count="11368" type="cond" truecount="2" falsecount="0"/>
        <line num="290" count="10" type="stmt"/>
        <line num="293" count="10" type="cond" truecount="1" falsecount="1"/>
        <line num="295" count="10" type="stmt"/>
        <line num="306" count="11368" type="stmt"/>
        <line num="311" count="11368" type="cond" truecount="2" falsecount="0"/>
        <line num="313" count="104" type="stmt"/>
        <line num="323" count="104" type="stmt"/>
        <line num="325" count="11264" type="stmt"/>
        <line num="330" count="11368" type="cond" truecount="2" falsecount="0"/>
        <line num="332" count="64" type="stmt"/>
        <line num="342" count="64" type="stmt"/>
        <line num="344" count="11304" type="stmt"/>
        <line num="349" count="11370" type="stmt"/>
        <line num="350" count="11370" type="stmt"/>
        <line num="351" count="11370" type="stmt"/>
        <line num="353" count="11370" type="cond" truecount="2" falsecount="0"/>
        <line num="354" count="40" type="stmt"/>
        <line num="356" count="40" type="cond" truecount="2" falsecount="0"/>
        <line num="357" count="20" type="stmt"/>
        <line num="363" count="20" type="cond" truecount="2" falsecount="0"/>
        <line num="364" count="4" type="stmt"/>
        <line num="365" count="4" type="stmt"/>
        <line num="370" count="11370" type="stmt"/>
        <line num="374" count="60" type="cond" truecount="2" falsecount="0"/>
        <line num="376" count="60" type="stmt"/>
        <line num="378" count="60" type="stmt"/>
        <line num="383" count="60" type="cond" truecount="2" falsecount="0"/>
        <line num="384" count="53" type="stmt"/>
        <line num="387" count="7" type="cond" truecount="1" falsecount="1"/>
        <line num="388" count="7" type="stmt"/>
        <line num="390" count="7" type="stmt"/>
        <line num="393" count="7" type="cond" truecount="4" falsecount="0"/>
        <line num="394" count="6" type="cond" truecount="1" falsecount="1"/>
        <line num="395" count="6" type="stmt"/>
        <line num="396" count="6" type="stmt"/>
        <line num="400" count="1" type="cond" truecount="1" falsecount="1"/>
        <line num="401" count="1" type="stmt"/>
        <line num="402" count="1" type="stmt"/>
        <line num="408" count="18" type="cond" truecount="2" falsecount="0"/>
        <line num="410" count="18" type="stmt"/>
        <line num="412" count="18" type="stmt"/>
        <line num="423" count="1" type="cond" truecount="2" falsecount="0"/>
        <line num="425" count="1" type="stmt"/>
        <line num="427" count="1" type="stmt"/>
        <line num="438" count="1" type="cond" truecount="2" falsecount="0"/>
        <line num="442" count="1" type="cond" truecount="2" falsecount="0"/>
        <line num="456" count="11370" type="stmt"/>
        <line num="459" count="11370" type="stmt"/>
        <line num="470" count="11370" type="stmt"/>
        <line num="471" count="11370" type="cond" truecount="4" falsecount="0"/>
        <line num="472" count="2" type="stmt"/>
        <line num="476" count="11368" type="stmt"/>
        <line num="477" count="11368" type="cond" truecount="2" falsecount="0"/>
[...]
        <line num="267" count="16" type="stmt"/>
        <line num="273" count="16" type="cond" truecount="2" falsecount="0"/>
        <line num="274" count="4" type="stmt"/>
        <line num="275" count="4" type="stmt"/>
        <line num="280" count="94" type="stmt"/>
        <line num="284" count="1" type="cond" truecount="2" falsecount="0"/>
        <line num="288" count="1" type="cond" truecount="2" falsecount="0"/>
        <line num="292" count="1" type="cond" truecount="2" falsecount="0"/>
        <line num="296" count="1" type="cond" truecount="2" falsecount="0"/>
        <line num="300" count="1" type="cond" truecount="2" falsecount="0"/>
        <line num="304" count="94" type="stmt"/>
        <line num="306" count="94" type="stmt"/>
        <line num="307" count="94" type="cond" truecount="4" falsecount="0"/>
        <line num="308" count="2" type="stmt"/>
        <line num="312" count="92" type="stmt"/>
        <line num="313" count="92" type="cond" truecount="2" falsecount="0"/>
        <line num="314" count="16" type="stmt"/>
        <line num="315" count="16" type="cond" truecount="2" falsecount="0"/>
        <line num="321" count="92" type="stmt"/>
        <line num="323" count="92" type="stmt"/>
        <line num="325" count="1" type="stmt"/>
        <line num="328" count="1" type="stmt"/>
        <line num="331" count="1" type="stmt"/>
        <line num="334" count="1" type="stmt"/>
        <line num="337" count="1" type="stmt"/>
        <line num="342" count="92" type="stmt"/>
        <line num="352" count="92" type="stmt"/>
      </file>
      <file name="footer-tr.jsx" path="E:\work\github-pro\vue-easytable\branches\context-menu\packages\ve-table\src\footer\footer-tr.jsx">
        <metrics statements="34" coveredstatements="29" conditionals="16" coveredconditionals="16" methods="21" coveredmethods="16"/>
        <line num="30" count="0" type="stmt"/>
        <line num="37" count="0" type="stmt"/>
        <line num="44" count="0" type="stmt"/>
        <line num="51" count="24" type="stmt"/>
        <line num="58" count="0" type="stmt"/>
        <line num="70" count="24" type="stmt"/>
        <line num="71" count="24" type="cond" truecount="2" falsecount="0"/>
        <line num="75" count="24" type="stmt"/>
        <line num="77" count="24" type="stmt"/>
        <line num="81" count="24" type="stmt"/>
        <line num="93" count="0" type="stmt"/>
        <line num="104" count="2" type="cond" truecount="2" falsecount="0"/>
        <line num="113" count="2" type="cond" truecount="2" falsecount="0"/>
        <line num="117" count="2" type="cond" truecount="2" falsecount="0"/>
        <line num="121" count="1" type="cond" truecount="2" falsecount="0"/>
        <line num="125" count="1" type="cond" truecount="2" falsecount="0"/>
        <line num="137" count="24" type="stmt"/>
        <line num="140" count="24" type="stmt"/>
        <line num="141" count="24" type="stmt"/>
        <line num="142" count="94" type="stmt"/>
        <line num="158" count="94" type="stmt"/>
        <line num="163" count="24" type="stmt"/>
        <line num="164" count="24" type="cond" truecount="2" falsecount="0"/>
        <line num="165" count="4" type="stmt"/>
        <line num="166" count="4" type="cond" truecount="2" falsecount="0"/>
        <line num="172" count="24" type="stmt"/>
        <line num="174" count="24" type="stmt"/>
        <line num="176" count="2" type="stmt"/>
        <line num="179" count="2" type="stmt"/>
        <line num="182" count="2" type="stmt"/>
        <line num="185" count="1" type="stmt"/>
        <line num="188" count="1" type="stmt"/>
        <line num="192" count="24" type="stmt"/>
        <line num="206" count="24" type="stmt"/>
      </file>
      <file name="index.jsx" path="E:\work\github-pro\vue-easytable\branches\context-menu\packages\ve-table\src\footer\index.jsx">
        <metrics statements="14" coveredstatements="10" conditionals="2" coveredconditionals="2" methods="8" coveredmethods="4"/>
        <line num="31" count="0" type="stmt"/>
        <line num="38" count="0" type="stmt"/>
        <line num="45" count="0" type="stmt"/>
        <line num="57" count="0" type="stmt"/>
        <line num="64" count="140" type="stmt"/>
        <line num="72" count="24" type="stmt"/>
        <line num="74" count="24" type="stmt"/>
        <line num="75" count="24" type="cond" truecount="2" falsecount="0"/>
        <line num="76" count="22" type="stmt"/>
        <line num="78" count="24" type="stmt"/>
        <line num="82" count="147" type="stmt"/>
        <line num="84" count="147" type="stmt"/>
        <line num="87" count="24" type="stmt"/>
        <line num="102" count="24" type="stmt"/>
      </file>
    </package>
    <package name="ve-table.src.header">
      <metrics statements="239" coveredstatements="219" conditionals="128" coveredconditionals="119" methods="90" coveredmethods="70"/>
      <file name="header-checkbox-content.jsx" path="E:\work\github-pro\vue-easytable\branches\context-menu\packages\ve-table\src\header\header-checkbox-content.jsx">
        <metrics statements="12" coveredstatements="11" conditionals="0" coveredconditionals="0" methods="8" coveredmethods="7"/>
        <line num="13" count="0" type="stmt"/>
        <line num="18" count="10" type="stmt"/>
        <line num="28" count="2" type="stmt"/>
        <line num="30" count="2" type="stmt"/>
        <line num="41" count="14" type="stmt"/>
        <line num="42" count="14" type="stmt"/>
        <line num="47" count="10" type="stmt"/>
        <line num="48" count="14" type="stmt"/>
        <line num="52" count="17" type="stmt"/>
        <line num="54" count="17" type="stmt"/>
        <line num="63" count="2" type="stmt"/>
        <line num="67" count="17" type="stmt"/>
      </file>
      <file name="header-filter-content.jsx" path="E:\work\github-pro\vue-easytable\branches\context-menu\packages\ve-table\src\header\header-filter-content.jsx">
        <metrics statements="19" coveredstatements="19" conditionals="12" coveredconditionals="11" methods="7" coveredmethods="7"/>
        <line num="8" count="34" type="stmt"/>
        <line num="19" count="5" type="stmt"/>
        <line num="26" count="9" type="cond" truecount="3" falsecount="1"/>
        <line num="27" count="9" type="stmt"/>
        <line num="41" count="2" type="stmt"/>
        <line num="42" count="2" type="cond" truecount="2" falsecount="0"/>
        <line num="46" count="2" type="stmt"/>
        <line num="47" count="2" type="cond" truecount="2" falsecount="0"/>
        <line num="52" count="5" type="stmt"/>
        <line num="53" count="5" type="cond" truecount="2" falsecount="0"/>
        <line num="54" count="1" type="stmt"/>
        <line num="56" count="4" type="stmt"/>
        <line num="58" count="5" type="stmt"/>
        <line num="62" count="5" type="stmt"/>
        <line num="64" count="5" type="stmt"/>
        <line num="78" count="5" type="stmt"/>
        <line num="83" count="5" type="cond" truecount="2" falsecount="0"/>
        <line num="84" count="2" type="stmt"/>
        <line num="87" count="5" type="stmt"/>
      </file>
      <file name="header-filter-custom-content.jsx" path="E:\work\github-pro\vue-easytable\branches\context-menu\packages\ve-table\src\header\header-filter-custom-content.jsx">
        <metrics statements="19" coveredstatements="18" conditionals="8" coveredconditionals="6" methods="8" coveredmethods="7"/>
        <line num="17" count="2" type="stmt"/>
        <line num="24" count="2" type="cond" truecount="1" falsecount="1"/>
        <line num="28" count="2" type="stmt"/>
        <line num="38" count="1" type="stmt"/>
        <line num="42" count="4" type="stmt"/>
        <line num="44" count="4" type="stmt"/>
        <line num="45" count="4" type="cond" truecount="1" falsecount="1"/>
        <line num="46" count="4" type="stmt"/>
        <line num="50" count="4" type="stmt"/>
        <line num="62" count="4" type="stmt"/>
        <line num="67" count="4" type="stmt"/>
        <line num="68" count="4" type="cond" truecount="2" falsecount="0"/>
        <line num="69" count="1" type="stmt"/>
        <line num="71" count="3" type="stmt"/>
        <line num="73" count="4" type="stmt"/>
        <line num="77" count="1" type="stmt"/>
        <line num="80" count="0" type="stmt"/>
        <line num="84" count="4" type="stmt"/>
        <line num="95" count="4" type="stmt"/>
      </file>
      <file name="header-th.jsx" path="E:\work\github-pro\vue-easytable\branches\context-menu\packages\ve-table\src\header\header-th.jsx">
        <metrics statements="133" coveredstatements="127" conditionals="88" coveredconditionals="82" methods="33" coveredmethods="27"/>
        <line num="32" count="0" type="stmt"/>
        <line num="46" count="0" type="stmt"/>
        <line num="53" count="0" type="stmt"/>
        <line num="60" count="0" type="stmt"/>
        <line num="67" count="0" type="stmt"/>
        <line num="74" count="0" type="stmt"/>
        <line num="81" count="689" type="stmt"/>
        <line num="83" count="689" type="stmt"/>
        <line num="85" count="689" type="stmt"/>
        <line num="87" count="689" type="cond" truecount="2" falsecount="0"/>
        <line num="88" count="26" type="stmt"/>
        <line num="89" count="198" type="stmt"/>
        <line num="91" count="26" type="stmt"/>
        <line num="92" count="32" type="stmt"/>
        <line num="95" count="26" type="cond" truecount="2" falsecount="0"/>
        <line num="96" count="20" type="stmt"/>
        <line num="99" count="689" type="stmt"/>
        <line num="103" count="689" type="stmt"/>
        <line num="105" count="689" type="stmt"/>
        <line num="107" count="689" type="stmt"/>
        <line num="109" count="689" type="cond" truecount="2" falsecount="0"/>
        <line num="110" count="25" type="stmt"/>
        <line num="111" count="176" type="stmt"/>
        <line num="114" count="25" type="cond" truecount="2" falsecount="0"/>
        <line num="115" count="17" type="stmt"/>
        <line num="118" count="689" type="stmt"/>
        <line num="122" count="689" type="stmt"/>
        <line num="124" count="689" type="stmt"/>
        <line num="126" count="689" type="stmt"/>
        <line num="128" count="689" type="stmt"/>
        <line num="130" count="689" type="cond" truecount="1" falsecount="1"/>
        <line num="131" count="689" type="cond" truecount="2" falsecount="0"/>
        <line num="132" count="660" type="cond" truecount="2" falsecount="0"/>
        <line num="133" count="147" type="stmt"/>
        <line num="135" count="29" type="cond" truecount="2" falsecount="0"/>
        <line num="136" count="5" type="stmt"/>
        <line num="140" count="689" type="stmt"/>
        <line num="150" count="699" type="stmt"/>
        <line num="160" count="699" type="stmt"/>
        <line num="162" count="699" type="cond" truecount="2" falsecount="0"/>
        <line num="166" count="4" type="stmt"/>
        <line num="170" count="4" type="cond" truecount="2" falsecount="0"/>
        <line num="171" count="1" type="stmt"/>
        <line num="175" count="699" type="stmt"/>
        <line num="186" count="699" type="stmt"/>
        <line num="188" count="699" type="stmt"/>
        <line num="189" count="699" type="stmt"/>
        <line num="192" count="699" type="cond" truecount="2" falsecount="0"/>
        <line num="195" count="699" type="cond" truecount="2" falsecount="0"/>
        <line num="196" count="51" type="stmt"/>
        <line num="197" count="51" type="stmt"/>
        <line num="198" count="51" type="stmt"/>
        <line num="199" count="51" type="cond" truecount="2" falsecount="0"/>
        <line num="200" count="26" type="stmt"/>
        <line num="201" count="25" type="cond" truecount="1" falsecount="1"/>
        <line num="202" count="25" type="cond" truecount="2" falsecount="0"/>
        <line num="205" count="51" type="cond" truecount="1" falsecount="1"/>
        <line num="207" count="51" type="stmt"/>
        <line num="208" count="205" type="stmt"/>
        <line num="210" count="51" type="cond" truecount="2" falsecount="0"/>
        <line num="215" count="14" type="stmt"/>
        <line num="221" count="14" type="stmt"/>
        <line num="224" count="51" type="cond" truecount="2" falsecount="0"/>
        <line num="225" count="51" type="cond" truecount="2" falsecount="0"/>
        <line num="229" count="699" type="cond" truecount="1" falsecount="1"/>
        <line num="230" count="699" type="stmt"/>
        <line num="231" count="699" type="cond" truecount="2" falsecount="0"/>
        <line num="232" count="54" type="stmt"/>
        <line num="234" count="158" type="cond" truecount="2" falsecount="0"/>
        <line num="241" count="699" type="stmt"/>
        <line num="243" count="699" type="stmt"/>
        <line num="246" count="699" type="stmt"/>
        <line num="251" count="699" type="stmt"/>
        <line num="253" count="699" type="stmt"/>
        <line num="255" count="699" type="cond" truecount="2" falsecount="0"/>
        <line num="256" count="12" type="cond" truecount="2" falsecount="0"/>
        <line num="258" count="11" type="stmt"/>
        <line num="265" count="11" type="stmt"/>
        <line num="268" count="699" type="stmt"/>
        <line num="272" count="4" type="stmt"/>
        <line num="273" count="4" type="stmt"/>
        <line num="274" count="4" type="stmt"/>
        <line num="276" count="4" type="stmt"/>
        <line num="277" count="4" type="stmt"/>
        <line num="279" count="4" type="cond" truecount="2" falsecount="0"/>
        <line num="280" count="2" type="cond" truecount="2" falsecount="0"/>
        <line num="282" count="2" type="stmt"/>
        <line num="286" count="4" type="stmt"/>
        <line num="294" count="699" type="stmt"/>
        <line num="296" count="699" type="stmt"/>
        <line num="297" count="699" type="stmt"/>
        <line num="299" count="699" type="cond" truecount="2" falsecount="0"/>
        <line num="300" count="16" type="stmt"/>
        <line num="302" count="16" type="stmt"/>
        <line num="305" count="4" type="stmt"/>
        <line num="309" count="16" type="stmt"/>
        <line num="331" count="699" type="stmt"/>
        <line num="336" count="699" type="stmt"/>
        <line num="338" count="699" type="stmt"/>
        <line num="340" count="699" type="cond" truecount="2" falsecount="0"/>
        <line num="342" count="5" type="stmt"/>
        <line num="347" count="5" type="stmt"/>
        <line num="349" count="699" type="stmt"/>
        <line num="354" count="699" type="stmt"/>
        <line num="356" count="699" type="stmt"/>
        <line num="358" count="699" type="cond" truecount="2" falsecount="0"/>
        <line num="360" count="2" type="stmt"/>
        <line num="365" count="2" type="stmt"/>
        <line num="367" count="699" type="stmt"/>
        <line num="372" count="18" type="cond" truecount="2" falsecount="0"/>
        <line num="376" count="1" type="cond" truecount="2" falsecount="0"/>
        <line num="380" count="1" type="cond" truecount="2" falsecount="0"/>
        <line num="384" count="1" type="cond" truecount="2" falsecount="0"/>
        <line num="388" count="1" type="cond" truecount="2" falsecount="0"/>
        <line num="398" count="699" type="stmt"/>
        <line num="402" count="699" type="cond" truecount="2" falsecount="0"/>
        <line num="403" count="1" type="stmt"/>
        <line num="405" count="1" type="stmt"/>
        <line num="411" count="1" type="stmt"/>
        <line num="413" count="698" type="stmt"/>
        <line num="417" count="699" type="stmt"/>
        <line num="418" count="699" type="cond" truecount="2" falsecount="0"/>
        <line num="419" count="24" type="stmt"/>
        <line num="420" count="24" type="cond" truecount="2" falsecount="0"/>
        <line num="426" count="699" type="stmt"/>
        <line num="428" count="699" type="stmt"/>
        <line num="430" count="18" type="stmt"/>
        <line num="433" count="1" type="stmt"/>
        <line num="436" count="1" type="stmt"/>
        <line num="439" count="1" type="stmt"/>
        <line num="442" count="1" type="stmt"/>
        <line num="446" count="699" type="stmt"/>
        <line num="456" count="699" type="stmt"/>
      </file>
      <file name="header-tr.jsx" path="E:\work\github-pro\vue-easytable\branches\context-menu\packages\ve-table\src\header\header-tr.jsx">
        <metrics statements="28" coveredstatements="21" conditionals="14" coveredconditionals="14" methods="19" coveredmethods="12"/>
        <line num="22" count="0" type="stmt"/>
        <line num="41" count="0" type="stmt"/>
        <line num="48" count="0" type="stmt"/>
        <line num="55" count="0" type="stmt"/>
        <line num="62" count="0" type="stmt"/>
        <line num="69" count="0" type="stmt"/>
        <line num="76" count="0" type="stmt"/>
        <line num="87" count="19" type="cond" truecount="2" falsecount="0"/>
        <line num="91" count="2" type="cond" truecount="2" falsecount="0"/>
        <line num="95" count="2" type="cond" truecount="2" falsecount="0"/>
        <line num="99" count="1" type="cond" truecount="2" falsecount="0"/>
        <line num="103" count="1" type="cond" truecount="2" falsecount="0"/>
        <line num="119" count="168" type="stmt"/>
        <line num="122" count="168" type="stmt"/>
        <line num="123" count="168" type="cond" truecount="2" falsecount="0"/>
        <line num="124" count="6" type="stmt"/>
        <line num="125" count="6" type="cond" truecount="2" falsecount="0"/>
        <line num="129" count="168" type="stmt"/>
        <line num="131" count="168" type="stmt"/>
        <line num="133" count="19" type="stmt"/>
        <line num="136" count="2" type="stmt"/>
        <line num="139" count="2" type="stmt"/>
        <line num="142" count="1" type="stmt"/>
        <line num="145" count="1" type="stmt"/>
        <line num="149" count="168" type="stmt"/>
        <line num="164" count="168" type="stmt"/>
        <line num="168" count="693" type="stmt"/>
        <line num="185" count="693" type="stmt"/>
      </file>
      <file name="index.jsx" path="E:\work\github-pro\vue-easytable\branches\context-menu\packages\ve-table\src\header\index.jsx">
        <metrics statements="28" coveredstatements="23" conditionals="6" coveredconditionals="6" methods="15" coveredmethods="10"/>
        <line num="26" count="0" type="stmt"/>
        <line num="33" count="0" type="stmt"/>
        <line num="40" count="0" type="stmt"/>
        <line num="47" count="0" type="stmt"/>
        <line num="54" count="0" type="stmt"/>
        <line num="59" count="140" type="stmt"/>
        <line num="70" count="140" type="stmt"/>
        <line num="79" count="147" type="stmt"/>
        <line num="87" count="4" type="stmt"/>
        <line num="88" count="4" type="stmt"/>
        <line num="90" count="4" type="stmt"/>
        <line num="92" count="4" type="cond" truecount="2" falsecount="0"/>
        <line num="93" count="3" type="stmt"/>
        <line num="94" count="6" type="cond" truecount="2" falsecount="0"/>
        <line num="95" count="3" type="stmt"/>
        <line num="101" count="4" type="stmt"/>
        <line num="106" count="147" type="stmt"/>
        <line num="107" count="147" type="stmt"/>
        <line num="108" count="147" type="stmt"/>
        <line num="109" count="660" type="cond" truecount="2" falsecount="0"/>
        <line num="110" count="10" type="stmt"/>
        <line num="113" count="147" type="stmt"/>
        <line num="118" count="140" type="stmt"/>
        <line num="119" count="4" type="stmt"/>
        <line num="133" count="148" type="stmt"/>
        <line num="135" count="148" type="stmt"/>
        <line num="138" count="168" type="stmt"/>
        <line num="154" count="168" type="stmt"/>
      </file>
    </package>
  </project>
</coverage>
