{"E:\\work\\github-pro\\vue-easytable\\branches\\context-menu\\packages\\ve-checkbox\\index.js": {"path":"E:\\work\\github-pro\\vue-easytable\\branches\\context-menu\\packages\\ve-checkbox\\index.js","statementMap":{"0":{"start":{"line":3,"column":0},"end":{"line":5,"column":2}},"1":{"start":{"line":4,"column":4},"end":{"line":4,"column":47}}},"fnMap":{"0":{"name":"(anonymous_0)","decl":{"start":{"line":3,"column":21},"end":{"line":3,"column":22}},"loc":{"start":{"line":3,"column":36},"end":{"line":5,"column":1}},"line":3}},"branchMap":{},"s":{"0":34,"1":34},"f":{"0":34},"b":{},"_coverageSchema":"1a1c01bbd47fc00a2c39e90264f33305004495a9","hash":"6c4a2b5d0baff9010907f3df4b36054800d27344"}
,"E:\\work\\github-pro\\vue-easytable\\branches\\context-menu\\packages\\ve-checkbox\\src\\index.jsx": {"path":"E:\\work\\github-pro\\vue-easytable\\branches\\context-menu\\packages\\ve-checkbox\\src\\index.jsx","statementMap":{"0":{"start":{"line":33,"column":8},"end":{"line":37,"column":10}},"1":{"start":{"line":42,"column":12},"end":{"line":49,"column":14}},"2":{"start":{"line":54,"column":12},"end":{"line":59,"column":14}},"3":{"start":{"line":63,"column":12},"end":{"line":63,"column":68}},"4":{"start":{"line":69,"column":12},"end":{"line":69,"column":39}},"5":{"start":{"line":76,"column":12},"end":{"line":78,"column":13}},"6":{"start":{"line":77,"column":16},"end":{"line":77,"column":29}},"7":{"start":{"line":79,"column":30},"end":{"line":79,"column":50}},"8":{"start":{"line":81,"column":12},"end":{"line":83,"column":13}},"9":{"start":{"line":82,"column":16},"end":{"line":82,"column":47}},"10":{"start":{"line":84,"column":12},"end":{"line":84,"column":65}},"11":{"start":{"line":86,"column":12},"end":{"line":89,"column":13}},"12":{"start":{"line":88,"column":16},"end":{"line":88,"column":70}},"13":{"start":{"line":94,"column":12},"end":{"line":97,"column":14}},"14":{"start":{"line":98,"column":12},"end":{"line":98,"column":53}},"15":{"start":{"line":103,"column":38},"end":{"line":103,"column":42}},"16":{"start":{"line":105,"column":12},"end":{"line":105,"column":50}},"17":{"start":{"line":109,"column":12},"end":{"line":121,"column":13}},"18":{"start":{"line":110,"column":36},"end":{"line":110,"column":54}},"19":{"start":{"line":111,"column":16},"end":{"line":118,"column":17}},"20":{"start":{"line":115,"column":20},"end":{"line":117,"column":21}},"21":{"start":{"line":116,"column":24},"end":{"line":116,"column":42}},"22":{"start":{"line":120,"column":16},"end":{"line":120,"column":40}},"23":{"start":{"line":126,"column":12},"end":{"line":128,"column":13}},"24":{"start":{"line":127,"column":16},"end":{"line":127,"column":40}},"25":{"start":{"line":133,"column":12},"end":{"line":141,"column":13}},"26":{"start":{"line":134,"column":16},"end":{"line":136,"column":17}},"27":{"start":{"line":135,"column":20},"end":{"line":135,"column":38}},"28":{"start":{"line":138,"column":16},"end":{"line":140,"column":17}},"29":{"start":{"line":139,"column":20},"end":{"line":139,"column":39}},"30":{"start":{"line":146,"column":8},"end":{"line":146,"column":25}},"31":{"start":{"line":156,"column":12},"end":{"line":156,"column":16}},"32":{"start":{"line":158,"column":8},"end":{"line":173,"column":10}}},"fnMap":{"0":{"name":"(anonymous_0)","decl":{"start":{"line":32,"column":4},"end":{"line":32,"column":5}},"loc":{"start":{"line":32,"column":11},"end":{"line":38,"column":5}},"line":32},"1":{"name":"(anonymous_1)","decl":{"start":{"line":41,"column":8},"end":{"line":41,"column":9}},"loc":{"start":{"line":41,"column":24},"end":{"line":50,"column":9}},"line":41},"2":{"name":"(anonymous_2)","decl":{"start":{"line":53,"column":8},"end":{"line":53,"column":9}},"loc":{"start":{"line":53,"column":24},"end":{"line":60,"column":9}},"line":53},"3":{"name":"(anonymous_3)","decl":{"start":{"line":62,"column":8},"end":{"line":62,"column":9}},"loc":{"start":{"line":62,"column":29},"end":{"line":64,"column":9}},"line":62},"4":{"name":"(anonymous_4)","decl":{"start":{"line":68,"column":8},"end":{"line":68,"column":9}},"loc":{"start":{"line":68,"column":16},"end":{"line":70,"column":9}},"line":68},"5":{"name":"(anonymous_5)","decl":{"start":{"line":75,"column":8},"end":{"line":75,"column":9}},"loc":{"start":{"line":75,"column":30},"end":{"line":90,"column":9}},"line":75},"6":{"name":"(anonymous_6)","decl":{"start":{"line":93,"column":8},"end":{"line":93,"column":9}},"loc":{"start":{"line":93,"column":26},"end":{"line":99,"column":9}},"line":93},"7":{"name":"(anonymous_7)","decl":{"start":{"line":102,"column":8},"end":{"line":102,"column":9}},"loc":{"start":{"line":102,"column":26},"end":{"line":106,"column":9}},"line":102},"8":{"name":"(anonymous_8)","decl":{"start":{"line":108,"column":8},"end":{"line":108,"column":9}},"loc":{"start":{"line":108,"column":20},"end":{"line":122,"column":9}},"line":108},"9":{"name":"(anonymous_9)","decl":{"start":{"line":125,"column":8},"end":{"line":125,"column":9}},"loc":{"start":{"line":125,"column":30},"end":{"line":129,"column":9}},"line":125},"10":{"name":"(anonymous_10)","decl":{"start":{"line":132,"column":8},"end":{"line":132,"column":9}},"loc":{"start":{"line":132,"column":42},"end":{"line":142,"column":9}},"line":132},"11":{"name":"(anonymous_11)","decl":{"start":{"line":145,"column":4},"end":{"line":145,"column":5}},"loc":{"start":{"line":145,"column":14},"end":{"line":147,"column":5}},"line":145},"12":{"name":"(anonymous_12)","decl":{"start":{"line":148,"column":4},"end":{"line":148,"column":5}},"loc":{"start":{"line":148,"column":13},"end":{"line":174,"column":5}},"line":148}},"branchMap":{"0":{"loc":{"start":{"line":56,"column":20},"end":{"line":58,"column":40}},"type":"cond-expr","locations":[{"start":{"line":57,"column":26},"end":{"line":57,"column":33}},{"start":{"line":58,"column":26},"end":{"line":58,"column":40}}],"line":56},"1":{"loc":{"start":{"line":56,"column":20},"end":{"line":56,"column":75}},"type":"binary-expr","locations":[{"start":{"line":56,"column":20},"end":{"line":56,"column":38}},{"start":{"line":56,"column":42},"end":{"line":56,"column":75}}],"line":56},"2":{"loc":{"start":{"line":63,"column":19},"end":{"line":63,"column":67}},"type":"cond-expr","locations":[{"start":{"line":63,"column":39},"end":{"line":63,"column":54}},{"start":{"line":63,"column":57},"end":{"line":63,"column":67}}],"line":63},"3":{"loc":{"start":{"line":76,"column":12},"end":{"line":78,"column":13}},"type":"if","locations":[{"start":{"line":76,"column":12},"end":{"line":78,"column":13}},{"start":{"line":76,"column":12},"end":{"line":78,"column":13}}],"line":76},"4":{"loc":{"start":{"line":81,"column":12},"end":{"line":83,"column":13}},"type":"if","locations":[{"start":{"line":81,"column":12},"end":{"line":83,"column":13}},{"start":{"line":81,"column":12},"end":{"line":83,"column":13}}],"line":81},"5":{"loc":{"start":{"line":86,"column":12},"end":{"line":89,"column":13}},"type":"if","locations":[{"start":{"line":86,"column":12},"end":{"line":89,"column":13}},{"start":{"line":86,"column":12},"end":{"line":89,"column":13}}],"line":86},"6":{"loc":{"start":{"line":98,"column":19},"end":{"line":98,"column":52}},"type":"cond-expr","locations":[{"start":{"line":98,"column":40},"end":{"line":98,"column":44}},{"start":{"line":98,"column":47},"end":{"line":98,"column":52}}],"line":98},"7":{"loc":{"start":{"line":105,"column":19},"end":{"line":105,"column":49}},"type":"cond-expr","locations":[{"start":{"line":105,"column":27},"end":{"line":105,"column":32}},{"start":{"line":105,"column":35},"end":{"line":105,"column":49}}],"line":105},"8":{"loc":{"start":{"line":109,"column":12},"end":{"line":121,"column":13}},"type":"if","locations":[{"start":{"line":109,"column":12},"end":{"line":121,"column":13}},{"start":{"line":109,"column":12},"end":{"line":121,"column":13}}],"line":109},"9":{"loc":{"start":{"line":111,"column":16},"end":{"line":118,"column":17}},"type":"if","locations":[{"start":{"line":111,"column":16},"end":{"line":118,"column":17}},{"start":{"line":111,"column":16},"end":{"line":118,"column":17}}],"line":111},"10":{"loc":{"start":{"line":112,"column":20},"end":{"line":113,"column":50}},"type":"binary-expr","locations":[{"start":{"line":112,"column":20},"end":{"line":112,"column":54}},{"start":{"line":113,"column":20},"end":{"line":113,"column":50}}],"line":112},"11":{"loc":{"start":{"line":115,"column":20},"end":{"line":117,"column":21}},"type":"if","locations":[{"start":{"line":115,"column":20},"end":{"line":117,"column":21}},{"start":{"line":115,"column":20},"end":{"line":117,"column":21}}],"line":115},"12":{"loc":{"start":{"line":126,"column":12},"end":{"line":128,"column":13}},"type":"if","locations":[{"start":{"line":126,"column":12},"end":{"line":128,"column":13}},{"start":{"line":126,"column":12},"end":{"line":128,"column":13}}],"line":126},"13":{"loc":{"start":{"line":133,"column":12},"end":{"line":141,"column":13}},"type":"if","locations":[{"start":{"line":133,"column":12},"end":{"line":141,"column":13}},{"start":{"line":133,"column":12},"end":{"line":141,"column":13}}],"line":133},"14":{"loc":{"start":{"line":134,"column":16},"end":{"line":136,"column":17}},"type":"if","locations":[{"start":{"line":134,"column":16},"end":{"line":136,"column":17}},{"start":{"line":134,"column":16},"end":{"line":136,"column":17}}],"line":134},"15":{"loc":{"start":{"line":138,"column":16},"end":{"line":140,"column":17}},"type":"if","locations":[{"start":{"line":138,"column":16},"end":{"line":140,"column":17}},{"start":{"line":138,"column":16},"end":{"line":140,"column":17}}],"line":138}},"s":{"0":131,"1":175,"2":131,"3":171,"4":1,"5":11,"6":2,"7":9,"8":9,"9":4,"10":9,"11":9,"12":1,"13":140,"14":140,"15":175,"16":175,"17":131,"18":12,"19":12,"20":12,"21":6,"22":119,"23":1,"24":1,"25":12,"26":6,"27":3,"28":6,"29":6,"30":131,"31":175,"32":175},"f":{"0":131,"1":175,"2":131,"3":171,"4":1,"5":11,"6":140,"7":175,"8":131,"9":1,"10":12,"11":131,"12":175},"b":{"0":[0,131],"1":[131,12],"2":[140,31],"3":[2,9],"4":[4,5],"5":[1,8],"6":[13,127],"7":[81,94],"8":[12,119],"9":[12,0],"10":[12,12],"11":[6,6],"12":[1,0],"13":[6,6],"14":[3,3],"15":[6,0]},"_coverageSchema":"1a1c01bbd47fc00a2c39e90264f33305004495a9","hash":"2f3234dc23d11012fa6b8b2183cb6fd0e671a278"}
,"E:\\work\\github-pro\\vue-easytable\\branches\\context-menu\\packages\\ve-contextmenu\\index.js": {"path":"E:\\work\\github-pro\\vue-easytable\\branches\\context-menu\\packages\\ve-contextmenu\\index.js","statementMap":{"0":{"start":{"line":3,"column":0},"end":{"line":5,"column":2}},"1":{"start":{"line":4,"column":4},"end":{"line":4,"column":53}}},"fnMap":{"0":{"name":"(anonymous_0)","decl":{"start":{"line":3,"column":24},"end":{"line":3,"column":25}},"loc":{"start":{"line":3,"column":39},"end":{"line":5,"column":1}},"line":3}},"branchMap":{},"s":{"0":34,"1":34},"f":{"0":34},"b":{},"_coverageSchema":"1a1c01bbd47fc00a2c39e90264f33305004495a9","hash":"4d1581a29ab0a066645cdcbc352f79a5a177ca04"}
,"E:\\work\\github-pro\\vue-easytable\\branches\\context-menu\\packages\\ve-contextmenu\\src\\index.jsx": {"path":"E:\\work\\github-pro\\vue-easytable\\branches\\context-menu\\packages\\ve-contextmenu\\src\\index.jsx","statementMap":{"0":{"start":{"line":56,"column":8},"end":{"line":145,"column":10}},"1":{"start":{"line":151,"column":37},"end":{"line":151,"column":41}},"2":{"start":{"line":153,"column":12},"end":{"line":153,"column":55}},"3":{"start":{"line":153,"column":43},"end":{"line":153,"column":53}},"4":{"start":{"line":160,"column":16},"end":{"line":160,"column":70}},"5":{"start":{"line":161,"column":16},"end":{"line":161,"column":45}},"6":{"start":{"line":162,"column":16},"end":{"line":162,"column":75}},"7":{"start":{"line":171,"column":12},"end":{"line":171,"column":42}},"8":{"start":{"line":176,"column":12},"end":{"line":176,"column":76}},"9":{"start":{"line":183,"column":12},"end":{"line":195,"column":13}},"10":{"start":{"line":183,"column":25},"end":{"line":183,"column":26}},"11":{"start":{"line":184,"column":16},"end":{"line":186,"column":17}},"12":{"start":{"line":185,"column":20},"end":{"line":185,"column":47}},"13":{"start":{"line":188,"column":16},"end":{"line":194,"column":17}},"14":{"start":{"line":189,"column":40},"end":{"line":192,"column":21}},"15":{"start":{"line":193,"column":20},"end":{"line":193,"column":56}},"16":{"start":{"line":193,"column":37},"end":{"line":193,"column":56}},"17":{"start":{"line":202,"column":37},"end":{"line":202,"column":41}},"18":{"start":{"line":204,"column":31},"end":{"line":206,"column":13}},"19":{"start":{"line":205,"column":23},"end":{"line":205,"column":56}},"20":{"start":{"line":207,"column":12},"end":{"line":211,"column":13}},"21":{"start":{"line":209,"column":38},"end":{"line":209,"column":75}},"22":{"start":{"line":210,"column":16},"end":{"line":210,"column":69}},"23":{"start":{"line":212,"column":12},"end":{"line":212,"column":26}},"24":{"start":{"line":217,"column":54},"end":{"line":217,"column":58}},"25":{"start":{"line":220,"column":12},"end":{"line":222,"column":13}},"26":{"start":{"line":221,"column":16},"end":{"line":221,"column":29}},"27":{"start":{"line":225,"column":12},"end":{"line":227,"column":13}},"28":{"start":{"line":225,"column":46},"end":{"line":225,"column":68}},"29":{"start":{"line":226,"column":16},"end":{"line":226,"column":29}},"30":{"start":{"line":233,"column":37},"end":{"line":236,"column":26}},"31":{"start":{"line":234,"column":31},"end":{"line":234,"column":56}},"32":{"start":{"line":235,"column":28},"end":{"line":235,"column":40}},"33":{"start":{"line":238,"column":12},"end":{"line":247,"column":13}},"34":{"start":{"line":239,"column":16},"end":{"line":246,"column":17}},"35":{"start":{"line":239,"column":29},"end":{"line":239,"column":56}},"36":{"start":{"line":240,"column":37},"end":{"line":242,"column":21}},"37":{"start":{"line":241,"column":31},"end":{"line":241,"column":67}},"38":{"start":{"line":243,"column":20},"end":{"line":245,"column":21}},"39":{"start":{"line":244,"column":24},"end":{"line":244,"column":62}},"40":{"start":{"line":249,"column":32},"end":{"line":252,"column":13}},"41":{"start":{"line":254,"column":12},"end":{"line":270,"column":13}},"42":{"start":{"line":255,"column":16},"end":{"line":258,"column":19}},"43":{"start":{"line":260,"column":16},"end":{"line":269,"column":19}},"44":{"start":{"line":261,"column":20},"end":{"line":263,"column":23}},"45":{"start":{"line":265,"column":20},"end":{"line":268,"column":23}},"46":{"start":{"line":275,"column":55},"end":{"line":275,"column":59}},"47":{"start":{"line":277,"column":12},"end":{"line":293,"column":13}},"48":{"start":{"line":279,"column":28},"end":{"line":284,"column":18}},"49":{"start":{"line":280,"column":20},"end":{"line":283,"column":22}},"50":{"start":{"line":286,"column":16},"end":{"line":292,"column":19}},"51":{"start":{"line":298,"column":12},"end":{"line":298,"column":54}},"52":{"start":{"line":299,"column":12},"end":{"line":299,"column":32}},"53":{"start":{"line":300,"column":12},"end":{"line":300,"column":19}},"54":{"start":{"line":301,"column":12},"end":{"line":305,"column":13}},"55":{"start":{"line":302,"column":16},"end":{"line":304,"column":19}},"56":{"start":{"line":303,"column":20},"end":{"line":303,"column":77}},"57":{"start":{"line":307,"column":12},"end":{"line":307,"column":27}},"58":{"start":{"line":312,"column":12},"end":{"line":314,"column":15}},"59":{"start":{"line":313,"column":16},"end":{"line":313,"column":67}},"60":{"start":{"line":319,"column":12},"end":{"line":319,"column":35}},"61":{"start":{"line":320,"column":42},"end":{"line":320,"column":46}},"62":{"start":{"line":323,"column":12},"end":{"line":323,"column":36}},"63":{"start":{"line":324,"column":12},"end":{"line":328,"column":15}},"64":{"start":{"line":329,"column":12},"end":{"line":329,"column":41}},"65":{"start":{"line":334,"column":52},"end":{"line":334,"column":56}},"66":{"start":{"line":336,"column":37},"end":{"line":338,"column":13}},"67":{"start":{"line":340,"column":12},"end":{"line":439,"column":13}},"68":{"start":{"line":342,"column":16},"end":{"line":342,"column":50}},"69":{"start":{"line":344,"column":16},"end":{"line":344,"column":74}},"70":{"start":{"line":346,"column":16},"end":{"line":346,"column":63}},"71":{"start":{"line":347,"column":16},"end":{"line":347,"column":68}},"72":{"start":{"line":350,"column":20},"end":{"line":350,"column":62}},"73":{"start":{"line":351,"column":16},"end":{"line":438,"column":17}},"74":{"start":{"line":357,"column":24},"end":{"line":357,"column":47}},"75":{"start":{"line":359,"column":33},"end":{"line":359,"column":34}},"76":{"start":{"line":360,"column":33},"end":{"line":360,"column":34}},"77":{"start":{"line":363,"column":20},"end":{"line":371,"column":21}},"78":{"start":{"line":364,"column":24},"end":{"line":364,"column":43}},"79":{"start":{"line":365,"column":24},"end":{"line":365,"column":58}},"80":{"start":{"line":369,"column":24},"end":{"line":369,"column":63}},"81":{"start":{"line":370,"column":24},"end":{"line":370,"column":59}},"82":{"start":{"line":374,"column":20},"end":{"line":380,"column":21}},"83":{"start":{"line":375,"column":24},"end":{"line":375,"column":42}},"84":{"start":{"line":379,"column":24},"end":{"line":379,"column":63}},"85":{"start":{"line":382,"column":20},"end":{"line":382,"column":66}},"86":{"start":{"line":383,"column":20},"end":{"line":383,"column":65}},"87":{"start":{"line":386,"column":24},"end":{"line":386,"column":66}},"88":{"start":{"line":388,"column":20},"end":{"line":437,"column":21}},"89":{"start":{"line":392,"column":28},"end":{"line":392,"column":71}},"90":{"start":{"line":395,"column":28},"end":{"line":395,"column":51}},"91":{"start":{"line":398,"column":28},"end":{"line":398,"column":76}},"92":{"start":{"line":400,"column":37},"end":{"line":400,"column":38}},"93":{"start":{"line":401,"column":37},"end":{"line":401,"column":38}},"94":{"start":{"line":404,"column":24},"end":{"line":424,"column":25}},"95":{"start":{"line":406,"column":28},"end":{"line":412,"column":29}},"96":{"start":{"line":407,"column":32},"end":{"line":407,"column":76}},"97":{"start":{"line":411,"column":32},"end":{"line":411,"column":76}},"98":{"start":{"line":417,"column":28},"end":{"line":423,"column":29}},"99":{"start":{"line":418,"column":32},"end":{"line":418,"column":76}},"100":{"start":{"line":422,"column":32},"end":{"line":422,"column":76}},"101":{"start":{"line":427,"column":24},"end":{"line":433,"column":25}},"102":{"start":{"line":428,"column":28},"end":{"line":428,"column":46}},"103":{"start":{"line":432,"column":28},"end":{"line":432,"column":67}},"104":{"start":{"line":435,"column":24},"end":{"line":435,"column":70}},"105":{"start":{"line":436,"column":24},"end":{"line":436,"column":69}},"106":{"start":{"line":444,"column":37},"end":{"line":444,"column":41}},"107":{"start":{"line":446,"column":12},"end":{"line":446,"column":40}},"108":{"start":{"line":452,"column":12},"end":{"line":465,"column":15}},"109":{"start":{"line":453,"column":16},"end":{"line":464,"column":17}},"110":{"start":{"line":454,"column":20},"end":{"line":454,"column":57}},"111":{"start":{"line":456,"column":20},"end":{"line":463,"column":23}},"112":{"start":{"line":457,"column":49},"end":{"line":459,"column":25}},"113":{"start":{"line":460,"column":24},"end":{"line":462,"column":25}},"114":{"start":{"line":461,"column":28},"end":{"line":461,"column":62}},"115":{"start":{"line":470,"column":12},"end":{"line":470,"column":35}},"116":{"start":{"line":471,"column":12},"end":{"line":471,"column":71}},"117":{"start":{"line":476,"column":37},"end":{"line":478,"column":13}},"118":{"start":{"line":480,"column":12},"end":{"line":488,"column":13}},"119":{"start":{"line":481,"column":16},"end":{"line":481,"column":29}},"120":{"start":{"line":483,"column":34},"end":{"line":483,"column":63}},"121":{"start":{"line":485,"column":16},"end":{"line":485,"column":62}},"122":{"start":{"line":487,"column":16},"end":{"line":487,"column":55}},"123":{"start":{"line":493,"column":12},"end":{"line":495,"column":15}},"124":{"start":{"line":500,"column":36},"end":{"line":500,"column":40}},"125":{"start":{"line":502,"column":12},"end":{"line":506,"column":13}},"126":{"start":{"line":503,"column":16},"end":{"line":503,"column":73}},"127":{"start":{"line":505,"column":16},"end":{"line":505,"column":49}},"128":{"start":{"line":508,"column":12},"end":{"line":515,"column":13}},"129":{"start":{"line":511,"column":16},"end":{"line":514,"column":18}},"130":{"start":{"line":520,"column":12},"end":{"line":525,"column":13}},"131":{"start":{"line":521,"column":16},"end":{"line":524,"column":18}},"132":{"start":{"line":530,"column":8},"end":{"line":530,"column":45}},"133":{"start":{"line":531,"column":8},"end":{"line":531,"column":40}},"134":{"start":{"line":535,"column":8},"end":{"line":535,"column":38}},"135":{"start":{"line":545,"column":12},"end":{"line":545,"column":16}},"136":{"start":{"line":547,"column":33},"end":{"line":552,"column":9}},"137":{"start":{"line":554,"column":8},"end":{"line":676,"column":10}},"138":{"start":{"line":557,"column":50},"end":{"line":580,"column":21}},"139":{"start":{"line":567,"column":36},"end":{"line":569,"column":37}},"140":{"start":{"line":568,"column":40},"end":{"line":568,"column":66}},"141":{"start":{"line":575,"column":32},"end":{"line":577,"column":33}},"142":{"start":{"line":576,"column":36},"end":{"line":576,"column":72}},"143":{"start":{"line":581,"column":20},"end":{"line":673,"column":22}},"144":{"start":{"line":587,"column":36},"end":{"line":638,"column":37}},"145":{"start":{"line":591,"column":40},"end":{"line":626,"column":42}},"146":{"start":{"line":604,"column":52},"end":{"line":609,"column":53}},"147":{"start":{"line":605,"column":56},"end":{"line":608,"column":59}},"148":{"start":{"line":612,"column":52},"end":{"line":623,"column":53}},"149":{"start":{"line":616,"column":56},"end":{"line":619,"column":58}},"150":{"start":{"line":620,"column":56},"end":{"line":622,"column":63}},"151":{"start":{"line":621,"column":60},"end":{"line":621,"column":86}},"152":{"start":{"line":631,"column":40},"end":{"line":637,"column":42}},"153":{"start":{"line":640,"column":36},"end":{"line":669,"column":37}},"154":{"start":{"line":644,"column":40},"end":{"line":664,"column":42}},"155":{"start":{"line":666,"column":40},"end":{"line":668,"column":42}}},"fnMap":{"0":{"name":"(anonymous_0)","decl":{"start":{"line":55,"column":4},"end":{"line":55,"column":5}},"loc":{"start":{"line":55,"column":11},"end":{"line":146,"column":5}},"line":55},"1":{"name":"(anonymous_1)","decl":{"start":{"line":150,"column":8},"end":{"line":150,"column":9}},"loc":{"start":{"line":150,"column":24},"end":{"line":154,"column":9}},"line":150},"2":{"name":"(anonymous_2)","decl":{"start":{"line":153,"column":36},"end":{"line":153,"column":37}},"loc":{"start":{"line":153,"column":43},"end":{"line":153,"column":53}},"line":153},"3":{"name":"(anonymous_3)","decl":{"start":{"line":159,"column":21},"end":{"line":159,"column":22}},"loc":{"start":{"line":159,"column":33},"end":{"line":163,"column":13}},"line":159},"4":{"name":"(anonymous_4)","decl":{"start":{"line":170,"column":8},"end":{"line":170,"column":9}},"loc":{"start":{"line":170,"column":32},"end":{"line":172,"column":9}},"line":170},"5":{"name":"(anonymous_5)","decl":{"start":{"line":175,"column":8},"end":{"line":175,"column":9}},"loc":{"start":{"line":175,"column":28},"end":{"line":177,"column":9}},"line":175},"6":{"name":"(anonymous_6)","decl":{"start":{"line":182,"column":8},"end":{"line":182,"column":9}},"loc":{"start":{"line":182,"column":48},"end":{"line":196,"column":9}},"line":182},"7":{"name":"(anonymous_7)","decl":{"start":{"line":199,"column":8},"end":{"line":199,"column":9}},"loc":{"start":{"line":199,"column":56},"end":{"line":213,"column":9}},"line":199},"8":{"name":"(anonymous_8)","decl":{"start":{"line":205,"column":16},"end":{"line":205,"column":17}},"loc":{"start":{"line":205,"column":23},"end":{"line":205,"column":56}},"line":205},"9":{"name":"(anonymous_9)","decl":{"start":{"line":216,"column":37},"end":{"line":216,"column":38}},"loc":{"start":{"line":216,"column":64},"end":{"line":271,"column":9}},"line":216},"10":{"name":"(anonymous_10)","decl":{"start":{"line":225,"column":39},"end":{"line":225,"column":40}},"loc":{"start":{"line":225,"column":46},"end":{"line":225,"column":68}},"line":225},"11":{"name":"(anonymous_11)","decl":{"start":{"line":234,"column":24},"end":{"line":234,"column":25}},"loc":{"start":{"line":234,"column":31},"end":{"line":234,"column":56}},"line":234},"12":{"name":"(anonymous_12)","decl":{"start":{"line":235,"column":21},"end":{"line":235,"column":22}},"loc":{"start":{"line":235,"column":28},"end":{"line":235,"column":40}},"line":235},"13":{"name":"(anonymous_13)","decl":{"start":{"line":241,"column":24},"end":{"line":241,"column":25}},"loc":{"start":{"line":241,"column":31},"end":{"line":241,"column":67}},"line":241},"14":{"name":"(anonymous_14)","decl":{"start":{"line":260,"column":31},"end":{"line":260,"column":32}},"loc":{"start":{"line":260,"column":37},"end":{"line":269,"column":17}},"line":260},"15":{"name":"(anonymous_15)","decl":{"start":{"line":274,"column":8},"end":{"line":274,"column":9}},"loc":{"start":{"line":274,"column":53},"end":{"line":294,"column":9}},"line":274},"16":{"name":"(anonymous_16)","decl":{"start":{"line":279,"column":40},"end":{"line":279,"column":41}},"loc":{"start":{"line":279,"column":52},"end":{"line":284,"column":17}},"line":279},"17":{"name":"(anonymous_17)","decl":{"start":{"line":297,"column":8},"end":{"line":297,"column":9}},"loc":{"start":{"line":297,"column":58},"end":{"line":308,"column":9}},"line":297},"18":{"name":"(anonymous_18)","decl":{"start":{"line":302,"column":37},"end":{"line":302,"column":38}},"loc":{"start":{"line":302,"column":49},"end":{"line":304,"column":17}},"line":302},"19":{"name":"(anonymous_19)","decl":{"start":{"line":311,"column":8},"end":{"line":311,"column":9}},"loc":{"start":{"line":311,"column":32},"end":{"line":315,"column":9}},"line":311},"20":{"name":"(anonymous_20)","decl":{"start":{"line":312,"column":63},"end":{"line":312,"column":64}},"loc":{"start":{"line":312,"column":75},"end":{"line":314,"column":13}},"line":312},"21":{"name":"(anonymous_21)","decl":{"start":{"line":318,"column":8},"end":{"line":318,"column":9}},"loc":{"start":{"line":318,"column":40},"end":{"line":330,"column":9}},"line":318},"22":{"name":"(anonymous_22)","decl":{"start":{"line":333,"column":8},"end":{"line":333,"column":9}},"loc":{"start":{"line":333,"column":74},"end":{"line":440,"column":9}},"line":333},"23":{"name":"(anonymous_23)","decl":{"start":{"line":443,"column":8},"end":{"line":443,"column":9}},"loc":{"start":{"line":443,"column":34},"end":{"line":466,"column":9}},"line":443},"24":{"name":"(anonymous_24)","decl":{"start":{"line":452,"column":23},"end":{"line":452,"column":24}},"loc":{"start":{"line":452,"column":29},"end":{"line":465,"column":13}},"line":452},"25":{"name":"(anonymous_25)","decl":{"start":{"line":456,"column":41},"end":{"line":456,"column":42}},"loc":{"start":{"line":456,"column":58},"end":{"line":463,"column":21}},"line":456},"26":{"name":"(anonymous_26)","decl":{"start":{"line":469,"column":8},"end":{"line":469,"column":9}},"loc":{"start":{"line":469,"column":27},"end":{"line":472,"column":9}},"line":469},"27":{"name":"(anonymous_27)","decl":{"start":{"line":475,"column":8},"end":{"line":475,"column":9}},"loc":{"start":{"line":475,"column":53},"end":{"line":489,"column":9}},"line":475},"28":{"name":"(anonymous_28)","decl":{"start":{"line":492,"column":8},"end":{"line":492,"column":9}},"loc":{"start":{"line":492,"column":40},"end":{"line":496,"column":9}},"line":492},"29":{"name":"(anonymous_29)","decl":{"start":{"line":499,"column":8},"end":{"line":499,"column":9}},"loc":{"start":{"line":499,"column":35},"end":{"line":516,"column":9}},"line":499},"30":{"name":"(anonymous_30)","decl":{"start":{"line":519,"column":8},"end":{"line":519,"column":9}},"loc":{"start":{"line":519,"column":33},"end":{"line":526,"column":9}},"line":519},"31":{"name":"(anonymous_31)","decl":{"start":{"line":529,"column":4},"end":{"line":529,"column":5}},"loc":{"start":{"line":529,"column":14},"end":{"line":532,"column":5}},"line":529},"32":{"name":"(anonymous_32)","decl":{"start":{"line":534,"column":4},"end":{"line":534,"column":5}},"loc":{"start":{"line":534,"column":16},"end":{"line":536,"column":5}},"line":534},"33":{"name":"(anonymous_33)","decl":{"start":{"line":538,"column":4},"end":{"line":538,"column":5}},"loc":{"start":{"line":538,"column":13},"end":{"line":677,"column":5}},"line":538},"34":{"name":"(anonymous_34)","decl":{"start":{"line":556,"column":34},"end":{"line":556,"column":35}},"loc":{"start":{"line":556,"column":63},"end":{"line":674,"column":17}},"line":556},"35":{"name":"(anonymous_35)","decl":{"start":{"line":565,"column":39},"end":{"line":565,"column":40}},"loc":{"start":{"line":565,"column":45},"end":{"line":570,"column":33}},"line":565},"36":{"name":"(anonymous_36)","decl":{"start":{"line":574,"column":35},"end":{"line":574,"column":36}},"loc":{"start":{"line":574,"column":41},"end":{"line":578,"column":29}},"line":574},"37":{"name":"(anonymous_37)","decl":{"start":{"line":584,"column":55},"end":{"line":584,"column":56}},"loc":{"start":{"line":584,"column":65},"end":{"line":670,"column":33}},"line":584},"38":{"name":"(anonymous_38)","decl":{"start":{"line":602,"column":59},"end":{"line":602,"column":60}},"loc":{"start":{"line":602,"column":70},"end":{"line":610,"column":49}},"line":602},"39":{"name":"(anonymous_39)","decl":{"start":{"line":611,"column":55},"end":{"line":611,"column":56}},"loc":{"start":{"line":611,"column":61},"end":{"line":624,"column":49}},"line":611},"40":{"name":"(anonymous_40)","decl":{"start":{"line":620,"column":67},"end":{"line":620,"column":68}},"loc":{"start":{"line":620,"column":73},"end":{"line":622,"column":57}},"line":620}},"branchMap":{"0":{"loc":{"start":{"line":176,"column":19},"end":{"line":176,"column":75}},"type":"binary-expr","locations":[{"start":{"line":176,"column":19},"end":{"line":176,"column":49}},{"start":{"line":176,"column":53},"end":{"line":176,"column":75}}],"line":176},"1":{"loc":{"start":{"line":184,"column":16},"end":{"line":186,"column":17}},"type":"if","locations":[{"start":{"line":184,"column":16},"end":{"line":186,"column":17}},{"start":{"line":184,"column":16},"end":{"line":186,"column":17}}],"line":184},"2":{"loc":{"start":{"line":188,"column":16},"end":{"line":194,"column":17}},"type":"if","locations":[{"start":{"line":188,"column":16},"end":{"line":194,"column":17}},{"start":{"line":188,"column":16},"end":{"line":194,"column":17}}],"line":188},"3":{"loc":{"start":{"line":193,"column":20},"end":{"line":193,"column":56}},"type":"if","locations":[{"start":{"line":193,"column":20},"end":{"line":193,"column":56}},{"start":{"line":193,"column":20},"end":{"line":193,"column":56}}],"line":193},"4":{"loc":{"start":{"line":207,"column":12},"end":{"line":211,"column":13}},"type":"if","locations":[{"start":{"line":207,"column":12},"end":{"line":211,"column":13}},{"start":{"line":207,"column":12},"end":{"line":211,"column":13}}],"line":207},"5":{"loc":{"start":{"line":220,"column":12},"end":{"line":222,"column":13}},"type":"if","locations":[{"start":{"line":220,"column":12},"end":{"line":222,"column":13}},{"start":{"line":220,"column":12},"end":{"line":222,"column":13}}],"line":220},"6":{"loc":{"start":{"line":225,"column":12},"end":{"line":227,"column":13}},"type":"if","locations":[{"start":{"line":225,"column":12},"end":{"line":227,"column":13}},{"start":{"line":225,"column":12},"end":{"line":227,"column":13}}],"line":225},"7":{"loc":{"start":{"line":238,"column":12},"end":{"line":247,"column":13}},"type":"if","locations":[{"start":{"line":238,"column":12},"end":{"line":247,"column":13}},{"start":{"line":238,"column":12},"end":{"line":247,"column":13}}],"line":238},"8":{"loc":{"start":{"line":243,"column":20},"end":{"line":245,"column":21}},"type":"if","locations":[{"start":{"line":243,"column":20},"end":{"line":245,"column":21}},{"start":{"line":243,"column":20},"end":{"line":245,"column":21}}],"line":243},"9":{"loc":{"start":{"line":254,"column":12},"end":{"line":270,"column":13}},"type":"if","locations":[{"start":{"line":254,"column":12},"end":{"line":270,"column":13}},{"start":{"line":254,"column":12},"end":{"line":270,"column":13}}],"line":254},"10":{"loc":{"start":{"line":277,"column":12},"end":{"line":293,"column":13}},"type":"if","locations":[{"start":{"line":277,"column":12},"end":{"line":293,"column":13}},{"start":{"line":277,"column":12},"end":{"line":293,"column":13}}],"line":277},"11":{"loc":{"start":{"line":287,"column":30},"end":{"line":287,"column":78}},"type":"cond-expr","locations":[{"start":{"line":287,"column":44},"end":{"line":287,"column":58}},{"start":{"line":287,"column":61},"end":{"line":287,"column":78}}],"line":287},"12":{"loc":{"start":{"line":288,"column":32},"end":{"line":290,"column":47}},"type":"cond-expr","locations":[{"start":{"line":289,"column":26},"end":{"line":289,"column":42}},{"start":{"line":290,"column":26},"end":{"line":290,"column":47}}],"line":288},"13":{"loc":{"start":{"line":297,"column":48},"end":{"line":297,"column":56}},"type":"default-arg","locations":[{"start":{"line":297,"column":55},"end":{"line":297,"column":56}}],"line":297},"14":{"loc":{"start":{"line":301,"column":12},"end":{"line":305,"column":13}},"type":"if","locations":[{"start":{"line":301,"column":12},"end":{"line":305,"column":13}},{"start":{"line":301,"column":12},"end":{"line":305,"column":13}}],"line":301},"15":{"loc":{"start":{"line":340,"column":12},"end":{"line":439,"column":13}},"type":"if","locations":[{"start":{"line":340,"column":12},"end":{"line":439,"column":13}},{"start":{"line":340,"column":12},"end":{"line":439,"column":13}}],"line":340},"16":{"loc":{"start":{"line":351,"column":16},"end":{"line":438,"column":17}},"type":"if","locations":[{"start":{"line":351,"column":16},"end":{"line":438,"column":17}},{"start":{"line":351,"column":16},"end":{"line":438,"column":17}}],"line":351},"17":{"loc":{"start":{"line":363,"column":20},"end":{"line":371,"column":21}},"type":"if","locations":[{"start":{"line":363,"column":20},"end":{"line":371,"column":21}},{"start":{"line":363,"column":20},"end":{"line":371,"column":21}}],"line":363},"18":{"loc":{"start":{"line":374,"column":20},"end":{"line":380,"column":21}},"type":"if","locations":[{"start":{"line":374,"column":20},"end":{"line":380,"column":21}},{"start":{"line":374,"column":20},"end":{"line":380,"column":21}}],"line":374},"19":{"loc":{"start":{"line":388,"column":20},"end":{"line":437,"column":21}},"type":"if","locations":[{"start":{"line":388,"column":20},"end":{"line":437,"column":21}},{"start":{"line":388,"column":20},"end":{"line":437,"column":21}}],"line":388},"20":{"loc":{"start":{"line":404,"column":24},"end":{"line":424,"column":25}},"type":"if","locations":[{"start":{"line":404,"column":24},"end":{"line":424,"column":25}},{"start":{"line":404,"column":24},"end":{"line":424,"column":25}}],"line":404},"21":{"loc":{"start":{"line":406,"column":28},"end":{"line":412,"column":29}},"type":"if","locations":[{"start":{"line":406,"column":28},"end":{"line":412,"column":29}},{"start":{"line":406,"column":28},"end":{"line":412,"column":29}}],"line":406},"22":{"loc":{"start":{"line":417,"column":28},"end":{"line":423,"column":29}},"type":"if","locations":[{"start":{"line":417,"column":28},"end":{"line":423,"column":29}},{"start":{"line":417,"column":28},"end":{"line":423,"column":29}}],"line":417},"23":{"loc":{"start":{"line":427,"column":24},"end":{"line":433,"column":25}},"type":"if","locations":[{"start":{"line":427,"column":24},"end":{"line":433,"column":25}},{"start":{"line":427,"column":24},"end":{"line":433,"column":25}}],"line":427},"24":{"loc":{"start":{"line":453,"column":16},"end":{"line":464,"column":17}},"type":"if","locations":[{"start":{"line":453,"column":16},"end":{"line":464,"column":17}},{"start":{"line":453,"column":16},"end":{"line":464,"column":17}}],"line":453},"25":{"loc":{"start":{"line":460,"column":24},"end":{"line":462,"column":25}},"type":"if","locations":[{"start":{"line":460,"column":24},"end":{"line":462,"column":25}},{"start":{"line":460,"column":24},"end":{"line":462,"column":25}}],"line":460},"26":{"loc":{"start":{"line":480,"column":12},"end":{"line":488,"column":13}},"type":"if","locations":[{"start":{"line":480,"column":12},"end":{"line":488,"column":13}},{"start":{"line":480,"column":12},"end":{"line":488,"column":13}}],"line":480},"27":{"loc":{"start":{"line":502,"column":12},"end":{"line":506,"column":13}},"type":"if","locations":[{"start":{"line":502,"column":12},"end":{"line":506,"column":13}},{"start":{"line":502,"column":12},"end":{"line":506,"column":13}}],"line":502},"28":{"loc":{"start":{"line":502,"column":16},"end":{"line":502,"column":73}},"type":"binary-expr","locations":[{"start":{"line":502,"column":16},"end":{"line":502,"column":47}},{"start":{"line":502,"column":51},"end":{"line":502,"column":73}}],"line":502},"29":{"loc":{"start":{"line":508,"column":12},"end":{"line":515,"column":13}},"type":"if","locations":[{"start":{"line":508,"column":12},"end":{"line":515,"column":13}},{"start":{"line":508,"column":12},"end":{"line":515,"column":13}}],"line":508},"30":{"loc":{"start":{"line":520,"column":12},"end":{"line":525,"column":13}},"type":"if","locations":[{"start":{"line":520,"column":12},"end":{"line":525,"column":13}},{"start":{"line":520,"column":12},"end":{"line":525,"column":13}}],"line":520},"31":{"loc":{"start":{"line":567,"column":36},"end":{"line":569,"column":37}},"type":"if","locations":[{"start":{"line":567,"column":36},"end":{"line":569,"column":37}},{"start":{"line":567,"column":36},"end":{"line":569,"column":37}}],"line":567},"32":{"loc":{"start":{"line":575,"column":32},"end":{"line":577,"column":33}},"type":"if","locations":[{"start":{"line":575,"column":32},"end":{"line":577,"column":33}},{"start":{"line":575,"column":32},"end":{"line":577,"column":33}}],"line":575},"33":{"loc":{"start":{"line":587,"column":36},"end":{"line":638,"column":37}},"type":"if","locations":[{"start":{"line":587,"column":36},"end":{"line":638,"column":37}},{"start":{"line":587,"column":36},"end":{"line":638,"column":37}}],"line":587},"34":{"loc":{"start":{"line":604,"column":52},"end":{"line":609,"column":53}},"type":"if","locations":[{"start":{"line":604,"column":52},"end":{"line":609,"column":53}},{"start":{"line":604,"column":52},"end":{"line":609,"column":53}}],"line":604},"35":{"loc":{"start":{"line":612,"column":52},"end":{"line":623,"column":53}},"type":"if","locations":[{"start":{"line":612,"column":52},"end":{"line":623,"column":53}},{"start":{"line":612,"column":52},"end":{"line":623,"column":53}}],"line":612},"36":{"loc":{"start":{"line":613,"column":56},"end":{"line":614,"column":74}},"type":"binary-expr","locations":[{"start":{"line":613,"column":56},"end":{"line":613,"column":70}},{"start":{"line":614,"column":56},"end":{"line":614,"column":74}}],"line":613},"37":{"loc":{"start":{"line":640,"column":36},"end":{"line":669,"column":37}},"type":"if","locations":[{"start":{"line":640,"column":36},"end":{"line":669,"column":37}},{"start":{"line":640,"column":36},"end":{"line":669,"column":37}}],"line":640},"38":{"loc":{"start":{"line":653,"column":49},"end":{"line":662,"column":49}},"type":"binary-expr","locations":[{"start":{"line":653,"column":49},"end":{"line":653,"column":65}},{"start":{"line":654,"column":52},"end":{"line":661,"column":54}}],"line":653}},"s":{"0":3,"1":5,"2":5,"3":5,"4":3,"5":3,"6":3,"7":48,"8":32,"9":1,"10":1,"11":2,"12":1,"13":1,"14":0,"15":0,"16":0,"17":0,"18":0,"19":0,"20":0,"21":0,"22":0,"23":0,"24":1,"25":1,"26":0,"27":1,"28":1,"29":0,"30":1,"31":1,"32":0,"33":1,"34":0,"35":0,"36":0,"37":0,"38":0,"39":0,"40":1,"41":1,"42":1,"43":1,"44":1,"45":1,"46":6,"47":6,"48":6,"49":32,"50":6,"51":45,"52":45,"53":45,"54":45,"55":12,"56":27,"57":45,"58":3,"59":18,"60":2,"61":2,"62":2,"63":2,"64":2,"65":3,"66":3,"67":3,"68":3,"69":3,"70":2,"71":2,"72":2,"73":2,"74":2,"75":2,"76":2,"77":2,"78":2,"79":2,"80":0,"81":0,"82":2,"83":2,"84":0,"85":2,"86":2,"87":0,"88":0,"89":0,"90":0,"91":0,"92":0,"93":0,"94":0,"95":0,"96":0,"97":0,"98":0,"99":0,"100":0,"101":0,"102":0,"103":0,"104":0,"105":0,"106":0,"107":0,"108":0,"109":0,"110":0,"111":0,"112":0,"113":0,"114":0,"115":2,"116":2,"117":4,"118":4,"119":0,"120":4,"121":4,"122":4,"123":3,"124":3,"125":3,"126":3,"127":0,"128":3,"129":2,"130":2,"131":2,"132":3,"133":3,"134":2,"135":5,"136":5,"137":5,"138":5,"139":0,"140":0,"141":0,"142":0,"143":5,"144":30,"145":25,"146":1,"147":1,"148":0,"149":0,"150":0,"151":0,"152":5,"153":30,"154":25,"155":5},"f":{"0":3,"1":5,"2":5,"3":3,"4":48,"5":32,"6":1,"7":0,"8":0,"9":1,"10":1,"11":1,"12":0,"13":0,"14":1,"15":6,"16":32,"17":45,"18":27,"19":3,"20":18,"21":2,"22":3,"23":0,"24":0,"25":0,"26":2,"27":4,"28":3,"29":3,"30":2,"31":3,"32":2,"33":5,"34":5,"35":0,"36":0,"37":30,"38":1,"39":0,"40":0},"b":{"0":[32,15],"1":[1,1],"2":[0,1],"3":[0,0],"4":[0,0],"5":[0,1],"6":[0,1],"7":[0,1],"8":[0,0],"9":[1,0],"10":[6,0],"11":[1,5],"12":[1,5],"13":[18],"14":[12,33],"15":[3,0],"16":[2,0],"17":[2,0],"18":[2,0],"19":[0,0],"20":[0,0],"21":[0,0],"22":[0,0],"23":[0,0],"24":[0,0],"25":[0,0],"26":[0,4],"27":[3,0],"28":[3,3],"29":[2,1],"30":[2,0],"31":[0,0],"32":[0,0],"33":[25,5],"34":[1,0],"35":[0,0],"36":[0,0],"37":[25,5],"38":[25,15]},"_coverageSchema":"1a1c01bbd47fc00a2c39e90264f33305004495a9","hash":"99117fecc72bb0b75b00379816684042076826c0"}
,"E:\\work\\github-pro\\vue-easytable\\branches\\context-menu\\packages\\ve-dropdown\\index.js": {"path":"E:\\work\\github-pro\\vue-easytable\\branches\\context-menu\\packages\\ve-dropdown\\index.js","statementMap":{"0":{"start":{"line":3,"column":0},"end":{"line":5,"column":2}},"1":{"start":{"line":4,"column":4},"end":{"line":4,"column":47}}},"fnMap":{"0":{"name":"(anonymous_0)","decl":{"start":{"line":3,"column":21},"end":{"line":3,"column":22}},"loc":{"start":{"line":3,"column":36},"end":{"line":5,"column":1}},"line":3}},"branchMap":{},"s":{"0":34,"1":34},"f":{"0":34},"b":{},"_coverageSchema":"1a1c01bbd47fc00a2c39e90264f33305004495a9","hash":"0d4580af6acc648ddf96ea8cc9af188f7b623323"}
,"E:\\work\\github-pro\\vue-easytable\\branches\\context-menu\\packages\\ve-dropdown\\src\\index.jsx": {"path":"E:\\work\\github-pro\\vue-easytable\\branches\\context-menu\\packages\\ve-dropdown\\src\\index.jsx","statementMap":{"0":{"start":{"line":106,"column":8},"end":{"line":110,"column":10}},"1":{"start":{"line":115,"column":12},"end":{"line":115,"column":75}},"2":{"start":{"line":120,"column":25},"end":{"line":120,"column":33}},"3":{"start":{"line":121,"column":27},"end":{"line":121,"column":40}},"4":{"start":{"line":122,"column":24},"end":{"line":122,"column":34}},"5":{"start":{"line":124,"column":12},"end":{"line":126,"column":13}},"6":{"start":{"line":125,"column":16},"end":{"line":125,"column":34}},"7":{"start":{"line":128,"column":12},"end":{"line":128,"column":26}},"8":{"start":{"line":132,"column":12},"end":{"line":138,"column":19}},"9":{"start":{"line":133,"column":31},"end":{"line":133,"column":41}},"10":{"start":{"line":135,"column":20},"end":{"line":137,"column":21}},"11":{"start":{"line":136,"column":24},"end":{"line":136,"column":39}},"12":{"start":{"line":142,"column":25},"end":{"line":142,"column":29}},"13":{"start":{"line":143,"column":12},"end":{"line":145,"column":14}},"14":{"start":{"line":147,"column":12},"end":{"line":147,"column":26}},"15":{"start":{"line":151,"column":12},"end":{"line":154,"column":14}},"16":{"start":{"line":159,"column":12},"end":{"line":159,"column":24}},"17":{"start":{"line":165,"column":12},"end":{"line":165,"column":65}},"18":{"start":{"line":167,"column":12},"end":{"line":169,"column":13}},"19":{"start":{"line":168,"column":16},"end":{"line":168,"column":37}},"20":{"start":{"line":175,"column":12},"end":{"line":175,"column":54}},"21":{"start":{"line":176,"column":12},"end":{"line":176,"column":73}},"22":{"start":{"line":177,"column":12},"end":{"line":177,"column":32}},"23":{"start":{"line":182,"column":12},"end":{"line":194,"column":13}},"24":{"start":{"line":182,"column":49},"end":{"line":182,"column":59}},"25":{"start":{"line":183,"column":16},"end":{"line":188,"column":19}},"26":{"start":{"line":184,"column":20},"end":{"line":186,"column":21}},"27":{"start":{"line":185,"column":24},"end":{"line":185,"column":43}},"28":{"start":{"line":187,"column":20},"end":{"line":187,"column":29}},"29":{"start":{"line":191,"column":16},"end":{"line":191,"column":58}},"30":{"start":{"line":193,"column":16},"end":{"line":193,"column":75}},"31":{"start":{"line":196,"column":12},"end":{"line":196,"column":32}},"32":{"start":{"line":200,"column":12},"end":{"line":200,"column":58}},"33":{"start":{"line":202,"column":12},"end":{"line":206,"column":13}},"34":{"start":{"line":203,"column":16},"end":{"line":205,"column":24}},"35":{"start":{"line":204,"column":20},"end":{"line":204,"column":49}},"36":{"start":{"line":210,"column":12},"end":{"line":212,"column":13}},"37":{"start":{"line":211,"column":16},"end":{"line":211,"column":44}},"38":{"start":{"line":213,"column":12},"end":{"line":213,"column":57}},"39":{"start":{"line":220,"column":12},"end":{"line":220,"column":41}},"40":{"start":{"line":221,"column":12},"end":{"line":223,"column":13}},"41":{"start":{"line":222,"column":16},"end":{"line":222,"column":39}},"42":{"start":{"line":225,"column":12},"end":{"line":225,"column":37}},"43":{"start":{"line":230,"column":12},"end":{"line":238,"column":13}},"44":{"start":{"line":231,"column":16},"end":{"line":231,"column":36}},"45":{"start":{"line":233,"column":16},"end":{"line":233,"column":36}},"46":{"start":{"line":235,"column":16},"end":{"line":237,"column":19}},"47":{"start":{"line":236,"column":20},"end":{"line":236,"column":41}},"48":{"start":{"line":243,"column":12},"end":{"line":250,"column":15}},"49":{"start":{"line":244,"column":16},"end":{"line":248,"column":17}},"50":{"start":{"line":245,"column":20},"end":{"line":245,"column":38}},"51":{"start":{"line":247,"column":20},"end":{"line":247,"column":39}},"52":{"start":{"line":249,"column":16},"end":{"line":249,"column":25}},"53":{"start":{"line":252,"column":12},"end":{"line":254,"column":13}},"54":{"start":{"line":253,"column":16},"end":{"line":253,"column":38}},"55":{"start":{"line":256,"column":12},"end":{"line":258,"column":13}},"56":{"start":{"line":257,"column":16},"end":{"line":257,"column":37}},"57":{"start":{"line":261,"column":12},"end":{"line":261,"column":54}},"58":{"start":{"line":263,"column":12},"end":{"line":263,"column":77}},"59":{"start":{"line":268,"column":12},"end":{"line":268,"column":59}},"60":{"start":{"line":273,"column":12},"end":{"line":273,"column":32}},"61":{"start":{"line":278,"column":24},"end":{"line":278,"column":65}},"62":{"start":{"line":279,"column":25},"end":{"line":279,"column":69}},"63":{"start":{"line":280,"column":12},"end":{"line":280,"column":67}},"64":{"start":{"line":285,"column":12},"end":{"line":285,"column":33}},"65":{"start":{"line":286,"column":24},"end":{"line":286,"column":65}},"66":{"start":{"line":287,"column":25},"end":{"line":287,"column":69}},"67":{"start":{"line":288,"column":12},"end":{"line":288,"column":67}},"68":{"start":{"line":293,"column":12},"end":{"line":298,"column":15}},"69":{"start":{"line":294,"column":16},"end":{"line":296,"column":17}},"70":{"start":{"line":295,"column":20},"end":{"line":295,"column":43}},"71":{"start":{"line":297,"column":16},"end":{"line":297,"column":25}},"72":{"start":{"line":300,"column":12},"end":{"line":300,"column":77}},"73":{"start":{"line":305,"column":8},"end":{"line":305,"column":20}},"74":{"start":{"line":308,"column":8},"end":{"line":308,"column":30}},"75":{"start":{"line":325,"column":12},"end":{"line":325,"column":16}},"76":{"start":{"line":327,"column":22},"end":{"line":327,"column":24}},"77":{"start":{"line":329,"column":8},"end":{"line":392,"column":9}},"78":{"start":{"line":330,"column":12},"end":{"line":357,"column":15}},"79":{"start":{"line":331,"column":38},"end":{"line":343,"column":17}},"80":{"start":{"line":341,"column":28},"end":{"line":341,"column":70}},"81":{"start":{"line":345,"column":16},"end":{"line":356,"column":18}},"82":{"start":{"line":359,"column":12},"end":{"line":391,"column":15}},"83":{"start":{"line":360,"column":35},"end":{"line":368,"column":17}},"84":{"start":{"line":370,"column":16},"end":{"line":390,"column":18}},"85":{"start":{"line":377,"column":41},"end":{"line":377,"column":73}},"86":{"start":{"line":394,"column":30},"end":{"line":402,"column":9}},"87":{"start":{"line":404,"column":8},"end":{"line":462,"column":10}}},"fnMap":{"0":{"name":"(anonymous_0)","decl":{"start":{"line":105,"column":4},"end":{"line":105,"column":5}},"loc":{"start":{"line":105,"column":11},"end":{"line":111,"column":5}},"line":105},"1":{"name":"(anonymous_1)","decl":{"start":{"line":114,"column":8},"end":{"line":114,"column":9}},"loc":{"start":{"line":114,"column":28},"end":{"line":116,"column":9}},"line":114},"2":{"name":"(anonymous_2)","decl":{"start":{"line":119,"column":8},"end":{"line":119,"column":9}},"loc":{"start":{"line":119,"column":22},"end":{"line":129,"column":9}},"line":119},"3":{"name":"(anonymous_3)","decl":{"start":{"line":131,"column":8},"end":{"line":131,"column":9}},"loc":{"start":{"line":131,"column":25},"end":{"line":139,"column":9}},"line":131},"4":{"name":"(anonymous_4)","decl":{"start":{"line":133,"column":24},"end":{"line":133,"column":25}},"loc":{"start":{"line":133,"column":31},"end":{"line":133,"column":41}},"line":133},"5":{"name":"(anonymous_5)","decl":{"start":{"line":134,"column":21},"end":{"line":134,"column":22}},"loc":{"start":{"line":134,"column":28},"end":{"line":138,"column":17}},"line":134},"6":{"name":"(anonymous_6)","decl":{"start":{"line":141,"column":8},"end":{"line":141,"column":9}},"loc":{"start":{"line":141,"column":31},"end":{"line":148,"column":9}},"line":141},"7":{"name":"(anonymous_7)","decl":{"start":{"line":150,"column":8},"end":{"line":150,"column":9}},"loc":{"start":{"line":150,"column":29},"end":{"line":155,"column":9}},"line":150},"8":{"name":"(anonymous_8)","decl":{"start":{"line":158,"column":15},"end":{"line":158,"column":16}},"loc":{"start":{"line":158,"column":27},"end":{"line":160,"column":9}},"line":158},"9":{"name":"(anonymous_9)","decl":{"start":{"line":164,"column":8},"end":{"line":164,"column":9}},"loc":{"start":{"line":164,"column":15},"end":{"line":170,"column":9}},"line":164},"10":{"name":"(anonymous_10)","decl":{"start":{"line":173,"column":8},"end":{"line":173,"column":9}},"loc":{"start":{"line":173,"column":18},"end":{"line":178,"column":9}},"line":173},"11":{"name":"(anonymous_11)","decl":{"start":{"line":181,"column":8},"end":{"line":181,"column":9}},"loc":{"start":{"line":181,"column":16},"end":{"line":197,"column":9}},"line":181},"12":{"name":"(anonymous_12)","decl":{"start":{"line":182,"column":42},"end":{"line":182,"column":43}},"loc":{"start":{"line":182,"column":49},"end":{"line":182,"column":59}},"line":182},"13":{"name":"(anonymous_13)","decl":{"start":{"line":183,"column":41},"end":{"line":183,"column":42}},"loc":{"start":{"line":183,"column":48},"end":{"line":188,"column":17}},"line":183},"14":{"name":"(anonymous_14)","decl":{"start":{"line":199,"column":8},"end":{"line":199,"column":9}},"loc":{"start":{"line":199,"column":23},"end":{"line":207,"column":9}},"line":199},"15":{"name":"(anonymous_15)","decl":{"start":{"line":203,"column":27},"end":{"line":203,"column":28}},"loc":{"start":{"line":203,"column":33},"end":{"line":205,"column":17}},"line":203},"16":{"name":"(anonymous_16)","decl":{"start":{"line":209,"column":8},"end":{"line":209,"column":9}},"loc":{"start":{"line":209,"column":23},"end":{"line":214,"column":9}},"line":209},"17":{"name":"(anonymous_17)","decl":{"start":{"line":217,"column":8},"end":{"line":217,"column":9}},"loc":{"start":{"line":217,"column":24},"end":{"line":226,"column":9}},"line":217},"18":{"name":"(anonymous_18)","decl":{"start":{"line":229,"column":8},"end":{"line":229,"column":9}},"loc":{"start":{"line":229,"column":25},"end":{"line":239,"column":9}},"line":229},"19":{"name":"(anonymous_19)","decl":{"start":{"line":235,"column":31},"end":{"line":235,"column":32}},"loc":{"start":{"line":235,"column":37},"end":{"line":237,"column":17}},"line":235},"20":{"name":"(anonymous_20)","decl":{"start":{"line":242,"column":8},"end":{"line":242,"column":9}},"loc":{"start":{"line":242,"column":41},"end":{"line":264,"column":9}},"line":242},"21":{"name":"(anonymous_21)","decl":{"start":{"line":243,"column":60},"end":{"line":243,"column":61}},"loc":{"start":{"line":243,"column":67},"end":{"line":250,"column":13}},"line":243},"22":{"name":"(anonymous_22)","decl":{"start":{"line":267,"column":8},"end":{"line":267,"column":9}},"loc":{"start":{"line":267,"column":28},"end":{"line":269,"column":9}},"line":267},"23":{"name":"(anonymous_23)","decl":{"start":{"line":272,"column":8},"end":{"line":272,"column":9}},"loc":{"start":{"line":272,"column":23},"end":{"line":274,"column":9}},"line":272},"24":{"name":"(anonymous_24)","decl":{"start":{"line":277,"column":8},"end":{"line":277,"column":9}},"loc":{"start":{"line":277,"column":24},"end":{"line":281,"column":9}},"line":277},"25":{"name":"(anonymous_25)","decl":{"start":{"line":284,"column":8},"end":{"line":284,"column":9}},"loc":{"start":{"line":284,"column":25},"end":{"line":289,"column":9}},"line":284},"26":{"name":"(anonymous_26)","decl":{"start":{"line":292,"column":8},"end":{"line":292,"column":9}},"loc":{"start":{"line":292,"column":46},"end":{"line":301,"column":9}},"line":292},"27":{"name":"(anonymous_27)","decl":{"start":{"line":293,"column":60},"end":{"line":293,"column":61}},"loc":{"start":{"line":293,"column":67},"end":{"line":298,"column":13}},"line":293},"28":{"name":"(anonymous_28)","decl":{"start":{"line":304,"column":4},"end":{"line":304,"column":5}},"loc":{"start":{"line":304,"column":14},"end":{"line":306,"column":5}},"line":304},"29":{"name":"(anonymous_29)","decl":{"start":{"line":307,"column":4},"end":{"line":307,"column":5}},"loc":{"start":{"line":307,"column":14},"end":{"line":309,"column":5}},"line":307},"30":{"name":"(anonymous_30)","decl":{"start":{"line":311,"column":4},"end":{"line":311,"column":5}},"loc":{"start":{"line":311,"column":13},"end":{"line":463,"column":5}},"line":311},"31":{"name":"(anonymous_31)","decl":{"start":{"line":330,"column":42},"end":{"line":330,"column":43}},"loc":{"start":{"line":330,"column":59},"end":{"line":357,"column":13}},"line":330},"32":{"name":"(anonymous_32)","decl":{"start":{"line":340,"column":45},"end":{"line":340,"column":46}},"loc":{"start":{"line":341,"column":28},"end":{"line":341,"column":70}},"line":341},"33":{"name":"(anonymous_33)","decl":{"start":{"line":359,"column":42},"end":{"line":359,"column":43}},"loc":{"start":{"line":359,"column":59},"end":{"line":391,"column":13}},"line":359},"34":{"name":"(anonymous_34)","decl":{"start":{"line":366,"column":43},"end":{"line":366,"column":44}},"loc":{"start":{"line":366,"column":49},"end":{"line":366,"column":51}},"line":366},"35":{"name":"(anonymous_35)","decl":{"start":{"line":377,"column":34},"end":{"line":377,"column":35}},"loc":{"start":{"line":377,"column":41},"end":{"line":377,"column":73}},"line":377}},"branchMap":{"0":{"loc":{"start":{"line":115,"column":19},"end":{"line":115,"column":74}},"type":"cond-expr","locations":[{"start":{"line":115,"column":39},"end":{"line":115,"column":51}},{"start":{"line":115,"column":54},"end":{"line":115,"column":74}}],"line":115},"1":{"loc":{"start":{"line":124,"column":12},"end":{"line":126,"column":13}},"type":"if","locations":[{"start":{"line":124,"column":12},"end":{"line":126,"column":13}},{"start":{"line":124,"column":12},"end":{"line":126,"column":13}}],"line":124},"2":{"loc":{"start":{"line":124,"column":16},"end":{"line":124,"column":60}},"type":"binary-expr","locations":[{"start":{"line":124,"column":16},"end":{"line":124,"column":24}},{"start":{"line":124,"column":28},"end":{"line":124,"column":40}},{"start":{"line":124,"column":44},"end":{"line":124,"column":60}}],"line":124},"3":{"loc":{"start":{"line":135,"column":20},"end":{"line":137,"column":21}},"type":"if","locations":[{"start":{"line":135,"column":20},"end":{"line":137,"column":21}},{"start":{"line":135,"column":20},"end":{"line":137,"column":21}}],"line":135},"4":{"loc":{"start":{"line":167,"column":12},"end":{"line":169,"column":13}},"type":"if","locations":[{"start":{"line":167,"column":12},"end":{"line":169,"column":13}},{"start":{"line":167,"column":12},"end":{"line":169,"column":13}}],"line":167},"5":{"loc":{"start":{"line":182,"column":12},"end":{"line":194,"column":13}},"type":"if","locations":[{"start":{"line":182,"column":12},"end":{"line":194,"column":13}},{"start":{"line":182,"column":12},"end":{"line":194,"column":13}}],"line":182},"6":{"loc":{"start":{"line":184,"column":20},"end":{"line":186,"column":21}},"type":"if","locations":[{"start":{"line":184,"column":20},"end":{"line":186,"column":21}},{"start":{"line":184,"column":20},"end":{"line":186,"column":21}}],"line":184},"7":{"loc":{"start":{"line":202,"column":12},"end":{"line":206,"column":13}},"type":"if","locations":[{"start":{"line":202,"column":12},"end":{"line":206,"column":13}},{"start":{"line":202,"column":12},"end":{"line":206,"column":13}}],"line":202},"8":{"loc":{"start":{"line":210,"column":12},"end":{"line":212,"column":13}},"type":"if","locations":[{"start":{"line":210,"column":12},"end":{"line":212,"column":13}},{"start":{"line":210,"column":12},"end":{"line":212,"column":13}}],"line":210},"9":{"loc":{"start":{"line":221,"column":12},"end":{"line":223,"column":13}},"type":"if","locations":[{"start":{"line":221,"column":12},"end":{"line":223,"column":13}},{"start":{"line":221,"column":12},"end":{"line":223,"column":13}}],"line":221},"10":{"loc":{"start":{"line":221,"column":16},"end":{"line":221,"column":58}},"type":"binary-expr","locations":[{"start":{"line":221,"column":16},"end":{"line":221,"column":37}},{"start":{"line":221,"column":41},"end":{"line":221,"column":58}}],"line":221},"11":{"loc":{"start":{"line":230,"column":12},"end":{"line":238,"column":13}},"type":"if","locations":[{"start":{"line":230,"column":12},"end":{"line":238,"column":13}},{"start":{"line":230,"column":12},"end":{"line":238,"column":13}}],"line":230},"12":{"loc":{"start":{"line":244,"column":16},"end":{"line":248,"column":17}},"type":"if","locations":[{"start":{"line":244,"column":16},"end":{"line":248,"column":17}},{"start":{"line":244,"column":16},"end":{"line":248,"column":17}}],"line":244},"13":{"loc":{"start":{"line":252,"column":12},"end":{"line":254,"column":13}},"type":"if","locations":[{"start":{"line":252,"column":12},"end":{"line":254,"column":13}},{"start":{"line":252,"column":12},"end":{"line":254,"column":13}}],"line":252},"14":{"loc":{"start":{"line":256,"column":12},"end":{"line":258,"column":13}},"type":"if","locations":[{"start":{"line":256,"column":12},"end":{"line":258,"column":13}},{"start":{"line":256,"column":12},"end":{"line":258,"column":13}}],"line":256},"15":{"loc":{"start":{"line":294,"column":16},"end":{"line":296,"column":17}},"type":"if","locations":[{"start":{"line":294,"column":16},"end":{"line":296,"column":17}},{"start":{"line":294,"column":16},"end":{"line":296,"column":17}}],"line":294},"16":{"loc":{"start":{"line":329,"column":8},"end":{"line":392,"column":9}},"type":"if","locations":[{"start":{"line":329,"column":8},"end":{"line":392,"column":9}},{"start":{"line":329,"column":8},"end":{"line":392,"column":9}}],"line":329},"17":{"loc":{"start":{"line":375,"column":28},"end":{"line":375,"column":57}},"type":"cond-expr","locations":[{"start":{"line":375,"column":44},"end":{"line":375,"column":52}},{"start":{"line":375,"column":55},"end":{"line":375,"column":57}}],"line":375},"18":{"loc":{"start":{"line":383,"column":29},"end":{"line":387,"column":29}},"type":"cond-expr","locations":[{"start":{"line":384,"column":32},"end":{"line":384,"column":79}},{"start":{"line":386,"column":32},"end":{"line":386,"column":42}}],"line":383},"19":{"loc":{"start":{"line":408,"column":32},"end":{"line":408,"column":70}},"type":"cond-expr","locations":[{"start":{"line":408,"column":43},"end":{"line":408,"column":65}},{"start":{"line":408,"column":68},"end":{"line":408,"column":70}}],"line":408},"20":{"loc":{"start":{"line":424,"column":25},"end":{"line":424,"column":73}},"type":"binary-expr","locations":[{"start":{"line":424,"column":25},"end":{"line":424,"column":40}},{"start":{"line":424,"column":44},"end":{"line":424,"column":73}}],"line":424},"21":{"loc":{"start":{"line":426,"column":25},"end":{"line":458,"column":25}},"type":"binary-expr","locations":[{"start":{"line":426,"column":25},"end":{"line":426,"column":41}},{"start":{"line":427,"column":28},"end":{"line":457,"column":34}}],"line":426},"22":{"loc":{"start":{"line":436,"column":33},"end":{"line":456,"column":33}},"type":"binary-expr","locations":[{"start":{"line":436,"column":33},"end":{"line":436,"column":46}},{"start":{"line":437,"column":36},"end":{"line":455,"column":41}}],"line":436}},"s":{"0":57,"1":71,"2":57,"3":57,"4":57,"5":57,"6":0,"7":57,"8":34,"9":120,"10":32,"11":32,"12":32,"13":32,"14":32,"15":71,"16":12,"17":69,"18":69,"19":2,"20":4,"21":4,"22":4,"23":4,"24":5,"25":4,"26":16,"27":6,"28":16,"29":4,"30":4,"31":4,"32":10,"33":10,"34":10,"35":4,"36":10,"37":9,"38":10,"39":2,"40":2,"41":2,"42":2,"43":12,"44":2,"45":10,"46":10,"47":10,"48":7,"49":23,"50":7,"51":16,"52":23,"53":7,"54":3,"55":7,"56":0,"57":7,"58":7,"59":357,"60":0,"61":67,"62":67,"63":67,"64":57,"65":57,"66":57,"67":57,"68":2,"69":8,"70":2,"71":8,"72":2,"73":57,"74":57,"75":117,"76":117,"77":117,"78":21,"79":71,"80":2,"81":71,"82":96,"83":286,"84":286,"85":7,"86":117,"87":117},"f":{"0":57,"1":71,"2":57,"3":34,"4":120,"5":32,"6":32,"7":71,"8":12,"9":69,"10":4,"11":4,"12":5,"13":16,"14":10,"15":4,"16":10,"17":2,"18":12,"19":10,"20":7,"21":23,"22":357,"23":0,"24":67,"25":57,"26":2,"27":8,"28":57,"29":57,"30":117,"31":71,"32":2,"33":286,"34":0,"35":7},"b":{"0":[5,66],"1":[0,57],"2":[57,0,0],"3":[32,0],"4":[2,67],"5":[4,0],"6":[6,10],"7":[10,0],"8":[9,1],"9":[2,0],"10":[2,2],"11":[2,10],"12":[7,16],"13":[3,4],"14":[0,7],"15":[2,6],"16":[21,96],"17":[86,200],"18":[43,243],"19":[43,74],"20":[117,6],"21":[117,111],"22":[111,37]},"_coverageSchema":"1a1c01bbd47fc00a2c39e90264f33305004495a9","hash":"26c6b827b5e90778824f26de87f15ece9585ddb2"}
,"E:\\work\\github-pro\\vue-easytable\\branches\\context-menu\\packages\\ve-icon\\index.js": {"path":"E:\\work\\github-pro\\vue-easytable\\branches\\context-menu\\packages\\ve-icon\\index.js","statementMap":{"0":{"start":{"line":3,"column":0},"end":{"line":5,"column":2}},"1":{"start":{"line":4,"column":4},"end":{"line":4,"column":39}}},"fnMap":{"0":{"name":"(anonymous_0)","decl":{"start":{"line":3,"column":17},"end":{"line":3,"column":18}},"loc":{"start":{"line":3,"column":32},"end":{"line":5,"column":1}},"line":3}},"branchMap":{},"s":{"0":34,"1":34},"f":{"0":34},"b":{},"_coverageSchema":"1a1c01bbd47fc00a2c39e90264f33305004495a9","hash":"2d93991ecc476c3cc408de4ccb4f20d62414ab4b"}
,"E:\\work\\github-pro\\vue-easytable\\branches\\context-menu\\packages\\ve-icon\\src\\index.jsx": {"path":"E:\\work\\github-pro\\vue-easytable\\branches\\context-menu\\packages\\ve-icon\\src\\index.jsx","statementMap":{"0":{"start":{"line":27,"column":36},"end":{"line":27,"column":40}},"1":{"start":{"line":29,"column":25},"end":{"line":32,"column":13}},"2":{"start":{"line":34,"column":12},"end":{"line":34,"column":26}},"3":{"start":{"line":39,"column":29},"end":{"line":39,"column":33}},"4":{"start":{"line":41,"column":12},"end":{"line":43,"column":13}},"5":{"start":{"line":42,"column":16},"end":{"line":42,"column":80}},"6":{"start":{"line":44,"column":12},"end":{"line":44,"column":51}},"7":{"start":{"line":49,"column":41},"end":{"line":49,"column":45}},"8":{"start":{"line":50,"column":8},"end":{"line":50,"column":70}}},"fnMap":{"0":{"name":"(anonymous_0)","decl":{"start":{"line":26,"column":8},"end":{"line":26,"column":9}},"loc":{"start":{"line":26,"column":20},"end":{"line":35,"column":9}},"line":26},"1":{"name":"(anonymous_1)","decl":{"start":{"line":38,"column":8},"end":{"line":38,"column":9}},"loc":{"start":{"line":38,"column":20},"end":{"line":45,"column":9}},"line":38},"2":{"name":"(anonymous_2)","decl":{"start":{"line":48,"column":4},"end":{"line":48,"column":5}},"loc":{"start":{"line":48,"column":13},"end":{"line":51,"column":5}},"line":48}},"branchMap":{"0":{"loc":{"start":{"line":41,"column":12},"end":{"line":43,"column":13}},"type":"if","locations":[{"start":{"line":41,"column":12},"end":{"line":43,"column":13}},{"start":{"line":41,"column":12},"end":{"line":43,"column":13}}],"line":41}},"s":{"0":211,"1":211,"2":211,"3":211,"4":211,"5":1,"6":211,"7":211,"8":211},"f":{"0":211,"1":211,"2":211},"b":{"0":[1,210]},"_coverageSchema":"1a1c01bbd47fc00a2c39e90264f33305004495a9","hash":"46a51dc1ec0c4173880859a3c7dd22f9e67df3c9"}
,"E:\\work\\github-pro\\vue-easytable\\branches\\context-menu\\packages\\ve-loading\\index.js": {"path":"E:\\work\\github-pro\\vue-easytable\\branches\\context-menu\\packages\\ve-loading\\index.js","statementMap":{"0":{"start":{"line":4,"column":0},"end":{"line":6,"column":2}},"1":{"start":{"line":5,"column":4},"end":{"line":5,"column":41}}},"fnMap":{"0":{"name":"(anonymous_0)","decl":{"start":{"line":4,"column":20},"end":{"line":4,"column":21}},"loc":{"start":{"line":4,"column":35},"end":{"line":6,"column":1}},"line":4}},"branchMap":{},"s":{"0":34,"1":34},"f":{"0":34},"b":{},"_coverageSchema":"1a1c01bbd47fc00a2c39e90264f33305004495a9","hash":"ab8eb7f96b73e7efc5819fda80760d78ab4f9647"}
,"E:\\work\\github-pro\\vue-easytable\\branches\\context-menu\\packages\\ve-loading\\src\\bounce.jsx": {"path":"E:\\work\\github-pro\\vue-easytable\\branches\\context-menu\\packages\\ve-loading\\src\\bounce.jsx","statementMap":{"0":{"start":{"line":24,"column":38},"end":{"line":24,"column":42}},"1":{"start":{"line":26,"column":25},"end":{"line":29,"column":13}},"2":{"start":{"line":31,"column":12},"end":{"line":31,"column":26}},"3":{"start":{"line":34,"column":30},"end":{"line":34,"column":34}},"4":{"start":{"line":36,"column":12},"end":{"line":38,"column":14}},"5":{"start":{"line":42,"column":41},"end":{"line":42,"column":45}},"6":{"start":{"line":43,"column":8},"end":{"line":48,"column":10}}},"fnMap":{"0":{"name":"(anonymous_0)","decl":{"start":{"line":23,"column":8},"end":{"line":23,"column":9}},"loc":{"start":{"line":23,"column":20},"end":{"line":32,"column":9}},"line":23},"1":{"name":"(anonymous_1)","decl":{"start":{"line":33,"column":8},"end":{"line":33,"column":9}},"loc":{"start":{"line":33,"column":20},"end":{"line":39,"column":9}},"line":33},"2":{"name":"(anonymous_2)","decl":{"start":{"line":41,"column":4},"end":{"line":41,"column":5}},"loc":{"start":{"line":41,"column":13},"end":{"line":49,"column":5}},"line":41}},"branchMap":{},"s":{"0":3,"1":3,"2":3,"3":3,"4":3,"5":3,"6":3},"f":{"0":3,"1":3,"2":3},"b":{},"_coverageSchema":"1a1c01bbd47fc00a2c39e90264f33305004495a9","hash":"61cd1bf38ac5aa378c77c2751fcdee6ff5dcda36"}
,"E:\\work\\github-pro\\vue-easytable\\branches\\context-menu\\packages\\ve-loading\\src\\flow.jsx": {"path":"E:\\work\\github-pro\\vue-easytable\\branches\\context-menu\\packages\\ve-loading\\src\\flow.jsx","statementMap":{"0":{"start":{"line":24,"column":38},"end":{"line":24,"column":42}},"1":{"start":{"line":26,"column":25},"end":{"line":29,"column":13}},"2":{"start":{"line":31,"column":12},"end":{"line":31,"column":26}},"3":{"start":{"line":34,"column":30},"end":{"line":34,"column":34}},"4":{"start":{"line":36,"column":12},"end":{"line":38,"column":14}},"5":{"start":{"line":42,"column":41},"end":{"line":42,"column":45}},"6":{"start":{"line":43,"column":8},"end":{"line":49,"column":10}}},"fnMap":{"0":{"name":"(anonymous_0)","decl":{"start":{"line":23,"column":8},"end":{"line":23,"column":9}},"loc":{"start":{"line":23,"column":20},"end":{"line":32,"column":9}},"line":23},"1":{"name":"(anonymous_1)","decl":{"start":{"line":33,"column":8},"end":{"line":33,"column":9}},"loc":{"start":{"line":33,"column":20},"end":{"line":39,"column":9}},"line":33},"2":{"name":"(anonymous_2)","decl":{"start":{"line":41,"column":4},"end":{"line":41,"column":5}},"loc":{"start":{"line":41,"column":13},"end":{"line":50,"column":5}},"line":41}},"branchMap":{},"s":{"0":1,"1":1,"2":1,"3":1,"4":1,"5":1,"6":1},"f":{"0":1,"1":1,"2":1},"b":{},"_coverageSchema":"1a1c01bbd47fc00a2c39e90264f33305004495a9","hash":"69d45dfc9e388fc7093078adadfd3232fa79e908"}
,"E:\\work\\github-pro\\vue-easytable\\branches\\context-menu\\packages\\ve-loading\\src\\grid.jsx": {"path":"E:\\work\\github-pro\\vue-easytable\\branches\\context-menu\\packages\\ve-loading\\src\\grid.jsx","statementMap":{"0":{"start":{"line":24,"column":38},"end":{"line":24,"column":42}},"1":{"start":{"line":26,"column":25},"end":{"line":29,"column":13}},"2":{"start":{"line":31,"column":12},"end":{"line":31,"column":26}},"3":{"start":{"line":34,"column":30},"end":{"line":34,"column":34}},"4":{"start":{"line":36,"column":12},"end":{"line":38,"column":14}},"5":{"start":{"line":42,"column":41},"end":{"line":42,"column":45}},"6":{"start":{"line":43,"column":8},"end":{"line":55,"column":10}}},"fnMap":{"0":{"name":"(anonymous_0)","decl":{"start":{"line":23,"column":8},"end":{"line":23,"column":9}},"loc":{"start":{"line":23,"column":20},"end":{"line":32,"column":9}},"line":23},"1":{"name":"(anonymous_1)","decl":{"start":{"line":33,"column":8},"end":{"line":33,"column":9}},"loc":{"start":{"line":33,"column":20},"end":{"line":39,"column":9}},"line":33},"2":{"name":"(anonymous_2)","decl":{"start":{"line":41,"column":4},"end":{"line":41,"column":5}},"loc":{"start":{"line":41,"column":13},"end":{"line":56,"column":5}},"line":41}},"branchMap":{},"s":{"0":1,"1":1,"2":1,"3":1,"4":1,"5":1,"6":1},"f":{"0":1,"1":1,"2":1},"b":{},"_coverageSchema":"1a1c01bbd47fc00a2c39e90264f33305004495a9","hash":"96c52a4993fb4eaa94e9d700d1a33316eda2d10f"}
,"E:\\work\\github-pro\\vue-easytable\\branches\\context-menu\\packages\\ve-loading\\src\\index.js": {"path":"E:\\work\\github-pro\\vue-easytable\\branches\\context-menu\\packages\\ve-loading\\src\\index.js","statementMap":{"0":{"start":{"line":8,"column":23},"end":{"line":21,"column":1}},"1":{"start":{"line":24,"column":30},"end":{"line":24,"column":56}},"2":{"start":{"line":26,"column":26},"end":{"line":26,"column":48}},"3":{"start":{"line":28,"column":27},"end":{"line":28,"column":48}},"4":{"start":{"line":31,"column":0},"end":{"line":38,"column":2}},"5":{"start":{"line":32,"column":4},"end":{"line":37,"column":7}},"6":{"start":{"line":33,"column":8},"end":{"line":35,"column":9}},"7":{"start":{"line":34,"column":12},"end":{"line":34,"column":55}},"8":{"start":{"line":36,"column":8},"end":{"line":36,"column":28}},"9":{"start":{"line":41,"column":0},"end":{"line":48,"column":2}},"10":{"start":{"line":42,"column":4},"end":{"line":47,"column":7}},"11":{"start":{"line":43,"column":8},"end":{"line":45,"column":9}},"12":{"start":{"line":44,"column":12},"end":{"line":44,"column":58}},"13":{"start":{"line":46,"column":8},"end":{"line":46,"column":29}},"14":{"start":{"line":51,"column":0},"end":{"line":60,"column":2}},"15":{"start":{"line":52,"column":4},"end":{"line":52,"column":54}},"16":{"start":{"line":53,"column":4},"end":{"line":53,"column":50}},"17":{"start":{"line":55,"column":4},"end":{"line":57,"column":5}},"18":{"start":{"line":56,"column":8},"end":{"line":56,"column":50}},"19":{"start":{"line":58,"column":4},"end":{"line":58,"column":20}},"20":{"start":{"line":59,"column":4},"end":{"line":59,"column":25}},"21":{"start":{"line":64,"column":4},"end":{"line":67,"column":7}},"22":{"start":{"line":72,"column":4},"end":{"line":74,"column":5}},"23":{"start":{"line":73,"column":8},"end":{"line":73,"column":75}},"24":{"start":{"line":79,"column":4},"end":{"line":79,"column":57}},"25":{"start":{"line":81,"column":4},"end":{"line":83,"column":5}},"26":{"start":{"line":82,"column":8},"end":{"line":82,"column":64}},"27":{"start":{"line":84,"column":4},"end":{"line":84,"column":53}},"28":{"start":{"line":86,"column":4},"end":{"line":86,"column":32}},"29":{"start":{"line":88,"column":4},"end":{"line":92,"column":5}},"30":{"start":{"line":89,"column":8},"end":{"line":89,"column":35}},"31":{"start":{"line":91,"column":8},"end":{"line":91,"column":34}},"32":{"start":{"line":94,"column":26},"end":{"line":94,"column":49}},"33":{"start":{"line":97,"column":4},"end":{"line":97,"column":75}},"34":{"start":{"line":99,"column":4},"end":{"line":99,"column":54}},"35":{"start":{"line":101,"column":4},"end":{"line":101,"column":54}},"36":{"start":{"line":103,"column":4},"end":{"line":103,"column":27}}},"fnMap":{"0":{"name":"(anonymous_0)","decl":{"start":{"line":31,"column":36},"end":{"line":31,"column":37}},"loc":{"start":{"line":31,"column":48},"end":{"line":38,"column":1}},"line":31},"1":{"name":"(anonymous_1)","decl":{"start":{"line":32,"column":17},"end":{"line":32,"column":18}},"loc":{"start":{"line":32,"column":23},"end":{"line":37,"column":5}},"line":32},"2":{"name":"(anonymous_2)","decl":{"start":{"line":41,"column":37},"end":{"line":41,"column":38}},"loc":{"start":{"line":41,"column":49},"end":{"line":48,"column":1}},"line":41},"3":{"name":"(anonymous_3)","decl":{"start":{"line":42,"column":17},"end":{"line":42,"column":18}},"loc":{"start":{"line":42,"column":23},"end":{"line":47,"column":5}},"line":42},"4":{"name":"(anonymous_4)","decl":{"start":{"line":51,"column":39},"end":{"line":51,"column":40}},"loc":{"start":{"line":51,"column":51},"end":{"line":60,"column":1}},"line":51},"5":{"name":"createInstance","decl":{"start":{"line":63,"column":9},"end":{"line":63,"column":23}},"loc":{"start":{"line":63,"column":38},"end":{"line":68,"column":1}},"line":63},"6":{"name":"checkSpinName","decl":{"start":{"line":71,"column":9},"end":{"line":71,"column":22}},"loc":{"start":{"line":71,"column":29},"end":{"line":75,"column":1}},"line":71},"7":{"name":"Loading","decl":{"start":{"line":78,"column":9},"end":{"line":78,"column":16}},"loc":{"start":{"line":78,"column":31},"end":{"line":104,"column":1}},"line":78}},"branchMap":{"0":{"loc":{"start":{"line":33,"column":8},"end":{"line":35,"column":9}},"type":"if","locations":[{"start":{"line":33,"column":8},"end":{"line":35,"column":9}},{"start":{"line":33,"column":8},"end":{"line":35,"column":9}}],"line":33},"1":{"loc":{"start":{"line":43,"column":8},"end":{"line":45,"column":9}},"type":"if","locations":[{"start":{"line":43,"column":8},"end":{"line":45,"column":9}},{"start":{"line":43,"column":8},"end":{"line":45,"column":9}}],"line":43},"2":{"loc":{"start":{"line":55,"column":4},"end":{"line":57,"column":5}},"type":"if","locations":[{"start":{"line":55,"column":4},"end":{"line":57,"column":5}},{"start":{"line":55,"column":4},"end":{"line":57,"column":5}}],"line":55},"3":{"loc":{"start":{"line":55,"column":8},"end":{"line":55,"column":39}},"type":"binary-expr","locations":[{"start":{"line":55,"column":8},"end":{"line":55,"column":16}},{"start":{"line":55,"column":20},"end":{"line":55,"column":39}}],"line":55},"4":{"loc":{"start":{"line":63,"column":24},"end":{"line":63,"column":36}},"type":"default-arg","locations":[{"start":{"line":63,"column":34},"end":{"line":63,"column":36}}],"line":63},"5":{"loc":{"start":{"line":72,"column":4},"end":{"line":74,"column":5}},"type":"if","locations":[{"start":{"line":72,"column":4},"end":{"line":74,"column":5}},{"start":{"line":72,"column":4},"end":{"line":74,"column":5}}],"line":72},"6":{"loc":{"start":{"line":78,"column":17},"end":{"line":78,"column":29}},"type":"default-arg","locations":[{"start":{"line":78,"column":27},"end":{"line":78,"column":29}}],"line":78},"7":{"loc":{"start":{"line":81,"column":4},"end":{"line":83,"column":5}},"type":"if","locations":[{"start":{"line":81,"column":4},"end":{"line":83,"column":5}},{"start":{"line":81,"column":4},"end":{"line":83,"column":5}}],"line":81},"8":{"loc":{"start":{"line":81,"column":8},"end":{"line":81,"column":71}},"type":"binary-expr","locations":[{"start":{"line":81,"column":8},"end":{"line":81,"column":42}},{"start":{"line":81,"column":46},"end":{"line":81,"column":71}}],"line":81},"9":{"loc":{"start":{"line":84,"column":21},"end":{"line":84,"column":52}},"type":"binary-expr","locations":[{"start":{"line":84,"column":21},"end":{"line":84,"column":35}},{"start":{"line":84,"column":39},"end":{"line":84,"column":52}}],"line":84},"10":{"loc":{"start":{"line":88,"column":4},"end":{"line":92,"column":5}},"type":"if","locations":[{"start":{"line":88,"column":4},"end":{"line":92,"column":5}},{"start":{"line":88,"column":4},"end":{"line":92,"column":5}}],"line":88},"11":{"loc":{"start":{"line":97,"column":23},"end":{"line":97,"column":74}},"type":"cond-expr","locations":[{"start":{"line":97,"column":44},"end":{"line":97,"column":57}},{"start":{"line":97,"column":60},"end":{"line":97,"column":74}}],"line":97}},"s":{"0":34,"1":34,"2":34,"3":34,"4":34,"5":8,"6":8,"7":1,"8":8,"9":34,"10":1,"11":1,"12":0,"13":1,"14":34,"15":1,"16":1,"17":1,"18":1,"19":1,"20":1,"21":12,"22":12,"23":0,"24":12,"25":12,"26":0,"27":12,"28":12,"29":12,"30":10,"31":2,"32":12,"33":12,"34":12,"35":12,"36":12},"f":{"0":8,"1":8,"2":1,"3":1,"4":1,"5":12,"6":12,"7":12},"b":{"0":[1,7],"1":[0,1],"2":[1,0],"3":[1,1],"4":[0],"5":[0,12],"6":[0],"7":[0,12],"8":[12,2],"9":[12,2],"10":[10,2],"11":[2,10]},"_coverageSchema":"1a1c01bbd47fc00a2c39e90264f33305004495a9","hash":"98be823750150aecd029001195d4441693cbbe5c"}
,"E:\\work\\github-pro\\vue-easytable\\branches\\context-menu\\packages\\ve-loading\\src\\loading.jsx": {"path":"E:\\work\\github-pro\\vue-easytable\\branches\\context-menu\\packages\\ve-loading\\src\\loading.jsx","statementMap":{"0":{"start":{"line":18,"column":44},"end":{"line":18,"column":48}},"1":{"start":{"line":19,"column":12},"end":{"line":23,"column":14}},"2":{"start":{"line":28,"column":47},"end":{"line":28,"column":51}},"3":{"start":{"line":30,"column":12},"end":{"line":32,"column":14}},"4":{"start":{"line":37,"column":41},"end":{"line":37,"column":45}},"5":{"start":{"line":39,"column":26},"end":{"line":45,"column":9}},"6":{"start":{"line":47,"column":8},"end":{"line":61,"column":10}}},"fnMap":{"0":{"name":"(anonymous_0)","decl":{"start":{"line":17,"column":8},"end":{"line":17,"column":9}},"loc":{"start":{"line":17,"column":23},"end":{"line":24,"column":9}},"line":17},"1":{"name":"(anonymous_1)","decl":{"start":{"line":27,"column":8},"end":{"line":27,"column":9}},"loc":{"start":{"line":27,"column":23},"end":{"line":33,"column":9}},"line":27},"2":{"name":"(anonymous_2)","decl":{"start":{"line":36,"column":4},"end":{"line":36,"column":5}},"loc":{"start":{"line":36,"column":13},"end":{"line":62,"column":5}},"line":36}},"branchMap":{},"s":{"0":21,"1":21,"2":12,"3":12,"4":21,"5":21,"6":21},"f":{"0":21,"1":12,"2":21},"b":{},"_coverageSchema":"1a1c01bbd47fc00a2c39e90264f33305004495a9","hash":"ce3c89bf81a0463eb26bf6e52c7de97944a43628"}
[...]
e":280,"column":57},"end":{"line":280,"column":62}}],"line":280},"28":{"loc":{"start":{"line":283,"column":20},"end":{"line":283,"column":78}},"type":"cond-expr","locations":[{"start":{"line":283,"column":39},"end":{"line":283,"column":45}},{"start":{"line":283,"column":48},"end":{"line":283,"column":78}}],"line":283},"29":{"loc":{"start":{"line":283,"column":48},"end":{"line":283,"column":78}},"type":"cond-expr","locations":[{"start":{"line":283,"column":68},"end":{"line":283,"column":70}},{"start":{"line":283,"column":73},"end":{"line":283,"column":78}}],"line":283},"30":{"loc":{"start":{"line":299,"column":12},"end":{"line":329,"column":13}},"type":"if","locations":[{"start":{"line":299,"column":12},"end":{"line":329,"column":13}},{"start":{"line":299,"column":12},"end":{"line":329,"column":13}}],"line":299},"31":{"loc":{"start":{"line":315,"column":32},"end":{"line":315,"column":64}},"type":"cond-expr","locations":[{"start":{"line":315,"column":51},"end":{"line":315,"column":59}},{"start":{"line":315,"column":62},"end":{"line":315,"column":64}}],"line":315},"32":{"loc":{"start":{"line":323,"column":32},"end":{"line":323,"column":65}},"type":"cond-expr","locations":[{"start":{"line":323,"column":52},"end":{"line":323,"column":60}},{"start":{"line":323,"column":63},"end":{"line":323,"column":65}}],"line":323},"33":{"loc":{"start":{"line":340,"column":12},"end":{"line":348,"column":13}},"type":"if","locations":[{"start":{"line":340,"column":12},"end":{"line":348,"column":13}},{"start":{"line":340,"column":12},"end":{"line":348,"column":13}}],"line":340},"34":{"loc":{"start":{"line":358,"column":12},"end":{"line":366,"column":13}},"type":"if","locations":[{"start":{"line":358,"column":12},"end":{"line":366,"column":13}},{"start":{"line":358,"column":12},"end":{"line":366,"column":13}}],"line":358},"35":{"loc":{"start":{"line":372,"column":12},"end":{"line":372,"column":23}},"type":"binary-expr","locations":[{"start":{"line":372,"column":12},"end":{"line":372,"column":14}},{"start":{"line":372,"column":18},"end":{"line":372,"column":23}}],"line":372},"36":{"loc":{"start":{"line":376,"column":12},"end":{"line":376,"column":23}},"type":"binary-expr","locations":[{"start":{"line":376,"column":12},"end":{"line":376,"column":14}},{"start":{"line":376,"column":18},"end":{"line":376,"column":23}}],"line":376},"37":{"loc":{"start":{"line":380,"column":12},"end":{"line":380,"column":23}},"type":"binary-expr","locations":[{"start":{"line":380,"column":12},"end":{"line":380,"column":14}},{"start":{"line":380,"column":18},"end":{"line":380,"column":23}}],"line":380},"38":{"loc":{"start":{"line":384,"column":12},"end":{"line":384,"column":23}},"type":"binary-expr","locations":[{"start":{"line":384,"column":12},"end":{"line":384,"column":14}},{"start":{"line":384,"column":18},"end":{"line":384,"column":23}}],"line":384},"39":{"loc":{"start":{"line":388,"column":12},"end":{"line":388,"column":23}},"type":"binary-expr","locations":[{"start":{"line":388,"column":12},"end":{"line":388,"column":14}},{"start":{"line":388,"column":18},"end":{"line":388,"column":23}}],"line":388},"40":{"loc":{"start":{"line":402,"column":8},"end":{"line":414,"column":9}},"type":"if","locations":[{"start":{"line":402,"column":8},"end":{"line":414,"column":9}},{"start":{"line":402,"column":8},"end":{"line":414,"column":9}}],"line":402},"41":{"loc":{"start":{"line":418,"column":8},"end":{"line":423,"column":9}},"type":"if","locations":[{"start":{"line":418,"column":8},"end":{"line":423,"column":9}},{"start":{"line":418,"column":8},"end":{"line":423,"column":9}}],"line":418},"42":{"loc":{"start":{"line":420,"column":27},"end":{"line":422,"column":20}},"type":"cond-expr","locations":[{"start":{"line":421,"column":18},"end":{"line":421,"column":73}},{"start":{"line":422,"column":18},"end":{"line":422,"column":20}}],"line":420}},"s":{"0":0,"1":0,"2":0,"3":0,"4":0,"5":0,"6":689,"7":689,"8":689,"9":689,"10":26,"11":198,"12":26,"13":32,"14":26,"15":20,"16":689,"17":689,"18":689,"19":689,"20":689,"21":25,"22":176,"23":25,"24":17,"25":689,"26":689,"27":689,"28":689,"29":689,"30":689,"31":689,"32":660,"33":147,"34":29,"35":5,"36":689,"37":699,"38":699,"39":699,"40":4,"41":4,"42":1,"43":699,"44":699,"45":699,"46":699,"47":699,"48":699,"49":51,"50":51,"51":51,"52":51,"53":26,"54":25,"55":25,"56":51,"57":51,"58":205,"59":51,"60":14,"61":14,"62":51,"63":51,"64":699,"65":699,"66":699,"67":54,"68":158,"69":699,"70":699,"71":699,"72":699,"73":699,"74":699,"75":12,"76":11,"77":11,"78":699,"79":4,"80":4,"81":4,"82":4,"83":4,"84":4,"85":2,"86":2,"87":4,"88":699,"89":699,"90":699,"91":699,"92":16,"93":16,"94":4,"95":16,"96":699,"97":699,"98":699,"99":699,"100":5,"101":5,"102":699,"103":699,"104":699,"105":699,"106":2,"107":2,"108":699,"109":18,"110":1,"111":1,"112":1,"113":1,"114":699,"115":699,"116":1,"117":1,"118":1,"119":698,"120":699,"121":699,"122":24,"123":24,"124":699,"125":699,"126":18,"127":1,"128":1,"129":1,"130":1,"131":699,"132":699},"f":{"0":0,"1":0,"2":0,"3":0,"4":0,"5":0,"6":689,"7":198,"8":32,"9":689,"10":176,"11":689,"12":699,"13":699,"14":205,"15":158,"16":699,"17":4,"18":699,"19":4,"20":699,"21":699,"22":18,"23":1,"24":1,"25":1,"26":1,"27":699,"28":18,"29":1,"30":1,"31":1,"32":1},"b":{"0":[26,663],"1":[20,6],"2":[25,664],"3":[17,8],"4":[689,0],"5":[660,29],"6":[147,513],"7":[5,24],"8":[4,695],"9":[699,8],"10":[1,3],"11":[699,229],"12":[51,648],"13":[26,25],"14":[25,0],"15":[22,3],"16":[51,0],"17":[14,37],"18":[51,26,45,25],"19":[26,25],"20":[25,26],"21":[699,0],"22":[54,645],"23":[72,86],"24":[12,687],"25":[11,1],"26":[2,2],"27":[1,1],"28":[0,2],"29":[0,2],"30":[16,683],"31":[8,8],"32":[1,15],"33":[5,694],"34":[2,697],"35":[18,1],"36":[1,1],"37":[1,1],"38":[1,1],"39":[1,1],"40":[1,698],"41":[24,675],"42":[4,20]},"_coverageSchema":"1a1c01bbd47fc00a2c39e90264f33305004495a9","hash":"ceb25dcfd972de4788bb1346b982d2429a6e3b17"}
,"E:\\work\\github-pro\\vue-easytable\\branches\\context-menu\\packages\\ve-table\\src\\header\\header-tr.jsx": {"path":"E:\\work\\github-pro\\vue-easytable\\branches\\context-menu\\packages\\ve-table\\src\\header\\header-tr.jsx","statementMap":{"0":{"start":{"line":22,"column":16},"end":{"line":22,"column":26}},"1":{"start":{"line":41,"column":16},"end":{"line":41,"column":28}},"2":{"start":{"line":48,"column":16},"end":{"line":48,"column":28}},"3":{"start":{"line":55,"column":16},"end":{"line":55,"column":28}},"4":{"start":{"line":62,"column":16},"end":{"line":62,"column":28}},"5":{"start":{"line":69,"column":16},"end":{"line":69,"column":28}},"6":{"start":{"line":76,"column":12},"end":{"line":83,"column":14}},"7":{"start":{"line":87,"column":12},"end":{"line":87,"column":24}},"8":{"start":{"line":91,"column":12},"end":{"line":91,"column":24}},"9":{"start":{"line":95,"column":12},"end":{"line":95,"column":24}},"10":{"start":{"line":99,"column":12},"end":{"line":99,"column":24}},"11":{"start":{"line":103,"column":12},"end":{"line":103,"column":24}},"12":{"start":{"line":119,"column":12},"end":{"line":119,"column":16}},"13":{"start":{"line":122,"column":27},"end":{"line":122,"column":29}},"14":{"start":{"line":123,"column":8},"end":{"line":126,"column":9}},"15":{"start":{"line":124,"column":40},"end":{"line":124,"column":57}},"16":{"start":{"line":125,"column":12},"end":{"line":125,"column":80}},"17":{"start":{"line":129,"column":12},"end":{"line":129,"column":24}},"18":{"start":{"line":131,"column":23},"end":{"line":147,"column":9}},"19":{"start":{"line":133,"column":16},"end":{"line":133,"column":40}},"20":{"start":{"line":136,"column":16},"end":{"line":136,"column":46}},"21":{"start":{"line":139,"column":16},"end":{"line":139,"column":52}},"22":{"start":{"line":142,"column":16},"end":{"line":142,"column":50}},"23":{"start":{"line":145,"column":16},"end":{"line":145,"column":50}},"24":{"start":{"line":149,"column":24},"end":{"line":162,"column":9}},"25":{"start":{"line":164,"column":8},"end":{"line":188,"column":10}},"26":{"start":{"line":168,"column":36},"end":{"line":183,"column":21}},"27":{"start":{"line":185,"column":20},"end":{"line":185,"column":53}}},"fnMap":{"0":{"name":"(anonymous_0)","decl":{"start":{"line":21,"column":21},"end":{"line":21,"column":22}},"loc":{"start":{"line":21,"column":33},"end":{"line":23,"column":13}},"line":21},"1":{"name":"(anonymous_1)","decl":{"start":{"line":40,"column":21},"end":{"line":40,"column":22}},"loc":{"start":{"line":40,"column":33},"end":{"line":42,"column":13}},"line":40},"2":{"name":"(anonymous_2)","decl":{"start":{"line":47,"column":21},"end":{"line":47,"column":22}},"loc":{"start":{"line":47,"column":33},"end":{"line":49,"column":13}},"line":47},"3":{"name":"(anonymous_3)","decl":{"start":{"line":54,"column":21},"end":{"line":54,"column":22}},"loc":{"start":{"line":54,"column":33},"end":{"line":56,"column":13}},"line":54},"4":{"name":"(anonymous_4)","decl":{"start":{"line":61,"column":21},"end":{"line":61,"column":22}},"loc":{"start":{"line":61,"column":33},"end":{"line":63,"column":13}},"line":61},"5":{"name":"(anonymous_5)","decl":{"start":{"line":68,"column":21},"end":{"line":68,"column":22}},"loc":{"start":{"line":68,"column":33},"end":{"line":70,"column":13}},"line":68},"6":{"name":"(anonymous_6)","decl":{"start":{"line":75,"column":8},"end":{"line":75,"column":9}},"loc":{"start":{"line":75,"column":35},"end":{"line":84,"column":9}},"line":75},"7":{"name":"(anonymous_7)","decl":{"start":{"line":86,"column":8},"end":{"line":86,"column":9}},"loc":{"start":{"line":86,"column":24},"end":{"line":88,"column":9}},"line":86},"8":{"name":"(anonymous_8)","decl":{"start":{"line":90,"column":8},"end":{"line":90,"column":9}},"loc":{"start":{"line":90,"column":27},"end":{"line":92,"column":9}},"line":90},"9":{"name":"(anonymous_9)","decl":{"start":{"line":94,"column":8},"end":{"line":94,"column":9}},"loc":{"start":{"line":94,"column":30},"end":{"line":96,"column":9}},"line":94},"10":{"name":"(anonymous_10)","decl":{"start":{"line":98,"column":8},"end":{"line":98,"column":9}},"loc":{"start":{"line":98,"column":29},"end":{"line":100,"column":9}},"line":98},"11":{"name":"(anonymous_11)","decl":{"start":{"line":102,"column":8},"end":{"line":102,"column":9}},"loc":{"start":{"line":102,"column":29},"end":{"line":104,"column":9}},"line":102},"12":{"name":"(anonymous_12)","decl":{"start":{"line":106,"column":4},"end":{"line":106,"column":5}},"loc":{"start":{"line":106,"column":13},"end":{"line":189,"column":5}},"line":106},"13":{"name":"(anonymous_13)","decl":{"start":{"line":132,"column":19},"end":{"line":132,"column":20}},"loc":{"start":{"line":132,"column":26},"end":{"line":134,"column":13}},"line":132},"14":{"name":"(anonymous_14)","decl":{"start":{"line":135,"column":22},"end":{"line":135,"column":23}},"loc":{"start":{"line":135,"column":29},"end":{"line":137,"column":13}},"line":135},"15":{"name":"(anonymous_15)","decl":{"start":{"line":138,"column":25},"end":{"line":138,"column":26}},"loc":{"start":{"line":138,"column":32},"end":{"line":140,"column":13}},"line":138},"16":{"name":"(anonymous_16)","decl":{"start":{"line":141,"column":24},"end":{"line":141,"column":25}},"loc":{"start":{"line":141,"column":31},"end":{"line":143,"column":13}},"line":141},"17":{"name":"(anonymous_17)","decl":{"start":{"line":144,"column":24},"end":{"line":144,"column":25}},"loc":{"start":{"line":144,"column":31},"end":{"line":146,"column":13}},"line":144},"18":{"name":"(anonymous_18)","decl":{"start":{"line":166,"column":33},"end":{"line":166,"column":34}},"loc":{"start":{"line":166,"column":54},"end":{"line":186,"column":17}},"line":166}},"branchMap":{"0":{"loc":{"start":{"line":87,"column":12},"end":{"line":87,"column":23}},"type":"binary-expr","locations":[{"start":{"line":87,"column":12},"end":{"line":87,"column":14}},{"start":{"line":87,"column":18},"end":{"line":87,"column":23}}],"line":87},"1":{"loc":{"start":{"line":91,"column":12},"end":{"line":91,"column":23}},"type":"binary-expr","locations":[{"start":{"line":91,"column":12},"end":{"line":91,"column":14}},{"start":{"line":91,"column":18},"end":{"line":91,"column":23}}],"line":91},"2":{"loc":{"start":{"line":95,"column":12},"end":{"line":95,"column":23}},"type":"binary-expr","locations":[{"start":{"line":95,"column":12},"end":{"line":95,"column":14}},{"start":{"line":95,"column":18},"end":{"line":95,"column":23}}],"line":95},"3":{"loc":{"start":{"line":99,"column":12},"end":{"line":99,"column":23}},"type":"binary-expr","locations":[{"start":{"line":99,"column":12},"end":{"line":99,"column":14}},{"start":{"line":99,"column":18},"end":{"line":99,"column":23}}],"line":99},"4":{"loc":{"start":{"line":103,"column":12},"end":{"line":103,"column":23}},"type":"binary-expr","locations":[{"start":{"line":103,"column":12},"end":{"line":103,"column":14}},{"start":{"line":103,"column":18},"end":{"line":103,"column":23}}],"line":103},"5":{"loc":{"start":{"line":123,"column":8},"end":{"line":126,"column":9}},"type":"if","locations":[{"start":{"line":123,"column":8},"end":{"line":126,"column":9}},{"start":{"line":123,"column":8},"end":{"line":126,"column":9}}],"line":123},"6":{"loc":{"start":{"line":125,"column":27},"end":{"line":125,"column":79}},"type":"cond-expr","locations":[{"start":{"line":125,"column":45},"end":{"line":125,"column":74}},{"start":{"line":125,"column":77},"end":{"line":125,"column":79}}],"line":125}},"s":{"0":0,"1":0,"2":0,"3":0,"4":0,"5":0,"6":0,"7":19,"8":2,"9":2,"10":1,"11":1,"12":168,"13":168,"14":168,"15":6,"16":6,"17":168,"18":168,"19":19,"20":2,"21":2,"22":1,"23":1,"24":168,"25":168,"26":693,"27":693},"f":{"0":0,"1":0,"2":0,"3":0,"4":0,"5":0,"6":0,"7":19,"8":2,"9":2,"10":1,"11":1,"12":168,"13":19,"14":2,"15":2,"16":1,"17":1,"18":693},"b":{"0":[19,1],"1":[2,1],"2":[2,1],"3":[1,1],"4":[1,1],"5":[6,162],"6":[1,5]},"_coverageSchema":"1a1c01bbd47fc00a2c39e90264f33305004495a9","hash":"c3a9418d5e8afd4bff698c60685cb075af7f3e3e"}
,"E:\\work\\github-pro\\vue-easytable\\branches\\context-menu\\packages\\ve-table\\src\\header\\index.jsx": {"path":"E:\\work\\github-pro\\vue-easytable\\branches\\context-menu\\packages\\ve-table\\src\\header\\index.jsx","statementMap":{"0":{"start":{"line":26,"column":16},"end":{"line":26,"column":26}},"1":{"start":{"line":33,"column":16},"end":{"line":33,"column":28}},"2":{"start":{"line":40,"column":16},"end":{"line":40,"column":28}},"3":{"start":{"line":47,"column":16},"end":{"line":47,"column":28}},"4":{"start":{"line":54,"column":16},"end":{"line":54,"column":28}},"5":{"start":{"line":59,"column":8},"end":{"line":65,"column":10}},"6":{"start":{"line":70,"column":12},"end":{"line":72,"column":14}},"7":{"start":{"line":79,"column":16},"end":{"line":79,"column":39}},"8":{"start":{"line":87,"column":48},"end":{"line":87,"column":52}},"9":{"start":{"line":88,"column":49},"end":{"line":88,"column":59}},"10":{"start":{"line":90,"column":12},"end":{"line":90,"column":56}},"11":{"start":{"line":92,"column":12},"end":{"line":98,"column":13}},"12":{"start":{"line":93,"column":16},"end":{"line":97,"column":17}},"13":{"start":{"line":94,"column":20},"end":{"line":96,"column":21}},"14":{"start":{"line":95,"column":24},"end":{"line":95,"column":48}},"15":{"start":{"line":101,"column":12},"end":{"line":101,"column":36}},"16":{"start":{"line":106,"column":34},"end":{"line":106,"column":38}},"17":{"start":{"line":107,"column":30},"end":{"line":107,"column":32}},"18":{"start":{"line":108,"column":12},"end":{"line":112,"column":15}},"19":{"start":{"line":109,"column":16},"end":{"line":111,"column":17}},"20":{"start":{"line":110,"column":20},"end":{"line":110,"column":58}},"21":{"start":{"line":113,"column":12},"end":{"line":113,"column":43}},"22":{"start":{"line":118,"column":8},"end":{"line":120,"column":11}},"23":{"start":{"line":119,"column":12},"end":{"line":119,"column":36}},"24":{"start":{"line":133,"column":12},"end":{"line":133,"column":16}},"25":{"start":{"line":135,"column":8},"end":{"line":157,"column":10}},"26":{"start":{"line":138,"column":36},"end":{"line":153,"column":21}},"27":{"start":{"line":154,"column":20},"end":{"line":154,"column":53}}},"fnMap":{"0":{"name":"(anonymous_0)","decl":{"start":{"line":25,"column":21},"end":{"line":25,"column":22}},"loc":{"start":{"line":25,"column":33},"end":{"line":27,"column":13}},"line":25},"1":{"name":"(anonymous_1)","decl":{"start":{"line":32,"column":21},"end":{"line":32,"column":22}},"loc":{"start":{"line":32,"column":33},"end":{"line":34,"column":13}},"line":32},"2":{"name":"(anonymous_2)","decl":{"start":{"line":39,"column":21},"end":{"line":39,"column":22}},"loc":{"start":{"line":39,"column":33},"end":{"line":41,"column":13}},"line":39},"3":{"name":"(anonymous_3)","decl":{"start":{"line":46,"column":21},"end":{"line":46,"column":22}},"loc":{"start":{"line":46,"column":33},"end":{"line":48,"column":13}},"line":46},"4":{"name":"(anonymous_4)","decl":{"start":{"line":53,"column":21},"end":{"line":53,"column":22}},"loc":{"start":{"line":53,"column":33},"end":{"line":55,"column":13}},"line":53},"5":{"name":"(anonymous_5)","decl":{"start":{"line":58,"column":4},"end":{"line":58,"column":5}},"loc":{"start":{"line":58,"column":11},"end":{"line":66,"column":5}},"line":58},"6":{"name":"(anonymous_6)","decl":{"start":{"line":69,"column":8},"end":{"line":69,"column":9}},"loc":{"start":{"line":69,"column":22},"end":{"line":73,"column":9}},"line":69},"7":{"name":"(anonymous_7)","decl":{"start":{"line":78,"column":12},"end":{"line":78,"column":13}},"loc":{"start":{"line":78,"column":22},"end":{"line":80,"column":13}},"line":78},"8":{"name":"(anonymous_8)","decl":{"start":{"line":86,"column":8},"end":{"line":86,"column":9}},"loc":{"start":{"line":86,"column":49},"end":{"line":102,"column":9}},"line":86},"9":{"name":"(anonymous_9)","decl":{"start":{"line":105,"column":8},"end":{"line":105,"column":9}},"loc":{"start":{"line":105,"column":26},"end":{"line":114,"column":9}},"line":105},"10":{"name":"(anonymous_10)","decl":{"start":{"line":108,"column":30},"end":{"line":108,"column":31}},"loc":{"start":{"line":108,"column":40},"end":{"line":112,"column":13}},"line":108},"11":{"name":"(anonymous_11)","decl":{"start":{"line":116,"column":4},"end":{"line":116,"column":5}},"loc":{"start":{"line":116,"column":14},"end":{"line":121,"column":5}},"line":116},"12":{"name":"(anonymous_12)","decl":{"start":{"line":118,"column":42},"end":{"line":118,"column":43}},"loc":{"start":{"line":118,"column":54},"end":{"line":120,"column":9}},"line":118},"13":{"name":"(anonymous_13)","decl":{"start":{"line":122,"column":4},"end":{"line":122,"column":5}},"loc":{"start":{"line":122,"column":13},"end":{"line":158,"column":5}},"line":122},"14":{"name":"(anonymous_14)","decl":{"start":{"line":137,"column":34},"end":{"line":137,"column":35}},"loc":{"start":{"line":137,"column":61},"end":{"line":155,"column":17}},"line":137}},"branchMap":{"0":{"loc":{"start":{"line":92,"column":12},"end":{"line":98,"column":13}},"type":"if","locations":[{"start":{"line":92,"column":12},"end":{"line":98,"column":13}},{"start":{"line":92,"column":12},"end":{"line":98,"column":13}}],"line":92},"1":{"loc":{"start":{"line":94,"column":20},"end":{"line":96,"column":21}},"type":"if","locations":[{"start":{"line":94,"column":20},"end":{"line":96,"column":21}},{"start":{"line":94,"column":20},"end":{"line":96,"column":21}}],"line":94},"2":{"loc":{"start":{"line":109,"column":16},"end":{"line":111,"column":17}},"type":"if","locations":[{"start":{"line":109,"column":16},"end":{"line":111,"column":17}},{"start":{"line":109,"column":16},"end":{"line":111,"column":17}}],"line":109}},"s":{"0":0,"1":0,"2":0,"3":0,"4":0,"5":140,"6":140,"7":147,"8":4,"9":4,"10":4,"11":4,"12":3,"13":6,"14":3,"15":4,"16":147,"17":147,"18":147,"19":660,"20":10,"21":147,"22":140,"23":4,"24":148,"25":148,"26":168,"27":168},"f":{"0":0,"1":0,"2":0,"3":0,"4":0,"5":140,"6":140,"7":147,"8":4,"9":147,"10":660,"11":140,"12":4,"13":148,"14":168},"b":{"0":[3,1],"1":[3,3],"2":[10,650]},"_coverageSchema":"1a1c01bbd47fc00a2c39e90264f33305004495a9","hash":"658a6481682a01edf4320f73e892c6e14d8cc477"}
}
