TN:
SF:packages\ve-checkbox\index.js
FN:3,(anonymous_0)
FNF:1
FNH:1
FNDA:34,(anonymous_0)
DA:3,34
DA:4,34
LF:2
LH:2
BRF:0
BRH:0
end_of_record
TN:
SF:packages\ve-checkbox\src\index.jsx
FN:32,(anonymous_0)
FN:41,(anonymous_1)
FN:53,(anonymous_2)
FN:62,(anonymous_3)
FN:68,(anonymous_4)
FN:75,(anonymous_5)
FN:93,(anonymous_6)
FN:102,(anonymous_7)
FN:108,(anonymous_8)
FN:125,(anonymous_9)
FN:132,(anonymous_10)
FN:145,(anonymous_11)
FN:148,(anonymous_12)
FNF:13
FNH:13
FNDA:131,(anonymous_0)
FNDA:175,(anonymous_1)
FNDA:131,(anonymous_2)
FNDA:171,(anonymous_3)
FNDA:1,(anonymous_4)
FNDA:11,(anonymous_5)
FNDA:140,(anonymous_6)
FNDA:175,(anonymous_7)
FNDA:131,(anonymous_8)
FNDA:1,(anonymous_9)
FNDA:12,(anonymous_10)
FNDA:131,(anonymous_11)
FNDA:175,(anonymous_12)
DA:33,131
DA:42,175
DA:54,131
DA:63,171
DA:69,1
DA:76,11
DA:77,2
DA:79,9
DA:81,9
DA:82,4
DA:84,9
DA:86,9
DA:88,1
DA:94,140
DA:98,140
DA:103,175
DA:105,175
DA:109,131
DA:110,12
DA:111,12
DA:115,12
DA:116,6
DA:120,119
DA:126,1
DA:127,1
DA:133,12
DA:134,6
DA:135,3
DA:138,6
DA:139,6
DA:146,131
DA:156,175
DA:158,175
LF:33
LH:33
BRDA:56,0,0,0
BRDA:56,0,1,131
BRDA:56,1,0,131
BRDA:56,1,1,12
BRDA:63,2,0,140
BRDA:63,2,1,31
BRDA:76,3,0,2
BRDA:76,3,1,9
BRDA:81,4,0,4
BRDA:81,4,1,5
BRDA:86,5,0,1
BRDA:86,5,1,8
BRDA:98,6,0,13
BRDA:98,6,1,127
BRDA:105,7,0,81
BRDA:105,7,1,94
BRDA:109,8,0,12
BRDA:109,8,1,119
BRDA:111,9,0,12
BRDA:111,9,1,0
BRDA:112,10,0,12
BRDA:112,10,1,12
BRDA:115,11,0,6
BRDA:115,11,1,6
BRDA:126,12,0,1
BRDA:126,12,1,0
BRDA:133,13,0,6
BRDA:133,13,1,6
BRDA:134,14,0,3
BRDA:134,14,1,3
BRDA:138,15,0,6
BRDA:138,15,1,0
BRF:32
BRH:28
end_of_record
TN:
SF:packages\ve-contextmenu\index.js
FN:3,(anonymous_0)
FNF:1
FNH:1
FNDA:34,(anonymous_0)
DA:3,34
DA:4,34
LF:2
LH:2
BRF:0
BRH:0
end_of_record
TN:
SF:packages\ve-contextmenu\src\index.jsx
FN:55,(anonymous_0)
FN:150,(anonymous_1)
FN:153,(anonymous_2)
FN:159,(anonymous_3)
FN:170,(anonymous_4)
FN:175,(anonymous_5)
FN:182,(anonymous_6)
FN:199,(anonymous_7)
FN:205,(anonymous_8)
FN:216,(anonymous_9)
FN:225,(anonymous_10)
FN:234,(anonymous_11)
FN:235,(anonymous_12)
FN:241,(anonymous_13)
FN:260,(anonymous_14)
FN:274,(anonymous_15)
FN:279,(anonymous_16)
FN:297,(anonymous_17)
FN:302,(anonymous_18)
FN:311,(anonymous_19)
FN:312,(anonymous_20)
FN:318,(anonymous_21)
FN:333,(anonymous_22)
FN:443,(anonymous_23)
FN:452,(anonymous_24)
FN:456,(anonymous_25)
FN:469,(anonymous_26)
FN:475,(anonymous_27)
FN:492,(anonymous_28)
FN:499,(anonymous_29)
FN:519,(anonymous_30)
FN:529,(anonymous_31)
FN:534,(anonymous_32)
FN:538,(anonymous_33)
FN:556,(anonymous_34)
FN:565,(anonymous_35)
FN:574,(anonymous_36)
FN:584,(anonymous_37)
FN:602,(anonymous_38)
FN:611,(anonymous_39)
FN:620,(anonymous_40)
FNF:41
FNH:30
FNDA:3,(anonymous_0)
FNDA:5,(anonymous_1)
FNDA:5,(anonymous_2)
FNDA:3,(anonymous_3)
FNDA:48,(anonymous_4)
FNDA:32,(anonymous_5)
FNDA:1,(anonymous_6)
FNDA:0,(anonymous_7)
FNDA:0,(anonymous_8)
FNDA:1,(anonymous_9)
FNDA:1,(anonymous_10)
FNDA:1,(anonymous_11)
FNDA:0,(anonymous_12)
FNDA:0,(anonymous_13)
FNDA:1,(anonymous_14)
FNDA:6,(anonymous_15)
FNDA:32,(anonymous_16)
FNDA:45,(anonymous_17)
FNDA:27,(anonymous_18)
FNDA:3,(anonymous_19)
FNDA:18,(anonymous_20)
FNDA:2,(anonymous_21)
FNDA:3,(anonymous_22)
FNDA:0,(anonymous_23)
FNDA:0,(anonymous_24)
FNDA:0,(anonymous_25)
FNDA:2,(anonymous_26)
FNDA:4,(anonymous_27)
FNDA:3,(anonymous_28)
FNDA:3,(anonymous_29)
FNDA:2,(anonymous_30)
FNDA:3,(anonymous_31)
FNDA:2,(anonymous_32)
FNDA:5,(anonymous_33)
FNDA:5,(anonymous_34)
FNDA:0,(anonymous_35)
FNDA:0,(anonymous_36)
FNDA:30,(anonymous_37)
FNDA:1,(anonymous_38)
FNDA:0,(anonymous_39)
FNDA:0,(anonymous_40)
DA:56,3
DA:151,5
DA:153,5
DA:160,3
DA:161,3
DA:162,3
DA:171,48
DA:176,32
DA:183,1
DA:184,2
DA:185,1
DA:188,1
DA:189,0
DA:193,0
DA:202,0
DA:204,0
DA:205,0
DA:207,0
DA:209,0
DA:210,0
DA:212,0
DA:217,1
DA:220,1
DA:221,0
DA:225,1
DA:226,0
DA:233,1
DA:234,1
DA:235,0
DA:238,1
DA:239,0
DA:240,0
DA:241,0
DA:243,0
DA:244,0
DA:249,1
DA:254,1
DA:255,1
DA:260,1
DA:261,1
DA:265,1
DA:275,6
DA:277,6
DA:279,6
DA:280,32
DA:286,6
DA:298,45
DA:299,45
DA:300,45
DA:301,45
DA:302,12
DA:303,27
DA:307,45
DA:312,3
DA:313,18
DA:319,2
DA:320,2
DA:323,2
DA:324,2
DA:329,2
DA:334,3
DA:336,3
DA:340,3
DA:342,3
DA:344,3
DA:346,2
DA:347,2
DA:350,2
DA:351,2
DA:357,2
DA:359,2
DA:360,2
DA:363,2
DA:364,2
DA:365,2
DA:369,0
DA:370,0
DA:374,2
DA:375,2
DA:379,0
DA:382,2
DA:383,2
DA:386,0
DA:388,0
DA:392,0
DA:395,0
DA:398,0
DA:400,0
DA:401,0
DA:404,0
DA:406,0
DA:407,0
DA:411,0
DA:417,0
DA:418,0
DA:422,0
DA:427,0
DA:428,0
DA:432,0
DA:435,0
DA:436,0
DA:444,0
DA:446,0
DA:452,0
DA:453,0
DA:454,0
DA:456,0
DA:457,0
DA:460,0
DA:461,0
DA:470,2
DA:471,2
DA:476,4
DA:480,4
DA:481,0
DA:483,4
DA:485,4
DA:487,4
DA:493,3
DA:500,3
DA:502,3
DA:503,3
DA:505,0
DA:508,3
DA:511,2
DA:520,2
DA:521,2
DA:530,3
DA:531,3
DA:535,2
DA:545,5
DA:547,5
DA:554,5
DA:557,5
DA:567,0
DA:568,0
DA:575,0
DA:576,0
DA:581,5
DA:587,30
DA:591,25
DA:604,1
DA:605,1
DA:612,0
DA:616,0
DA:620,0
DA:621,0
DA:631,5
DA:640,30
DA:644,25
DA:666,5
LF:151
LH:93
BRDA:176,0,0,32
BRDA:176,0,1,15
BRDA:184,1,0,1
BRDA:184,1,1,1
BRDA:188,2,0,0
BRDA:188,2,1,1
BRDA:193,3,0,0
BRDA:193,3,1,0
BRDA:207,4,0,0
BRDA:207,4,1,0
BRDA:220,5,0,0
BRDA:220,5,1,1
BRDA:225,6,0,0
BRDA:225,6,1,1
BRDA:238,7,0,0
BRDA:238,7,1,1
BRDA:243,8,0,0
BRDA:243,8,1,0
BRDA:254,9,0,1
BRDA:254,9,1,0
BRDA:277,10,0,6
BRDA:277,10,1,0
BRDA:287,11,0,1
BRDA:287,11,1,5
BRDA:288,12,0,1
BRDA:288,12,1,5
BRDA:297,13,0,18
BRDA:301,14,0,12
BRDA:301,14,1,33
BRDA:340,15,0,3
BRDA:340,15,1,0
BRDA:351,16,0,2
BRDA:351,16,1,0
BRDA:363,17,0,2
BRDA:363,17,1,0
BRDA:374,18,0,2
BRDA:374,18,1,0
BRDA:388,19,0,0
BRDA:388,19,1,0
BRDA:404,20,0,0
BRDA:404,20,1,0
BRDA:406,21,0,0
BRDA:406,21,1,0
BRDA:417,22,0,0
BRDA:417,22,1,0
BRDA:427,23,0,0
BRDA:427,23,1,0
BRDA:453,24,0,0
BRDA:453,24,1,0
BRDA:460,25,0,0
BRDA:460,25,1,0
BRDA:480,26,0,0
BRDA:480,26,1,4
BRDA:502,27,0,3
BRDA:502,27,1,0
BRDA:502,28,0,3
BRDA:502,28,1,3
BRDA:508,29,0,2
BRDA:508,29,1,1
BRDA:520,30,0,2
BRDA:520,30,1,0
BRDA:567,31,0,0
BRDA:567,31,1,0
BRDA:575,32,0,0
BRDA:575,32,1,0
BRDA:587,33,0,25
BRDA:587,33,1,5
BRDA:604,34,0,1
BRDA:604,34,1,0
BRDA:612,35,0,0
BRDA:612,35,1,0
BRDA:613,36,0,0
BRDA:613,36,1,0
BRDA:640,37,0,25
BRDA:640,37,1,5
BRDA:653,38,0,25
BRDA:653,38,1,15
BRF:77
BRH:35
end_of_record
TN:
SF:packages\ve-dropdown\index.js
FN:3,(anonymous_0)
FNF:1
FNH:1
FNDA:34,(anonymous_0)
DA:3,34
DA:4,34
LF:2
LH:2
BRF:0
BRH:0
end_of_record
TN:
SF:packages\ve-dropdown\src\index.jsx
FN:105,(anonymous_0)
FN:114,(anonymous_1)
FN:119,(anonymous_2)
FN:131,(anonymous_3)
FN:133,(anonymous_4)
FN:134,(anonymous_5)
FN:141,(anonymous_6)
FN:150,(anonymous_7)
FN:158,(anonymous_8)
FN:164,(anonymous_9)
FN:173,(anonymous_10)
FN:181,(anonymous_11)
FN:182,(anonymous_12)
FN:183,(anonymous_13)
FN:199,(anonymous_14)
FN:203,(anonymous_15)
FN:209,(anonymous_16)
FN:217,(anonymous_17)
FN:229,(anonymous_18)
FN:235,(anonymous_19)
FN:242,(anonymous_20)
FN:243,(anonymous_21)
FN:267,(anonymous_22)
FN:272,(anonymous_23)
FN:277,(anonymous_24)
FN:284,(anonymous_25)
FN:292,(anonymous_26)
FN:293,(anonymous_27)
FN:304,(anonymous_28)
FN:307,(anonymous_29)
FN:311,(anonymous_30)
FN:330,(anonymous_31)
FN:340,(anonymous_32)
FN:359,(anonymous_33)
FN:366,(anonymous_34)
FN:377,(anonymous_35)
FNF:36
FNH:34
FNDA:57,(anonymous_0)
FNDA:71,(anonymous_1)
FNDA:57,(anonymous_2)
FNDA:34,(anonymous_3)
FNDA:120,(anonymous_4)
FNDA:32,(anonymous_5)
FNDA:32,(anonymous_6)
FNDA:71,(anonymous_7)
FNDA:12,(anonymous_8)
FNDA:69,(anonymous_9)
FNDA:4,(anonymous_10)
FNDA:4,(anonymous_11)
FNDA:5,(anonymous_12)
FNDA:16,(anonymous_13)
FNDA:10,(anonymous_14)
FNDA:4,(anonymous_15)
FNDA:10,(anonymous_16)
FNDA:2,(anonymous_17)
FNDA:12,(anonymous_18)
FNDA:10,(anonymous_19)
FNDA:7,(anonymous_20)
FNDA:23,(anonymous_21)
FNDA:357,(anonymous_22)
FNDA:0,(anonymous_23)
FNDA:67,(anonymous_24)
FNDA:57,(anonymous_25)
FNDA:2,(anonymous_26)
FNDA:8,(anonymous_27)
FNDA:57,(anonymous_28)
FNDA:57,(anonymous_29)
FNDA:117,(anonymous_30)
FNDA:71,(anonymous_31)
FNDA:2,(anonymous_32)
FNDA:286,(anonymous_33)
FNDA:0,(anonymous_34)
FNDA:7,(anonymous_35)
DA:106,57
DA:115,71
DA:120,57
DA:121,57
DA:122,57
DA:124,57
DA:125,0
DA:128,57
DA:132,34
DA:133,120
DA:135,32
DA:136,32
DA:142,32
DA:143,32
DA:147,32
DA:151,71
DA:159,12
DA:165,69
DA:167,69
DA:168,2
DA:175,4
DA:176,4
DA:177,4
DA:182,5
DA:183,4
DA:184,16
DA:185,6
DA:187,16
DA:191,4
DA:193,4
DA:196,4
DA:200,10
DA:202,10
DA:203,10
DA:204,4
DA:210,10
DA:211,9
DA:213,10
DA:220,2
DA:221,2
DA:222,2
DA:225,2
DA:230,12
DA:231,2
DA:233,10
DA:235,10
DA:236,10
DA:243,7
DA:244,23
DA:245,7
DA:247,16
DA:249,23
DA:252,7
DA:253,3
DA:256,7
DA:257,0
DA:261,7
DA:263,7
DA:268,357
DA:273,0
DA:278,67
DA:279,67
DA:280,67
DA:285,57
DA:286,57
DA:287,57
DA:288,57
DA:293,2
DA:294,8
DA:295,2
DA:297,8
DA:300,2
DA:305,57
DA:308,57
DA:325,117
DA:327,117
DA:329,117
DA:330,21
DA:331,71
DA:341,2
DA:345,71
DA:359,96
DA:360,286
DA:370,286
DA:377,7
DA:394,117
DA:404,117
LF:87
LH:84
BRDA:115,0,0,5
BRDA:115,0,1,66
BRDA:124,1,0,0
BRDA:124,1,1,57
BRDA:124,2,0,57
BRDA:124,2,1,0
BRDA:124,2,2,0
BRDA:135,3,0,32
BRDA:135,3,1,0
BRDA:167,4,0,2
BRDA:167,4,1,67
BRDA:182,5,0,4
BRDA:182,5,1,0
BRDA:184,6,0,6
BRDA:184,6,1,10
BRDA:202,7,0,10
BRDA:202,7,1,0
BRDA:210,8,0,9
BRDA:210,8,1,1
BRDA:221,9,0,2
BRDA:221,9,1,0
BRDA:221,10,0,2
BRDA:221,10,1,2
BRDA:230,11,0,2
BRDA:230,11,1,10
BRDA:244,12,0,7
BRDA:244,12,1,16
BRDA:252,13,0,3
BRDA:252,13,1,4
BRDA:256,14,0,0
BRDA:256,14,1,7
BRDA:294,15,0,2
BRDA:294,15,1,6
BRDA:329,16,0,21
BRDA:329,16,1,96
BRDA:375,17,0,86
BRDA:375,17,1,200
BRDA:383,18,0,43
BRDA:383,18,1,243
BRDA:408,19,0,43
BRDA:408,19,1,74
BRDA:424,20,0,117
BRDA:424,20,1,6
BRDA:426,21,0,117
BRDA:426,21,1,111
BRDA:436,22,0,111
BRDA:436,22,1,37
BRF:47
BRH:39
end_of_record
TN:
SF:packages\ve-icon\index.js
FN:3,(anonymous_0)
FNF:1
FNH:1
FNDA:34,(anonymous_0)
DA:3,34
DA:4,34
LF:2
LH:2
BRF:0
BRH:0
end_of_record
TN:
SF:packages\ve-icon\src\index.jsx
FN:26,(anonymous_0)
FN:38,(anonymous_1)
FN:48,(anonymous_2)
FNF:3
FNH:3
FNDA:211,(anonymous_0)
FNDA:211,(anonymous_1)
FNDA:211,(anonymous_2)
DA:27,211
DA:29,211
DA:34,211
DA:39,211
DA:41,211
DA:42,1
DA:44,211
DA:49,211
DA:50,211
LF:9
LH:9
BRDA:41,0,0,1
BRDA:41,0,1,210
BRF:2
BRH:2
end_of_record
TN:
SF:packages\ve-loading\index.js
FN:4,(anonymous_0)
FNF:1
FNH:1
FNDA:34,(anonymous_0)
DA:4,34
DA:5,34
LF:2
LH:2
BRF:0
BRH:0
end_of_record
TN:
SF:packages\ve-loading\src\bounce.jsx
FN:23,(anonymous_0)
FN:33,(anonymous_1)
FN:41,(anonymous_2)
FNF:3
FNH:3
FNDA:3,(anonymous_0)
FNDA:3,(anonymous_1)
FNDA:3,(anonymous_2)
DA:24,3
DA:26,3
DA:31,3
DA:34,3
DA:36,3
DA:42,3
DA:43,3
LF:7
LH:7
BRF:0
BRH:0
end_of_record
TN:
SF:packages\ve-loading\src\flow.jsx
FN:23,(anonymous_0)
FN:33,(anonymous_1)
FN:41,(anonymous_2)
FNF:3
FNH:3
FNDA:1,(anonymous_0)
FNDA:1,(anonymous_1)
FNDA:1,(anonymous_2)
DA:24,1
DA:26,1
DA:31,1
DA:34,1
DA:36,1
DA:42,1
DA:43,1
LF:7
LH:7
BRF:0
BRH:0
end_of_record
TN:
SF:packages\ve-loading\src\grid.jsx
FN:23,(anonymous_0)
FN:33,(anonymous_1)
FN:41,(anonymous_2)
FNF:3
FNH:3
FNDA:1,(anonymous_0)
FNDA:1,(anonymous_1)
FNDA:1,(anonymous_2)
DA:24,1
DA:26,1
DA:31,1
DA:34,1
DA:36,1
DA:42,1
DA:43,1
LF:7
LH:7
BRF:0
BRH:0
end_of_record
TN:
SF:packages\ve-loading\src\index.js
FN:31,(anonymous_0)
FN:32,(anonymous_1)
FN:41,(anonymous_2)
FN:42,(anonymous_3)
FN:51,(anonymous_4)
FN:63,createInstance
FN:71,checkSpinName
FN:78,Loading
FNF:8
FNH:8
FNDA:8,(anonymous_0)
FNDA:8,(anonymous_1)
FNDA:1,(anonymous_2)
FNDA:1,(anonymous_3)
FNDA:1,(anonymous_4)
FNDA:12,createInstance
FNDA:12,checkSpinName
FNDA:12,Loading
DA:8,34
DA:24,34
DA:26,34
DA:28,34
DA:31,34
DA:32,8
DA:33,8
DA:34,1
DA:36,8
DA:41,34
DA:42,1
DA:43,1
DA:44,0
DA:46,1
DA:51,34
DA:52,1
DA:53,1
DA:55,1
DA:56,1
DA:58,1
DA:59,1
DA:64,12
DA:72,12
DA:73,0
DA:79,12
DA:81,12
DA:82,0
DA:84,12
DA:86,12
DA:88,12
DA:89,10
DA:91,2
DA:94,12
DA:97,12
DA:99,12
DA:101,12
DA:103,12
LF:37
LH:34
BRDA:33,0,0,1
BRDA:33,0,1,7
BRDA:43,1,0,0
BRDA:43,1,1,1
BRDA:55,2,0,1
BRDA:55,2,1,0
BRDA:55,3,0,1
BRDA:55,3,1,1
BRDA:63,4,0,0
BRDA:72,5,0,0
BRDA:72,5,1,12
BRDA:78,6,0,0
BRDA:81,7,0,0
BRDA:81,7,1,12
BRDA:81,8,0,12
BRDA:81,8,1,2
BRDA:84,9,0,12
BRDA:84,9,1,2
BRDA:88,10,0,10
BRDA:88,10,1,2
BRDA:97,11,0,2
BRDA:97,11,1,10
BRF:22
BRH:16
end_of_record
TN:
SF:packages\ve-loading\src\loading.jsx
FN:17,(anonymous_0)
FN:27,(anonymous_1)
FN:36,(anonymous_2)
FNF:3
FNH:3
FNDA:21,(anonymous_0)
FNDA:12,(anonymous_1)
FNDA:21,(anonymous_2)
DA:18,21
DA:19,21
DA:28,12
DA:30,12
DA:37,21
DA:39,21
DA:47,21
LF:7
LH:7
BRF:0
BRH:0
end_of_record
TN:
SF:packages\ve-loading\src\plane.jsx
FN:23,(anonymous_0)
FN:35,(anonymous_1)
FNF:2
FNH:2
FNDA:1,(anonymous_0)
FNDA:1,(anonymous_1)
DA:24,1
DA:26,1
DA:32,1
DA:36,1
LF:4
LH:4
BRF:0
BRH:0
end_of_record
TN:
SF:packages\ve-loading\src\pulse.jsx
FN:23,(anonymous_0)
FN:35,(anonymous_1)
FNF:2
FNH:2
FNDA:5,(anonymous_0)
FNDA:5,(anonymous_1)
DA:24,5
DA:26,5
DA:32,5
DA:36,5
LF:4
LH:4
BRF:0
BRH:0
end_of_record
TN:
SF:packages\ve-loading\src\wave.jsx
FN:23,(anonymous_0)
FN:33,(anonymous_1)
FN:41,(anonymous_2)
FNF:3
FNH:3
FNDA:1,(anonymous_0)
FNDA:1,(anonymous_1)
FNDA:1,(anonymous_2)
DA:24,1
DA:26,1
DA:31,1
DA:34,1
DA:36,1
DA:42,1
DA:43,1
LF:7
LH:7
BRF:0
BRH:0
end_of_record
TN:
SF:packages\ve-locale\index.js
FN:19,(anonymous_0)
FN:22,(anonymous_1)
FN:25,(anonymous_2)
FNF:3
FNH:3
FNDA:288,(anonymous_0)
FNDA:2,(anonymous_1)
FNDA:3,(anonymous_2)
DA:5,34
DA:6,34
DA:8,34
DA:10,34
DA:20,288
DA:23,2
DA:26,3
LF:7
LH:7
BRDA:8,0,0,34
BRDA:8,0,1,34
BRDA:25,1,0,0
BRF:3
BRH:2
end_of_record
TN:
SF:packages\ve-pagination\index.js
FN:3,(anonymous_0)
FNF:1
FNH:1
FNDA:34,(anonymous_0)
DA:3,34
DA:4,34
LF:2
LH:2
BRF:0
BRH:0
end_of_record
TN:
SF:packages\ve-pagination\src\index.jsx
FN:16,(anonymous_0)
FN:26,(anonymous_1)
FN:49,(anonymous_2)
FN:70,(anonymous_3)
FN:82,(anonymous_4)
FN:84,(anonymous_5)
FN:95,(anonymous_6)
FN:102,(anonymous_7)
FN:121,(anonymous_8)
FN:153,(anonymous_9)
FN:158,(anonymous_10)
FN:170,(anonymous_11)
FN:173,(anonymous_12)
FN:174,(anonymous_13)
FN:188,(anonymous_14)
FN:192,(anonymous_15)
FN:198,(anonymous_16)
FN:217,(anonymous_17)
FN:223,(anonymous_18)
FN:231,(anonymous_19)
FN:239,(anonymous_20)
FN:240,(anonymous_21)
FN:250,(anonymous_22)
FN:258,(anonymous_23)
FN:264,(anonymous_24)
FN:288,(anonymous_25)
FNF:26
FNH:23
FNDA:34,(anonymous_0)
FNDA:31,(anonymous_1)
FNDA:32,(anonymous_2)
FNDA:35,(anonymous_3)
FNDA:1,(anonymous_4)
FNDA:2,(anonymous_5)
FNDA:1,(anonymous_6)
FNDA:46,(anonymous_7)
FNDA:19,(anonymous_8)
FNDA:21,(anonymous_9)
FNDA:24,(anonymous_10)
FNDA:25,(anonymous_11)
FNDA:35,(anonymous_12)
FNDA:105,(anonymous_13)
FNDA:1,(anonymous_14)
FNDA:0,(anonymous_15)
FNDA:1,(anonymous_16)
FNDA:4,(anonymous_17)
FNDA:1,(anonymous_18)
FNDA:1,(anonymous_19)
FNDA:1,(anonymous_20)
FNDA:2,(anonymous_21)
FNDA:0,(anonymous_22)
FNDA:0,(anonymous_23)
FNDA:32,(anonymous_24)
FNDA:189,(anonymous_25)
DA:9,34
DA:17,34
DA:27,31
DA:50,32
DA:71,35
DA:83,1
DA:84,2
DA:85,1
DA:86,1
DA:96,1
DA:98,1
DA:99,1
DA:103,46
DA:122,19
DA:154,21
DA:159,24
DA:171,25
DA:174,35
DA:175,105
DA:177,105
DA:178,105
DA:179,105
DA:180,34
DA:183,105
DA:189,1
DA:193,0
DA:199,1
DA:201,1
DA:203,1
DA:204,0
DA:206,1
DA:207,0
DA:208,1
DA:209,0
DA:211,1
DA:214,1
DA:218,4
DA:219,4
DA:224,1
DA:225,1
DA:226,1
DA:232,1
DA:233,1
DA:234,1
DA:240,2
DA:242,1
DA:243,1
DA:244,1
DA:245,1
DA:251,0
DA:259,0
DA:260,0
DA:265,32
DA:267,32
DA:286,32
DA:288,32
DA:289,189
DA:292,32
LF:58
LH:51
BRDA:31,0,0,16
BRDA:31,0,1,15
BRDA:54,1,0,0
BRDA:54,1,1,32
BRDA:83,2,0,1
BRDA:83,2,1,0
BRDA:83,3,0,1
BRDA:83,3,1,1
BRDA:85,4,0,1
BRDA:85,4,1,0
BRDA:96,5,0,0
BRDA:96,5,1,1
BRDA:161,6,0,24
BRDA:161,6,1,0
BRDA:161,7,0,24
BRDA:161,7,1,24
BRDA:179,8,0,34
BRDA:179,8,1,71
BRDA:203,9,0,0
BRDA:203,9,1,1
BRDA:203,10,0,1
BRDA:203,10,1,1
BRDA:206,11,0,0
BRDA:206,11,1,1
BRDA:208,12,0,0
BRDA:208,12,1,1
BRDA:224,13,0,1
BRDA:224,13,1,0
BRDA:232,14,0,1
BRDA:232,14,1,0
BRDA:242,15,0,1
BRDA:242,15,1,0
BRDA:252,16,0,0
BRDA:252,16,1,0
BRDA:252,17,0,0
BRDA:252,17,1,0
BRDA:259,18,0,0
BRDA:259,18,1,0
BRDA:286,19,0,32
BRDA:286,19,1,32
BRF:40
BRH:23
end_of_record
TN:
SF:packages\ve-pagination\src\pager.jsx
FN:24,(anonymous_0)
FN:28,(anonymous_1)
FN:37,(anonymous_2)
FN:48,(anonymous_3)
FN:81,(anonymous_4)
FN:85,(anonymous_5)
FN:103,(anonymous_6)
FN:116,(anonymous_7)
FN:123,(anonymous_8)
FN:133,(anonymous_9)
FN:144,(anonymous_10)
FN:158,(anonymous_11)
FNF:12
FNH:10
FNDA:7,(anonymous_0)
FNDA:29,(anonymous_1)
FNDA:29,(anonymous_2)
FNDA:29,(anonymous_3)
FNDA:3,(anonymous_4)
FNDA:37,(anonymous_5)
FNDA:0,(anonymous_6)
FNDA:1,(anonymous_7)
FNDA:187,(anonymous_8)
FNDA:1,(anonymous_9)
FNDA:1,(anonymous_10)
FNDA:0,(anonymous_11)
DA:6,34
DA:25,7
DA:29,29
DA:30,29
DA:31,8
DA:34,21
DA:38,29
DA:40,29
DA:41,29
DA:44,0
DA:50,29
DA:51,29
DA:52,29
DA:54,29
DA:55,0
DA:56,0
DA:57,0
DA:59,29
DA:60,21
DA:61,105
DA:63,8
DA:64,8
DA:65,8
DA:69,42
DA:72,0
DA:73,0
DA:77,29
DA:82,3
DA:94,37
DA:96,37
DA:103,0
DA:116,1
DA:124,187
DA:133,1
DA:144,1
DA:158,0
LF:36
LH:28
BRDA:29,0,0,29
BRDA:29,0,1,0
BRDA:30,1,0,8
BRDA:30,1,1,21
BRDA:38,2,0,29
BRDA:38,2,1,0
BRDA:40,3,0,29
BRDA:40,3,1,0
BRDA:54,4,0,0
BRDA:54,4,1,29
BRDA:54,5,0,29
BRDA:54,5,1,8
BRDA:59,6,0,21
BRDA:59,6,1,8
BRDA:59,7,0,29
BRDA:59,7,1,21
BRDA:63,8,0,8
BRDA:63,8,1,0
BRDA:63,9,0,8
BRDA:63,9,1,8
BRDA:100,10,0,18
BRDA:100,10,1,19
BRDA:108,11,0,37
BRDA:108,11,1,10
BRDA:111,12,0,0
BRDA:111,12,1,10
BRDA:128,13,0,19
BRDA:128,13,1,168
BRDA:140,14,0,37
BRDA:140,14,1,37
BRDA:152,15,0,37
BRDA:152,15,1,37
BRDA:155,16,0,0
BRDA:155,16,1,37
BRF:34
BRH:27
end_of_record
TN:
SF:packages\ve-radio\index.js
FN:3,(anonymous_0)
FNF:1
FNH:1
FNDA:34,(anonymous_0)
DA:3,34
DA:4,34
LF:2
LH:2
BRF:0
BRH:0
end_of_record
TN:
SF:packages\ve-radio\src\index.jsx
FN:29,(anonymous_0)
FN:37,(anonymous_1)
FN:48,(anonymous_2)
FN:54,(anonymous_3)
FN:61,(anonymous_4)
FN:74,(anonymous_5)
FN:80,(anonymous_6)
FN:85,(anonymous_7)
FN:92,(anonymous_8)
FN:95,(anonymous_9)
FNF:10
FNH:8
FNDA:74,(anonymous_0)
FNDA:87,(anonymous_1)
FNDA:87,(anonymous_2)
FNDA:0,(anonymous_3)
FNDA:2,(anonymous_4)
FNDA:100,(anonymous_5)
FNDA:74,(anonymous_6)
FNDA:0,(anonymous_7)
FNDA:74,(anonymous_8)
FNDA:100,(anonymous_9)
DA:30,74
DA:38,87
DA:49,87
DA:55,0
DA:62,2
DA:63,0
DA:65,2
DA:67,2
DA:68,1
DA:70,2
DA:75,100
DA:77,100
DA:81,74
DA:86,0
DA:87,0
DA:93,74
DA:102,100
DA:104,100
LF:18
LH:14
BRDA:49,0,0,80
BRDA:49,0,1,7
BRDA:62,1,0,0
BRDA:62,1,1,2
BRDA:67,2,0,1
BRDA:67,2,1,1
BRDA:77,3,0,2
BRDA:77,3,1,98
BRDA:86,4,0,0
BRDA:86,4,1,0
BRF:10
BRH:7
end_of_record
TN:
SF:packages\ve-select\index.js
FN:3,(anonymous_0)
FNF:1
FNH:1
FNDA:34,(anonymous_0)
DA:3,34
DA:4,34
LF:2
LH:2
BRF:0
BRH:0
end_of_record
TN:
SF:packages\ve-select\src\index.jsx
FN:37,(anonymous_0)
FN:54,(anonymous_1)
FN:67,(anonymous_2)
FN:75,(anonymous_3)
FN:81,(anonymous_4)
FN:86,(anonymous_5)
FN:100,(anonymous_6)
FN:102,(anonymous_7)
FN:103,(anonymous_8)
FN:111,(anonymous_9)
FN:118,(anonymous_10)
FN:121,(anonymous_11)
FN:143,(anonymous_12)
FN:148,(anonymous_13)
FNF:14
FNH:13
FNDA:42,(anonymous_0)
FNDA:31,(anonymous_1)
FNDA:31,(anonymous_2)
FNDA:11,(anonymous_3)
FNDA:42,(anonymous_4)
FNDA:41,(anonymous_5)
FNDA:41,(anonymous_6)
FNDA:123,(anonymous_7)
FNDA:40,(anonymous_8)
FNDA:2,(anonymous_9)
FNDA:31,(anonymous_10)
FNDA:43,(anonymous_11)
FNDA:2,(anonymous_12)
FNDA:0,(anonymous_13)
DA:38,42
DA:55,31
DA:68,31
DA:76,11
DA:82,42
DA:89,41
DA:90,41
DA:91,40
DA:93,1
DA:96,41
DA:101,41
DA:102,123
DA:104,40
DA:105,40
DA:113,2
DA:114,2
DA:119,31
DA:122,43
DA:124,43
DA:144,2
DA:145,2
DA:149,0
DA:154,43
DA:155,43
DA:156,2
DA:165,41
DA:172,43
LF:27
LH:26
BRDA:90,0,0,40
BRDA:90,0,1,1
BRDA:90,1,0,41
BRDA:90,1,1,41
BRDA:104,2,0,40
BRDA:104,2,1,0
BRDA:155,3,0,2
BRDA:155,3,1,41
BRF:8
BRH:7
end_of_record
TN:
SF:packages\ve-table\index.js
FN:3,(anonymous_0)
FNF:1
FNH:1
FNDA:34,(anonymous_0)
DA:3,34
DA:4,34
LF:2
LH:2
BRF:0
BRH:0
end_of_record
TN:
SF:packages\ve-table\src\index.jsx
FN:57,(anonymous_0)
FN:108,(anonymous_1)
FN:115,(anonymous_2)
FN:122,(anonymous_3)
FN:129,(anonymous_4)
FN:150,(anonymous_5)
FN:157,(anonymous_6)
FN:164,(anonymous_7)
FN:171,(anonymous_8)
FN:178,(anonymous_9)
FN:185,(anonymous_10)
FN:192,(anonymous_11)
FN:197,(anonymous_12)
FN:319,(anonymous_13)
FN:325,(anonymous_14)
FN:331,(anonymous_15)
FN:339,(anonymous_16)
FN:365,(anonymous_17)
FN:404,(anonymous_18)
FN:410,(anonymous_19)
FN:417,(anonymous_20)
FN:429,(anonymous_21)
FN:453,(anonymous_22)
FN:458,(anonymous_23)
FN:460,(anonymous_24)
FN:464,(anonymous_25)
FN:465,(anonymous_26)
FN:468,(anonymous_27)
FN:469,(anonymous_28)
FN:472,(anonymous_29)
FN:481,(anonymous_30)
FN:482,(anonymous_31)
FN:488,(anonymous_32)
FN:498,(anonymous_33)
FN:512,(anonymous_34)
FN:523,(anonymous_35)
FN:532,(anonymous_36)
FN:543,(anonymous_37)
FN:547,(anonymous_38)
FN:554,(anonymous_39)
FN:558,(anonymous_40)
FN:565,(anonymous_41)
FN:570,(anonymous_42)
FN:575,(anonymous_43)
FN:576,(anonymous_44)
FN:584,(anonymous_45)
FN:598,(anonymous_46)
FN:605,(anonymous_47)
FN:617,(anonymous_48)
FN:629,(anonymous_49)
FN:649,(anonymous_50)
FN:665,(anonymous_51)
FN:677,(anonymous_52)
FN:683,(anonymous_53)
FN:689,(anonymous_54)
FN:701,(anonymous_55)
FN:871,(anonymous_56)
FN:876,(anonymous_57)
FN:909,(anonymous_58)
FN:956,(anonymous_59)
FN:977,(anonymous_60)
FN:1006,(anonymous_61)
FN:1041,(anonymous_62)
FN:1057,(anonymous_63)
FN:1073,(anonymous_64)
FN:1095,(anonymous_65)
FN:1115,(anonymous_66)
FN:1138,(anonymous_67)
FN:1151,(anonymous_68)
FN:1161,(anonymous_69)
FN:1164,(anonymous_70)
FN:1193,(anonymous_71)
FN:1206,(anonymous_72)
FN:1224,(anonymous_73)
FN:1232,(anonymous_74)
FN:1239,(anonymous_75)
FN:1261,(anonymous_76)
FN:1316,(anonymous_77)
FN:1331,(anonymous_78)
FN:1336,(anonymous_79)
FN:1351,(anonymous_80)
FN:1376,(anonymous_81)
FN:1395,(anonymous_82)
FN:1400,(anonymous_83)
FN:1415,(anonymous_84)
FN:1433,(anonymous_85)
FN:1442,(anonymous_86)
FN:1456,(anonymous_87)
FN:1471,(anonymous_88)
FN:1476,(anonymous_89)
FN:1497,(anonymous_90)
FN:1527,(anonymous_91)
FN:1544,(anonymous_92)
FN:1561,(anonymous_93)
FN:1570,(anonymous_94)
FN:1571,(anonymous_95)
FN:1579,(anonymous_96)
FN:1636,(anonymous_97)
FN:1646,(anonymous_98)
FN:1661,(anonymous_99)
FN:1671,(anonymous_100)
FN:1686,(anonymous_101)
FN:1704,(anonymous_102)
FN:1708,(anonymous_103)
FN:1722,(anonymous_104)
FN:1734,(anonymous_105)
FN:1749,(anonymous_106)
FN:1767,(anonymous_107)
FN:1780,(anonymous_108)
FN:1810,(anonymous_109)
FN:1822,(anonymous_110)
FN:1826,(anonymous_111)
FN:1833,(anonymous_112)
FN:1838,(anonymous_113)
FN:1845,(anonymous_114)
FN:1851,(anonymous_115)
FN:1858,(anonymous_116)
FN:1864,(anonymous_117)
FN:1869,(anonymous_118)
FN:1874,(anonymous_119)
FN:1884,(anonymous_120)
FN:1888,(anonymous_121)
FN:1929,(anonymous_122)
FN:1984,(anonymous_123)
FN:2000,(anonymous_124)
FN:2023,(anonymous_125)
FN:2068,(anonymous_126)
FN:2094,(anonymous_127)
FN:2098,(anonymous_128)
FNF:129
FNH:112
FNDA:128,(anonymous_0)
FNDA:134,(anonymous_1)
FNDA:138,(anonymous_2)
FNDA:138,(anonymous_3)
FNDA:136,(anonymous_4)
FNDA:135,(anonymous_5)
FNDA:129,(anonymous_6)
FNDA:129,(anonymous_7)
FNDA:133,(anonymous_8)
FNDA:129,(anonymous_9)
FNDA:112,(anonymous_10)
FNDA:136,(anonymous_11)
FNDA:140,(anonymous_12)
FNDA:151,(anonymous_13)
FNDA:140,(anonymous_14)
FNDA:11523,(anonymous_15)
FNDA:10,(anonymous_16)
FNDA:141,(anonymous_17)
FNDA:140,(anonymous_18)
FNDA:140,(anonymous_19)
FNDA:269,(anonymous_20)
FNDA:140,(anonymous_21)
FNDA:141,(anonymous_22)
FNDA:152,(anonymous_23)
FNDA:545,(anonymous_24)
FNDA:147,(anonymous_25)
FNDA:542,(anonymous_26)
FNDA:147,(anonymous_27)
FNDA:653,(anonymous_28)
FNDA:267,(anonymous_29)
FNDA:147,(anonymous_30)
FNDA:576,(anonymous_31)
FNDA:140,(anonymous_32)
FNDA:145,(anonymous_33)
FNDA:7,(anonymous_34)
FNDA:147,(anonymous_35)
FNDA:140,(anonymous_36)
FNDA:147,(anonymous_37)
FNDA:167,(anonymous_38)
FNDA:12,(anonymous_39)
FNDA:24,(anonymous_40)
FNDA:0,(anonymous_41)
FNDA:0,(anonymous_42)
FNDA:0,(anonymous_43)
FNDA:0,(anonymous_44)
FNDA:145,(anonymous_45)
FNDA:147,(anonymous_46)
FNDA:12,(anonymous_47)
FNDA:152,(anonymous_48)
FNDA:392,(anonymous_49)
FNDA:2,(anonymous_50)
FNDA:15,(anonymous_51)
FNDA:60,(anonymous_52)
FNDA:33,(anonymous_53)
FNDA:395,(anonymous_54)
FNDA:1097,(anonymous_55)
FNDA:175,(anonymous_56)
FNDA:478,(anonymous_57)
FNDA:159,(anonymous_58)
FNDA:57,(anonymous_59)
FNDA:10,(anonymous_60)
FNDA:0,(anonymous_61)
FNDA:10,(anonymous_62)
FNDA:31,(anonymous_63)
FNDA:21,(anonymous_64)
FNDA:392,(anonymous_65)
FNDA:0,(anonymous_66)
FNDA:140,(anonymous_67)
FNDA:10000,(anonymous_68)
FNDA:0,(anonymous_69)
FNDA:0,(anonymous_70)
FNDA:10,(anonymous_71)
FNDA:10,(anonymous_72)
FNDA:9,(anonymous_73)
FNDA:10,(anonymous_74)
FNDA:10,(anonymous_75)
FNDA:10,(anonymous_76)
FNDA:0,(anonymous_77)
FNDA:0,(anonymous_78)
FNDA:11,(anonymous_79)
FNDA:163,(anonymous_80)
FNDA:11,(anonymous_81)
FNDA:163,(anonymous_82)
FNDA:70,(anonymous_83)
FNDA:15,(anonymous_84)
FNDA:26,(anonymous_85)
FNDA:45,(anonymous_86)
FNDA:63,(anonymous_87)
FNDA:147,(anonymous_88)
FNDA:125,(anonymous_89)
FNDA:61,(anonymous_90)
FNDA:1,(anonymous_91)
FNDA:60,(anonymous_92)
FNDA:18,(anonymous_93)
FNDA:17,(anonymous_94)
FNDA:37,(anonymous_95)
FNDA:54,(anonymous_96)
FNDA:64,(anonymous_97)
FNDA:38,(anonymous_98)
FNDA:63,(anonymous_99)
FNDA:1,(anonymous_100)
FNDA:1,(anonymous_101)
FNDA:1,(anonymous_102)
FNDA:2,(anonymous_103)
FNDA:0,(anonymous_104)
FNDA:1,(anonymous_105)
FNDA:90,(anonymous_106)
FNDA:204,(anonymous_107)
FNDA:191,(anonymous_108)
FNDA:297,(anonymous_109)
FNDA:57,(anonymous_110)
FNDA:140,(anonymous_111)
FNDA:2,(anonymous_112)
FNDA:15,(anonymous_113)
FNDA:0,(anonymous_114)
FNDA:0,(anonymous_115)
FNDA:0,(anonymous_116)
FNDA:60,(anonymous_117)
FNDA:1,(anonymous_118)
FNDA:18,(anonymous_119)
FNDA:0,(anonymous_120)
FNDA:392,(anonymous_121)
FNDA:19,(anonymous_122)
FNDA:2,(anonymous_123)
FNDA:11,(anonymous_124)
FNDA:0,(anonymous_125)
FNDA:0,(anonymous_126)
FNDA:1,(anonymous_127)
FNDA:38,(anonymous_128)
DA:58,128
DA:109,134
DA:116,138
DA:123,138
DA:130,136
DA:151,135
DA:158,129
DA:165,129
DA:172,133
DA:179,129
DA:186,112
DA:193,136
DA:198,140
DA:320,151
DA:326,140
DA:328,140
DA:330,140
DA:331,118
DA:332,11523
DA:336,140
DA:340,10
DA:348,10
DA:350,10
DA:351,10
DA:355,10
DA:356,10
DA:357,0
DA:359,0
DA:362,10
DA:366,141
DA:368,141
DA:369,141
DA:370,11
DA:371,11
DA:373,0
DA:382,130
DA:384,130
DA:390,130
DA:391,0
DA:394,130
DA:397,141
DA:405,140
DA:411,140
DA:418,269
DA:420,269
DA:430,140
DA:432,140
DA:434,140
DA:435,140
DA:436,140
DA:438,140
DA:439,4
DA:440,4
DA:441,4
DA:444,140
DA:450,140
DA:454,141
DA:455,141
DA:459,152
DA:460,545
DA:465,542
DA:469,653
DA:473,267
DA:475,267
DA:482,576
DA:489,140
DA:491,140
DA:492,0
DA:499,145
DA:500,145
DA:503,145
DA:504,5
DA:506,5
DA:513,7
DA:515,7
DA:517,7
DA:524,147
DA:525,147
DA:533,140
DA:534,12
DA:544,147
DA:546,147
DA:547,147
DA:548,167
DA:555,12
DA:557,12
DA:558,12
DA:559,24
DA:566,0
DA:571,0
DA:576,0
DA:578,0
DA:579,0
DA:585,145
DA:586,145
DA:587,4
DA:589,4
DA:590,4
DA:594,145
DA:599,147
DA:601,147
DA:603,147
DA:605,6
DA:606,12
DA:613,147
DA:618,152
DA:621,152
DA:623,152
DA:625,152
DA:630,392
DA:632,392
DA:634,392
DA:635,0
DA:637,392
DA:638,392
DA:641,392
DA:650,2
DA:666,15
DA:678,60
DA:679,60
DA:684,33
DA:685,33
DA:695,395
DA:697,395
DA:699,395
DA:701,1097
DA:703,395
DA:704,318
DA:706,36
DA:707,36
DA:708,32
DA:712,32
DA:713,32
DA:716,36
DA:720,54
DA:721,28
DA:723,26
DA:726,54
DA:730,54
DA:731,54
DA:732,54
DA:735,23
DA:737,23
DA:738,20
DA:742,20
DA:743,20
DA:745,23
DA:748,20
DA:750,20
DA:751,16
DA:755,16
DA:756,16
DA:758,20
DA:761,28
DA:763,28
DA:764,25
DA:768,25
DA:769,25
DA:771,28
DA:776,68
DA:778,22
DA:780,22
DA:783,46
DA:784,6
DA:785,6
DA:788,40
DA:789,18
DA:793,22
DA:794,22
DA:797,68
DA:798,28
DA:802,68
DA:803,68
DA:806,0
DA:808,0
DA:813,0
DA:816,0
DA:819,0
DA:821,0
DA:826,0
DA:829,0
DA:832,16
DA:834,15
DA:835,15
DA:838,16
DA:841,21
DA:842,21
DA:844,21
DA:845,21
DA:850,21
DA:853,21
DA:857,52
DA:858,52
DA:864,52
DA:872,175
DA:874,175
DA:876,478
DA:877,175
DA:879,175
DA:880,60
DA:881,58
DA:882,58
DA:883,58
DA:885,115
DA:886,46
DA:887,43
DA:888,43
DA:889,43
DA:891,69
DA:892,22
DA:893,10
DA:894,10
DA:896,47
DA:897,47
DA:898,47
DA:899,47
DA:910,159
DA:912,159
DA:913,159
DA:916,0
DA:918,0
DA:920,0
DA:921,0
DA:927,0
DA:933,0
DA:934,0
DA:935,0
DA:936,0
DA:940,0
DA:941,0
DA:942,0
DA:943,0
DA:944,0
DA:957,57
DA:959,57
DA:964,57
DA:966,57
DA:970,57
DA:972,57
DA:975,57
DA:976,10
DA:978,10
DA:983,10
DA:984,10
DA:986,0
DA:988,0
DA:993,10
DA:999,10
DA:1000,0
DA:1004,47
DA:1005,47
DA:1007,0
DA:1012,47
DA:1013,47
DA:1015,0
DA:1017,0
DA:1024,47
DA:1031,47
DA:1032,47
DA:1036,57
DA:1042,10
DA:1044,10
DA:1045,10
DA:1047,10
DA:1048,10
DA:1050,10
DA:1051,10
DA:1053,10
DA:1058,31
DA:1059,31
DA:1061,31
DA:1063,31
DA:1064,31
DA:1069,31
DA:1074,21
DA:1080,21
DA:1082,21
DA:1084,21
DA:1085,21
DA:1091,21
DA:1096,392
DA:1104,392
DA:1106,392
DA:1107,21
DA:1116,0
DA:1121,21
DA:1134,392
DA:1139,140
DA:1145,10
DA:1147,10
DA:1151,10000
DA:1163,0
DA:1164,0
DA:1167,0
DA:1168,0
DA:1170,0
DA:1171,0
DA:1173,0
DA:1174,0
DA:1175,0
DA:1179,0
DA:1181,0
DA:1186,0
DA:1189,0
DA:1194,10
DA:1195,10
DA:1196,10
DA:1202,10
DA:1207,10
DA:1209,10
DA:1211,10
DA:1213,10
DA:1215,0
DA:1219,0
DA:1224,10
DA:1225,9
DA:1226,9
DA:1227,9
DA:1233,10
DA:1240,10
DA:1241,10
DA:1242,10
DA:1244,10
DA:1245,10000
DA:1246,10000
DA:1247,10000
DA:1248,0
DA:1249,10000
DA:1250,0
DA:1251,10000
DA:1252,10000
DA:1253,5000
DA:1255,10000
DA:1258,10
DA:1265,10
DA:1268,10
DA:1271,10
DA:1272,10
DA:1275,10
DA:1276,10
DA:1278,10
DA:1279,10
DA:1282,10
DA:1284,10
DA:1285,10
DA:1287,10
DA:1288,10
DA:1297,10
DA:1298,10
DA:1299,1
DA:1300,1
DA:1302,1
DA:1304,1
DA:1313,10
DA:1317,0
DA:1319,0
DA:1321,0
DA:1322,0
DA:1325,0
DA:1332,0
DA:1333,0
DA:1337,11
DA:1338,10
DA:1340,10
DA:1341,10
DA:1344,10
DA:1345,10
DA:1346,10
DA:1352,163
DA:1354,29
DA:1357,29
DA:1360,29
DA:1364,29
DA:1366,29
DA:1367,29
DA:1370,29
DA:1371,29
DA:1377,11
DA:1378,11
DA:1380,11
DA:1382,11
DA:1383,0
DA:1387,11
DA:1388,0
DA:1396,163
DA:1401,70
DA:1403,70
DA:1405,70
DA:1407,33
DA:1411,70
DA:1421,15
DA:1423,15
DA:1425,15
DA:1426,0
DA:1429,15
DA:1430,0
DA:1433,26
DA:1435,15
DA:1436,0
DA:1439,15
DA:1441,15
DA:1442,45
DA:1445,15
DA:1446,15
DA:1447,15
DA:1463,63
DA:1465,63
DA:1467,63
DA:1468,63
DA:1470,63
DA:1471,147
DA:1474,63
DA:1475,63
DA:1476,125
DA:1479,63
DA:1481,63
DA:1488,63
DA:1492,63
DA:1498,61
DA:1500,61
DA:1503,61
DA:1510,60
DA:1511,58
DA:1516,58
DA:1528,1
DA:1531,1
DA:1533,1
DA:1534,0
DA:1545,60
DA:1548,60
DA:1550,60
DA:1551,37
DA:1562,18
DA:1564,18
DA:1565,17
DA:1571,37
DA:1587,54
DA:1589,54
DA:1590,0
DA:1594,54
DA:1595,0
DA:1598,54
DA:1600,54
DA:1601,0
DA:1604,54
DA:1609,0
DA:1612,54
DA:1613,12
DA:1616,54
DA:1617,15
DA:1619,15
DA:1624,39
DA:1637,64
DA:1647,38
DA:1648,38
DA:1649,38
DA:1650,38
DA:1662,63
DA:1672,1
DA:1677,1
DA:1681,1
DA:1687,1
DA:1692,1
DA:1693,2
DA:1694,2
DA:1695,2
DA:1699,1
DA:1705,1
DA:1709,2
DA:1710,1
DA:1711,1
DA:1714,1
DA:1716,1
DA:1718,1
DA:1720,1
DA:1721,0
DA:1722,0
DA:1725,0
DA:1726,0
DA:1729,1
DA:1733,1
DA:1735,1
DA:1740,1
DA:1743,1
DA:1760,90
DA:1762,90
DA:1763,0
DA:1766,90
DA:1767,204
DA:1773,90
DA:1777,10
DA:1780,191
DA:1782,80
DA:1783,16
DA:1787,64
DA:1788,28
DA:1791,64
DA:1795,2
DA:1802,64
DA:1811,297
DA:1813,297
DA:1814,80
DA:1817,217
DA:1818,63
DA:1823,57
DA:1827,140
DA:1830,140
DA:1833,140
DA:1834,2
DA:1838,140
DA:1839,15
DA:1843,140
DA:1846,0
DA:1851,140
DA:1852,0
DA:1856,140
DA:1859,0
DA:1864,140
DA:1865,60
DA:1869,140
DA:1870,1
DA:1874,140
DA:1875,18
DA:1879,140
DA:1882,140
DA:1886,0
DA:1911,392
DA:1914,392
DA:1930,19
DA:1936,392
DA:1969,392
DA:1985,2
DA:1991,392
DA:2001,11
DA:2002,11
DA:2004,11
DA:2005,11
DA:2006,11
DA:2018,392
DA:2024,0
DA:2027,0
DA:2028,0
DA:2030,0
DA:2031,0
DA:2038,0
DA:2040,0
DA:2042,0
DA:2045,0
DA:2048,0
DA:2050,0
DA:2053,0
DA:2060,392
DA:2069,0
DA:2074,392
DA:2095,1
DA:2099,38
DA:2104,392
LF:557
LH:461
BRDA:320,0,0,21
BRDA:320,0,1,130
BRDA:330,1,0,118
BRDA:330,1,1,22
BRDA:350,2,0,10
BRDA:350,2,1,0
BRDA:350,3,0,10
BRDA:350,3,1,10
BRDA:351,4,0,1
BRDA:351,4,1,9
BRDA:355,5,0,10
BRDA:355,5,1,0
BRDA:357,6,0,0
BRDA:357,6,1,0
BRDA:369,7,0,11
BRDA:369,7,1,130
BRDA:370,8,0,11
BRDA:370,8,1,0
BRDA:390,9,0,0
BRDA:390,9,1,130
BRDA:438,10,0,4
BRDA:438,10,1,136
BRDA:455,11,0,141
BRDA:455,11,1,12
BRDA:460,12,0,545
BRDA:460,12,1,520
BRDA:476,13,0,267
BRDA:476,13,1,64
BRDA:491,14,0,0
BRDA:491,14,1,140
BRDA:503,15,0,5
BRDA:503,15,1,140
BRDA:503,16,0,145
BRDA:503,16,1,145
BRDA:524,17,0,147
BRDA:524,17,1,0
BRDA:533,18,0,12
BRDA:533,18,1,128
BRDA:546,19,0,147
BRDA:546,19,1,0
BRDA:557,20,0,12
BRDA:557,20,1,0
BRDA:586,21,0,4
BRDA:586,21,1,141
BRDA:589,22,0,4
BRDA:589,22,1,0
BRDA:603,23,0,6
BRDA:603,23,1,141
BRDA:634,24,0,0
BRDA:634,24,1,392
BRDA:703,25,0,318
BRDA:703,25,1,77
BRDA:703,26,0,395
BRDA:703,26,1,318
BRDA:704,27,0,36
BRDA:704,27,1,54
BRDA:704,27,2,23
BRDA:704,27,3,20
BRDA:704,27,4,28
BRDA:704,27,5,68
BRDA:704,27,6,0
BRDA:704,27,7,0
BRDA:704,27,8,16
BRDA:704,27,9,21
BRDA:704,27,10,52
BRDA:707,28,0,32
BRDA:707,28,1,4
BRDA:720,29,0,28
BRDA:720,29,1,26
BRDA:737,30,0,20
BRDA:737,30,1,3
BRDA:750,31,0,16
BRDA:750,31,1,4
BRDA:763,32,0,25
BRDA:763,32,1,3
BRDA:776,33,0,22
BRDA:776,33,1,46
BRDA:783,34,0,6
BRDA:783,34,1,40
BRDA:788,35,0,18
BRDA:788,35,1,22
BRDA:797,36,0,28
BRDA:797,36,1,40
BRDA:806,37,0,0
BRDA:806,37,1,0
BRDA:819,38,0,0
BRDA:819,38,1,0
BRDA:832,39,0,15
BRDA:832,39,1,1
BRDA:841,40,0,21
BRDA:841,40,1,0
BRDA:842,41,0,21
BRDA:842,41,1,0
BRDA:857,42,0,52
BRDA:857,42,1,0
BRDA:879,43,0,60
BRDA:879,43,1,115
BRDA:880,44,0,58
BRDA:880,44,1,2
BRDA:885,45,0,46
BRDA:885,45,1,69
BRDA:886,46,0,43
BRDA:886,46,1,3
BRDA:891,47,0,22
BRDA:891,47,1,47
BRDA:892,48,0,10
BRDA:892,48,1,12
BRDA:896,49,0,47
BRDA:896,49,1,0
BRDA:897,50,0,47
BRDA:897,50,1,0
BRDA:912,51,0,159
BRDA:912,51,1,0
BRDA:920,52,0,0
BRDA:920,52,1,0
BRDA:933,53,0,0
BRDA:933,53,1,0
BRDA:935,54,0,0
BRDA:935,54,1,0
BRDA:941,55,0,0
BRDA:941,55,1,0
BRDA:943,56,0,0
BRDA:943,56,1,0
BRDA:970,57,0,57
BRDA:970,57,1,0
BRDA:975,58,0,10
BRDA:975,58,1,47
BRDA:984,59,0,0
BRDA:984,59,1,10
BRDA:999,60,0,0
BRDA:999,60,1,10
BRDA:1004,61,0,47
BRDA:1004,61,1,0
BRDA:1013,62,0,0
BRDA:1013,62,1,47
BRDA:1031,63,0,47
BRDA:1031,63,1,0
BRDA:1063,64,0,31
BRDA:1063,64,1,0
BRDA:1084,65,0,21
BRDA:1084,65,1,0
BRDA:1106,66,0,21
BRDA:1106,66,1,371
BRDA:1106,67,0,392
BRDA:1106,67,1,371
BRDA:1106,67,2,27
BRDA:1126,68,0,21
BRDA:1126,68,1,0
BRDA:1139,69,0,10
BRDA:1139,69,1,130
BRDA:1147,70,0,1
BRDA:1147,70,1,9
BRDA:1170,71,0,0
BRDA:1170,71,1,0
BRDA:1195,72,0,10
BRDA:1195,72,1,0
BRDA:1213,73,0,0
BRDA:1213,73,1,10
BRDA:1216,74,0,0
BRDA:1216,74,1,0
BRDA:1226,75,0,9
BRDA:1226,75,1,0
BRDA:1232,76,0,0
BRDA:1247,77,0,0
BRDA:1247,77,1,10000
BRDA:1249,78,0,0
BRDA:1249,78,1,10000
BRDA:1251,79,0,10000
BRDA:1251,79,1,0
BRDA:1252,80,0,5000
BRDA:1252,80,1,5000
BRDA:1252,81,0,10000
BRDA:1252,81,1,9990
BRDA:1284,82,0,10
BRDA:1284,82,1,0
BRDA:1287,83,0,10
BRDA:1287,83,1,0
BRDA:1298,84,0,1
BRDA:1298,84,1,9
BRDA:1305,85,0,0
BRDA:1305,85,1,1
BRDA:1321,86,0,0
BRDA:1321,86,1,0
BRDA:1337,87,0,10
BRDA:1337,87,1,1
BRDA:1352,88,0,29
BRDA:1352,88,1,134
BRDA:1360,89,0,29
BRDA:1360,89,1,0
BRDA:1361,90,0,29
BRDA:1361,90,1,18
BRDA:1378,91,0,11
BRDA:1378,91,1,0
BRDA:1382,92,0,0
BRDA:1382,92,1,11
BRDA:1382,93,0,11
BRDA:1382,93,1,0
BRDA:1384,94,0,0
BRDA:1384,94,1,0
BRDA:1387,95,0,0
BRDA:1387,95,1,11
BRDA:1387,96,0,11
BRDA:1387,96,1,0
BRDA:1389,97,0,0
BRDA:1389,97,1,0
BRDA:1405,98,0,33
BRDA:1405,98,1,37
BRDA:1405,99,0,70
BRDA:1405,99,1,33
BRDA:1425,100,0,0
BRDA:1425,100,1,15
BRDA:1425,101,0,15
BRDA:1425,101,1,15
BRDA:1429,102,0,0
BRDA:1429,102,1,15
BRDA:1435,103,0,0
BRDA:1435,103,1,15
BRDA:1445,104,0,15
BRDA:1445,104,1,0
BRDA:1447,105,0,15
BRDA:1447,105,1,15
BRDA:1467,106,0,63
BRDA:1467,106,1,0
BRDA:1474,107,0,63
BRDA:1474,107,1,0
BRDA:1481,108,0,63
BRDA:1481,108,1,63
BRDA:1503,109,0,60
BRDA:1503,109,1,1
BRDA:1505,110,0,61
BRDA:1505,110,1,10
BRDA:1505,110,2,10
BRDA:1510,111,0,58
BRDA:1510,111,1,2
BRDA:1510,112,0,60
BRDA:1510,112,1,58
BRDA:1533,113,0,0
BRDA:1533,113,1,1
BRDA:1550,114,0,37
BRDA:1550,114,1,23
BRDA:1564,115,0,17
BRDA:1564,115,1,1
BRDA:1571,116,0,37
BRDA:1571,116,1,17
BRDA:1589,117,0,0
BRDA:1589,117,1,54
BRDA:1594,118,0,0
BRDA:1594,118,1,54
BRDA:1600,119,0,0
BRDA:1600,119,1,54
BRDA:1600,120,0,54
BRDA:1600,120,1,54
BRDA:1604,121,0,0
BRDA:1604,121,1,54
BRDA:1605,122,0,54
BRDA:1605,122,1,54
BRDA:1605,122,2,17
BRDA:1612,123,0,12
BRDA:1612,123,1,42
BRDA:1616,124,0,15
BRDA:1616,124,1,39
BRDA:1616,125,0,54
BRDA:1616,125,1,17
BRDA:1672,126,0,1
BRDA:1672,126,1,0
BRDA:1687,127,0,1
BRDA:1687,127,1,0
BRDA:1694,128,0,2
BRDA:1694,128,1,0
BRDA:1709,129,0,1
BRDA:1709,129,1,1
BRDA:1720,130,0,0
BRDA:1720,130,1,1
BRDA:1725,131,0,0
BRDA:1725,131,1,0
BRDA:1762,132,0,0
BRDA:1762,132,1,90
BRDA:1773,133,0,10
BRDA:1773,133,1,80
BRDA:1774,134,0,90
BRDA:1774,134,1,10
BRDA:1782,135,0,16
BRDA:1782,135,1,64
BRDA:1787,136,0,28
BRDA:1787,136,1,36
BRDA:1791,137,0,2
BRDA:1791,137,1,62
BRDA:1792,138,0,64
BRDA:1792,138,1,62
BRDA:1813,139,0,80
BRDA:1813,139,1,217
BRDA:1817,140,0,63
BRDA:1817,140,1,154
BRDA:2030,141,0,0
BRDA:2030,141,1,0
BRDA:2045,142,0,0
BRDA:2045,142,1,0
BRDA:2121,143,0,392
BRDA:2121,143,1,165
BRF:299
BRH:208
end_of_record
TN:
SF:packages\ve-table\src\body\body-checkbox-content.jsx
FN:12,(anonymous_0)
FN:22,(anonymous_1)
FN:27,(anonymous_2)
FN:34,(anonymous_3)
FN:56,(anonymous_4)
FN:67,(anonymous_5)
FN:75,(anonymous_6)
FN:91,(anonymous_7)
FN:109,(anonymous_8)
FN:120,(anonymous_9)
FNF:10
FNH:8
FNDA:0,(anonymous_0)
FNDA:0,(anonymous_1)
FNDA:64,(anonymous_2)
FNDA:69,(anonymous_3)
FNDA:1,(anonymous_4)
FNDA:84,(anonymous_5)
FNDA:84,(anonymous_6)
FNDA:1,(anonymous_7)
FNDA:78,(anonymous_8)
FNDA:1,(anonymous_9)
DA:13,0
DA:23,0
DA:28,64
DA:35,69
DA:37,69
DA:39,69
DA:40,0
DA:43,69
DA:45,69
DA:49,6
DA:52,69
DA:57,1
DA:59,1
DA:68,84
DA:76,84
DA:78,84
DA:80,84
DA:84,19
DA:87,84
DA:92,1
DA:95,1
DA:96,1
DA:99,1
DA:110,78
DA:112,78
DA:120,1
DA:124,78
LF:27
LH:24
BRDA:39,0,0,0
BRDA:39,0,1,69
BRDA:45,1,0,6
BRDA:45,1,1,63
BRDA:46,2,0,69
BRDA:46,2,1,15
BRDA:60,3,0,1
BRDA:60,3,1,1
BRDA:80,4,0,19
BRDA:80,4,1,65
BRDA:81,5,0,84
BRDA:81,5,1,84
BRDA:95,6,0,1
BRDA:95,6,1,0
BRF:14
BRH:12
end_of_record
TN:
SF:packages\ve-table\src\body\body-radio-content.jsx
FN:12,(anonymous_0)
FN:25,(anonymous_1)
FN:32,(anonymous_2)
FN:54,(anonymous_3)
FN:66,(anonymous_4)
FN:74,(anonymous_5)
FN:79,(anonymous_6)
FN:96,(anonymous_7)
FN:107,(anonymous_8)
FNF:9
FNH:8
FNDA:0,(anonymous_0)
FNDA:44,(anonymous_1)
FNDA:49,(anonymous_2)
FNDA:1,(anonymous_3)
FNDA:54,(anonymous_4)
FNDA:54,(anonymous_5)
FNDA:1,(anonymous_6)
FNDA:50,(anonymous_7)
FNDA:1,(anonymous_8)
DA:13,0
DA:26,44
DA:33,49
DA:35,49
DA:37,49
DA:38,0
DA:41,49
DA:43,49
DA:47,2
DA:50,49
DA:55,1
DA:57,1
DA:67,54
DA:75,54
DA:80,1
DA:83,1
DA:84,1
DA:87,1
DA:97,50
DA:99,50
DA:107,1
DA:111,50
LF:22
LH:20
BRDA:37,0,0,0
BRDA:37,0,1,49
BRDA:43,1,0,2
BRDA:43,1,1,47
BRDA:44,2,0,49
BRDA:44,2,1,5
BRDA:58,3,0,1
BRDA:58,3,1,1
BRDA:83,4,0,1
BRDA:83,4,1,0
BRF:10
BRH:8
end_of_record
TN:
SF:packages\ve-table\src\body\body-td.jsx
FN:51,(anonymous_0)
FN:63,(anonymous_1)
FN:74,(anonymous_2)
FN:80,(anonymous_3)
FN:90,(anonymous_4)
FN:101,(anonymous_5)
FN:108,(anonymous_6)
FN:115,(anonymous_7)
FN:122,(anonymous_8)
FN:129,(anonymous_9)
FN:134,(anonymous_10)
FN:145,(anonymous_11)
FN:147,(anonymous_12)
FN:151,(anonymous_13)
FN:159,(anonymous_14)
FN:174,(anonymous_15)
FN:193,(anonymous_16)
FN:251,(anonymous_17)
FN:267,(anonymous_18)
FN:310,(anonymous_19)
FN:329,(anonymous_20)
FN:348,(anonymous_21)
FN:373,(anonymous_22)
FN:407,(anonymous_23)
FN:422,(anonymous_24)
FN:437,(anonymous_25)
FN:441,(anonymous_26)
FN:445,(anonymous_27)
FN:489,(anonymous_28)
FN:492,(anonymous_29)
FN:495,(anonymous_30)
FN:498,(anonymous_31)
FN:501,(anonymous_32)
FNF:33
FNH:23
FNDA:0,(anonymous_0)
FNDA:0,(anonymous_1)
FNDA:0,(anonymous_2)
FNDA:0,(anonymous_3)
FNDA:0,(anonymous_4)
FNDA:0,(anonymous_5)
FNDA:0,(anonymous_6)
FNDA:0,(anonymous_7)
FNDA:0,(anonymous_8)
FNDA:0,(anonymous_9)
FNDA:6042,(anonymous_10)
FNDA:6260,(anonymous_11)
FNDA:15457,(anonymous_12)
FNDA:6040,(anonymous_13)
FNDA:6346,(anonymous_14)
FNDA:11368,(anonymous_15)
FNDA:11368,(anonymous_16)
FNDA:10,(anonymous_17)
FNDA:11368,(anonymous_18)
FNDA:11368,(anonymous_19)
FNDA:11368,(anonymous_20)
FNDA:11370,(anonymous_21)
FNDA:60,(anonymous_22)
FNDA:18,(anonymous_23)
FNDA:1,(anonymous_24)
FNDA:1,(anonymous_25)
FNDA:1,(anonymous_26)
FNDA:11370,(anonymous_27)
FNDA:54,(anonymous_28)
FNDA:18,(anonymous_29)
FNDA:1,(anonymous_30)
FNDA:1,(anonymous_31)
FNDA:1,(anonymous_32)
DA:52,0
DA:64,0
DA:75,0
DA:81,0
DA:91,0
DA:102,0
DA:109,0
DA:116,0
DA:123,0
DA:130,0
DA:135,6042
DA:146,6260
DA:147,15457
DA:152,6040
DA:153,6040
DA:160,6346
DA:161,6346
DA:162,6346
DA:175,11368
DA:177,11368
DA:179,11368
DA:180,11368
DA:186,11368
DA:194,11368
DA:196,11368
DA:198,11368
DA:209,11368
DA:212,11368
DA:213,252
DA:214,252
DA:218,11368
DA:222,20
DA:227,20
DA:228,6
DA:233,11368
DA:234,11368
DA:235,11368
DA:236,256
DA:240,11368
DA:241,11368
DA:247,11368
DA:252,10
DA:254,10
DA:256,10
DA:257,10
DA:259,10
DA:260,10
DA:263,10
DA:268,11368
DA:270,11368
DA:273,11368
DA:274,14
DA:283,14
DA:285,11354
DA:289,11368
DA:290,10
DA:293,10
DA:295,10
DA:306,11368
DA:311,11368
DA:313,104
DA:323,104
DA:325,11264
DA:330,11368
DA:332,64
DA:342,64
DA:344,11304
DA:349,11370
DA:350,11370
DA:351,11370
DA:353,11370
DA:354,40
DA:356,40
DA:357,20
DA:363,20
DA:364,4
DA:365,4
DA:370,11370
DA:374,60
DA:376,60
DA:378,60
DA:383,60
DA:384,53
DA:387,7
DA:388,7
DA:390,7
DA:393,7
DA:394,6
DA:395,6
DA:396,6
DA:400,1
DA:401,1
DA:402,1
DA:408,18
DA:410,18
DA:412,18
DA:423,1
DA:425,1
DA:427,1
DA:438,1
DA:442,1
DA:456,11370
DA:459,11370
DA:470,11370
DA:471,11370
DA:472,2
DA:476,11368
DA:477,11368
DA:478,120
DA:480,120
DA:486,11368
DA:488,11368
DA:490,54
DA:493,18
DA:496,1
DA:499,1
DA:502,1
DA:507,11368
DA:518,11368
LF:119
LH:109
BRDA:161,0,0,6346
BRDA:161,0,1,0
BRDA:179,1,0,11368
BRDA:179,1,1,0
BRDA:212,2,0,252
BRDA:212,2,1,11116
BRDA:218,3,0,20
BRDA:218,3,1,11348
BRDA:219,4,0,11368
BRDA:219,4,1,40
BRDA:227,5,0,6
BRDA:227,5,1,14
BRDA:233,6,0,11368
BRDA:233,6,1,0
BRDA:235,7,0,256
BRDA:235,7,1,11112
BRDA:235,8,0,11368
BRDA:235,8,1,904
BRDA:240,9,0,11368
BRDA:240,9,1,0
BRDA:256,10,0,10
BRDA:256,10,1,0
BRDA:259,11,0,5
BRDA:259,11,1,5
BRDA:273,12,0,14
BRDA:273,12,1,11354
BRDA:289,13,0,10
BRDA:289,13,1,11358
BRDA:293,14,0,0
BRDA:293,14,1,10
BRDA:297,15,0,10
BRDA:297,15,1,0
BRDA:311,16,0,104
BRDA:311,16,1,11264
BRDA:330,17,0,64
BRDA:330,17,1,11304
BRDA:353,18,0,40
BRDA:353,18,1,11330
BRDA:356,19,0,20
BRDA:356,19,1,20
BRDA:363,20,0,4
BRDA:363,20,1,16
BRDA:374,21,0,60
BRDA:374,21,1,1
BRDA:383,22,0,53
BRDA:383,22,1,7
BRDA:387,23,0,7
BRDA:387,23,1,0
BRDA:393,24,0,6
BRDA:393,24,1,1
BRDA:393,25,0,7
BRDA:393,25,1,1
BRDA:394,26,0,6
BRDA:394,26,1,0
BRDA:400,27,0,1
BRDA:400,27,1,0
BRDA:408,28,0,18
BRDA:408,28,1,1
BRDA:423,29,0,1
BRDA:423,29,1,1
BRDA:438,30,0,1
BRDA:438,30,1,1
BRDA:442,31,0,1
BRDA:442,31,1,1
BRDA:471,32,0,2
BRDA:471,32,1,11368
BRDA:471,33,0,11370
BRDA:471,33,1,11368
BRDA:477,34,0,120
BRDA:477,34,1,11248
BRDA:480,35,0,20
BRDA:480,35,1,100
BRDA:521,36,0,11368
BRDA:521,36,1,414
BRF:74
BRH:64
end_of_record
TN:
SF:packages\ve-table\src\body\body-tr-scrolling.jsx
FN:13,(anonymous_0)
FN:24,(anonymous_1)
FNF:2
FNH:2
FNDA:1,(anonymous_0)
FNDA:1,(anonymous_1)
DA:14,1
DA:16,1
DA:20,1
DA:25,1
DA:27,1
DA:31,1
LF:6
LH:6
BRF:0
BRH:0
end_of_record
TN:
SF:packages\ve-table\src\body\body-tr.jsx
FN:37,(anonymous_0)
FN:49,(anonymous_1)
FN:65,(anonymous_2)
FN:71,(anonymous_3)
FN:81,(anonymous_4)
FN:97,(anonymous_5)
FN:109,(anonymous_6)
FN:116,(anonymous_7)
FN:123,(anonymous_8)
FN:130,(anonymous_9)
FN:137,(anonymous_10)
FN:142,(anonymous_11)
FN:166,(anonymous_12)
FN:177,(anonymous_13)
FN:181,(anonymous_14)
FN:185,(anonymous_15)
FN:189,(anonymous_16)
FN:194,(anonymous_17)
FN:213,(anonymous_18)
FN:214,(anonymous_19)
FN:238,(anonymous_20)
FN:261,(anonymous_21)
FN:264,(anonymous_22)
FN:267,(anonymous_23)
FN:270,(anonymous_24)
FN:273,(anonymous_25)
FN:289,(anonymous_26)
FNF:27
FNH:16
FNDA:0,(anonymous_0)
FNDA:0,(anonymous_1)
FNDA:0,(anonymous_2)
FNDA:0,(anonymous_3)
FNDA:0,(anonymous_4)
FNDA:0,(anonymous_5)
FNDA:0,(anonymous_6)
FNDA:0,(anonymous_7)
FNDA:0,(anonymous_8)
FNDA:0,(anonymous_9)
FNDA:1750,(anonymous_10)
FNDA:1970,(anonymous_11)
FNDA:56,(anonymous_12)
FNDA:19,(anonymous_13)
FNDA:2,(anonymous_14)
FNDA:1,(anonymous_15)
FNDA:1,(anonymous_16)
FNDA:2075,(anonymous_17)
FNDA:2075,(anonymous_18)
FNDA:7590,(anonymous_19)
FNDA:7,(anonymous_20)
FNDA:56,(anonymous_21)
FNDA:19,(anonymous_22)
FNDA:2,(anonymous_23)
FNDA:1,(anonymous_24)
FNDA:1,(anonymous_25)
FNDA:0,(anonymous_26)
DA:38,0
DA:50,0
DA:66,0
DA:72,0
DA:82,0
DA:98,0
DA:110,0
DA:117,0
DA:124,0
DA:131,0
DA:138,1750
DA:139,1750
DA:143,1970
DA:145,1970
DA:147,1970
DA:149,1970
DA:150,210
DA:151,42
DA:155,1970
DA:160,1970
DA:167,56
DA:169,56
DA:171,56
DA:178,19
DA:182,2
DA:186,1
DA:190,1
DA:210,2075
DA:213,2075
DA:214,2075
DA:215,7590
DA:239,7
DA:242,7590
DA:246,2075
DA:249,2075
DA:250,2075
DA:251,40
DA:252,40
DA:258,2075
DA:260,2075
DA:262,56
DA:265,19
DA:268,2
DA:271,1
DA:274,1
DA:278,2075
DA:279,137
DA:290,0
DA:303,137
DA:309,1938
DA:317,1938
DA:320,2075
LF:52
LH:41
BRDA:139,0,0,1660
BRDA:139,0,1,90
BRDA:149,1,0,210
BRDA:149,1,1,1760
BRDA:150,2,0,42
BRDA:150,2,1,168
BRDA:167,3,0,56
BRDA:167,3,1,1
BRDA:178,4,0,19
BRDA:178,4,1,1
BRDA:182,5,0,2
BRDA:182,5,1,1
BRDA:186,6,0,1
BRDA:186,6,1,1
BRDA:190,7,0,1
BRDA:190,7,1,1
BRDA:250,8,0,40
BRDA:250,8,1,2035
BRDA:252,9,0,10
BRDA:252,9,1,30
BRDA:278,10,0,137
BRDA:278,10,1,1938
BRF:22
BRH:22
end_of_record
TN:
SF:packages\ve-table\src\body\expand-tr-icon.jsx
FN:16,(anonymous_0)
FN:27,(anonymous_1)
FN:43,(anonymous_2)
FN:56,(anonymous_3)
FN:63,(anonymous_4)
FN:71,(anonymous_5)
FNF:6
FNH:4
FNDA:0,(anonymous_0)
FNDA:0,(anonymous_1)
FNDA:394,(anonymous_2)
FNDA:394,(anonymous_3)
FNDA:394,(anonymous_4)
FNDA:6,(anonymous_5)
DA:17,0
DA:28,0
DA:44,394
DA:46,394
DA:48,394
DA:49,102
DA:50,102
DA:53,394
DA:57,394
DA:64,394
DA:66,394
DA:68,394
DA:69,102
DA:71,6
DA:78,394
LF:15
LH:13
BRDA:48,0,0,102
BRDA:48,0,1,292
BRDA:68,1,0,102
BRDA:68,1,1,292
BRF:4
BRH:4
end_of_record
TN:
SF:packages\ve-table\src\body\expand-tr.jsx
FN:16,(anonymous_0)
FN:27,(anonymous_1)
FN:34,(anonymous_2)
FN:53,(anonymous_3)
FN:57,(anonymous_4)
FN:61,(anonymous_5)
FN:78,(anonymous_6)
FN:86,(anonymous_7)
FN:87,(anonymous_8)
FN:91,(anonymous_9)
FN:108,(anonymous_10)
FN:124,(anonymous_11)
FNF:12
FNH:9
FNDA:0,(anonymous_0)
FNDA:0,(anonymous_1)
FNDA:0,(anonymous_2)
FNDA:62,(anonymous_3)
FNDA:62,(anonymous_4)
FNDA:102,(anonymous_5)
FNDA:17,(anonymous_6)
FNDA:17,(anonymous_7)
FNDA:68,(anonymous_8)
FNDA:17,(anonymous_9)
FNDA:20,(anonymous_10)
FNDA:102,(anonymous_11)
DA:17,0
DA:28,0
DA:35,0
DA:54,62
DA:58,62
DA:62,102
DA:64,102
DA:67,102
DA:68,5
DA:71,97
DA:72,15
DA:75,102
DA:79,17
DA:82,17
DA:87,68
DA:92,17
DA:94,17
DA:96,17
DA:98,0
DA:99,0
DA:103,17
DA:109,20
DA:111,20
DA:121,20
DA:125,102
DA:127,102
DA:129,102
DA:130,20
DA:131,20
DA:145,102
LF:30
LH:25
BRDA:67,0,0,5
BRDA:67,0,1,97
BRDA:71,1,0,15
BRDA:71,1,1,82
BRDA:96,2,0,0
BRDA:96,2,1,17
BRDA:98,3,0,0
BRDA:98,3,1,0
BRDA:111,4,0,20
BRDA:111,4,1,18
BRDA:129,5,0,20
BRDA:129,5,1,82
BRF:12
BRH:9
end_of_record
TN:
SF:packages\ve-table\src\body\index.jsx
FN:50,(anonymous_0)
FN:57,(anonymous_1)
FN:64,(anonymous_2)
FN:90,(anonymous_3)
FN:97,(anonymous_4)
FN:109,(anonymous_5)
FN:116,(anonymous_6)
FN:123,(anonymous_7)
FN:130,(anonymous_8)
FN:135,(anonymous_9)
FN:168,(anonymous_10)
FN:173,(anonymous_11)
FN:195,(anonymous_12)
FN:222,(anonymous_13)
FN:223,(anonymous_14)
FN:229,(anonymous_15)
FN:237,(anonymous_16)
FN:244,(anonymous_17)
FN:259,(anonymous_18)
FN:270,(anonymous_19)
FN:284,(anonymous_20)
FN:298,(anonymous_21)
FN:312,(anonymous_22)
FN:321,(anonymous_23)
FN:333,(anonymous_24)
FN:340,(anonymous_25)
FN:346,(anonymous_26)
FN:353,(anonymous_27)
FN:359,(anonymous_28)
FN:366,(anonymous_29)
FN:373,(anonymous_30)
FN:379,(anonymous_31)
FN:388,(anonymous_32)
FN:398,(anonymous_33)
FN:401,(anonymous_34)
FN:412,(anonymous_35)
FN:422,(anonymous_36)
FN:438,(anonymous_37)
FN:485,(anonymous_38)
FN:518,(anonymous_39)
FN:548,(anonymous_40)
FN:567,(anonymous_41)
FN:573,(anonymous_42)
FN:591,(anonymous_43)
FN:615,(anonymous_44)
FN:629,(anonymous_45)
FN:644,(anonymous_46)
FN:668,(anonymous_47)
FN:679,(anonymous_48)
FN:712,(anonymous_49)
FN:724,(anonymous_50)
FN:741,(anonymous_51)
FN:775,(anonymous_52)
FN:787,(anonymous_53)
FN:792,(anonymous_54)
FN:806,(anonymous_55)
FN:812,(anonymous_56)
FN:820,(anonymous_57)
FN:822,(anonymous_58)
FN:827,(anonymous_59)
FN:832,(anonymous_60)
FN:837,(anonymous_61)
FN:843,(anonymous_62)
FN:851,(anonymous_63)
FN:855,(anonymous_64)
FN:881,(anonymous_65)
FN:903,(anonymous_66)
FNF:67
FNH:55
FNDA:0,(anonymous_0)
FNDA:0,(anonymous_1)
FNDA:0,(anonymous_2)
FNDA:0,(anonymous_3)
FNDA:0,(anonymous_4)
FNDA:0,(anonymous_5)
FNDA:0,(anonymous_6)
FNDA:0,(anonymous_7)
FNDA:0,(anonymous_8)
FNDA:140,(anonymous_9)
FNDA:147,(anonymous_10)
FNDA:660,(anonymous_11)
FNDA:197,(anonymous_12)
FNDA:147,(anonymous_13)
FNDA:628,(anonymous_14)
FNDA:142,(anonymous_15)
FNDA:148,(anonymous_16)
FNDA:2,(anonymous_17)
FNDA:0,(anonymous_18)
FNDA:14,(anonymous_19)
FNDA:8,(anonymous_20)
FNDA:13,(anonymous_21)
FNDA:13,(anonymous_22)
FNDA:141,(anonymous_23)
FNDA:140,(anonymous_24)
FNDA:2,(anonymous_25)
FNDA:141,(anonymous_26)
FNDA:1,(anonymous_27)
FNDA:4,(anonymous_28)
FNDA:141,(anonymous_29)
FNDA:1,(anonymous_30)
FNDA:11,(anonymous_31)
FNDA:660,(anonymous_32)
FNDA:198,(anonymous_33)
FNDA:32,(anonymous_34)
FNDA:660,(anonymous_35)
FNDA:172,(anonymous_36)
FNDA:8,(anonymous_37)
FNDA:56,(anonymous_38)
FNDA:4152,(anonymous_39)
FNDA:0,(anonymous_40)
FNDA:1,(anonymous_41)
FNDA:142,(anonymous_42)
FNDA:2048,(anonymous_43)
FNDA:15,(anonymous_44)
FNDA:142,(anonymous_45)
FNDA:141,(anonymous_46)
FNDA:1,(anonymous_47)
FNDA:1,(anonymous_48)
FNDA:1,(anonymous_49)
FNDA:2,(anonymous_50)
FNDA:2,(anonymous_51)
FNDA:1,(anonymous_52)
FNDA:1,(anonymous_53)
FNDA:2048,(anonymous_54)
FNDA:10,(anonymous_55)
FNDA:137,(anonymous_56)
FNDA:140,(anonymous_57)
FNDA:1,(anonymous_58)
FNDA:2,(anonymous_59)
FNDA:1,(anonymous_60)
FNDA:56,(anonymous_61)
FNDA:11,(anonymous_62)
FNDA:0,(anonymous_63)
FNDA:213,(anonymous_64)
FNDA:911,(anonymous_65)
FNDA:2048,(anonymous_66)
DA:51,0
DA:58,0
DA:65,0
DA:91,0
DA:98,0
DA:110,0
DA:117,0
DA:124,0
DA:131,0
DA:136,140
DA:169,147
DA:171,147
DA:173,147
DA:174,660
DA:176,660
DA:187,660
DA:189,660
DA:191,660
DA:192,48
DA:194,48
DA:195,197
DA:197,48
DA:202,13
DA:208,13
DA:211,48
DA:213,48
DA:217,660
DA:219,147
DA:223,628
DA:230,142
DA:238,148
DA:245,2
DA:247,2
DA:249,2
DA:250,0
DA:252,2
DA:254,2
DA:259,0
DA:260,0
DA:261,0
DA:266,2
DA:271,14
DA:273,14
DA:275,14
DA:276,0
DA:278,14
DA:280,14
DA:284,4
DA:285,8
DA:286,7
DA:291,14
DA:299,13
DA:300,13
DA:305,3
DA:309,10
DA:313,13
DA:315,13
DA:322,141
DA:324,141
DA:334,140
DA:341,2
DA:347,141
DA:354,1
DA:361,4
DA:367,141
DA:374,1
DA:380,11
DA:381,1
DA:389,660
DA:391,660
DA:393,660
DA:395,660
DA:396,26
DA:397,26
DA:398,198
DA:400,26
DA:401,32
DA:404,26
DA:405,20
DA:408,660
DA:413,660
DA:415,660
DA:417,660
DA:419,660
DA:420,22
DA:421,22
DA:422,172
DA:425,22
DA:426,15
DA:429,660
DA:444,8
DA:447,8
DA:449,2
DA:455,2
DA:456,1
DA:460,7
DA:462,7
DA:463,7
DA:464,1
DA:466,6
DA:470,7
DA:471,2
DA:491,56
DA:494,56
DA:495,56
DA:496,56
DA:500,56
DA:501,55
DA:504,1
DA:507,1
DA:508,1
DA:519,4152
DA:521,4152
DA:523,4152
DA:525,209
DA:526,209
DA:527,20
DA:534,209
DA:535,205
DA:539,4152
DA:550,0
DA:551,0
DA:552,0
DA:555,0
DA:556,0
DA:557,0
DA:560,0
DA:561,0
DA:568,1
DA:569,1
DA:574,142
DA:576,142
DA:577,129
DA:580,13
DA:581,3
DA:583,10
DA:584,1
DA:585,9
DA:586,2
DA:592,2048
DA:594,2048
DA:595,102
DA:608,102
DA:611,1946
DA:616,15
DA:618,15
DA:630,142
DA:632,142
DA:633,133
DA:636,9
DA:638,9
DA:645,141
DA:646,141
DA:648,141
DA:649,129
DA:656,12
DA:658,12
DA:659,2
DA:660,10
DA:661,0
DA:662,10
DA:663,2
DA:665,12
DA:669,1
DA:684,1
DA:685,1
DA:688,1
DA:692,1
DA:693,1
DA:695,1
DA:696,1
DA:699,0
DA:700,0
DA:705,1
DA:706,1
DA:710,1
DA:712,1
DA:731,2
DA:732,2
DA:735,2
DA:737,2
DA:739,2
DA:740,2
DA:741,1
DA:742,2
DA:743,2
DA:744,2
DA:749,2
DA:752,0
DA:757,2
DA:758,2
DA:762,2
DA:776,1
DA:778,1
DA:781,1
DA:782,1
DA:785,1
DA:787,1
DA:793,2048
DA:795,2048
DA:796,2048
DA:797,1935
DA:799,2048
DA:809,10
DA:811,10
DA:813,137
DA:817,10
DA:822,140
DA:823,1
DA:827,140
DA:828,2
DA:832,140
DA:833,1
DA:837,140
DA:838,56
DA:841,140
DA:843,11
DA:844,11
DA:849,140
DA:853,0
DA:873,213
DA:875,213
DA:877,213
DA:882,911
DA:900,911
DA:904,2048
DA:933,2048
DA:934,0
DA:941,0
DA:946,0
DA:951,0
DA:954,2048
LF:232
LH:201
BRDA:189,0,0,660
BRDA:189,0,1,200
BRDA:191,1,0,48
BRDA:191,1,1,612
BRDA:197,2,0,13
BRDA:197,2,1,35
BRDA:198,3,0,48
BRDA:198,3,1,26
BRDA:198,3,2,42
BRDA:198,3,3,22
BRDA:212,4,0,26
BRDA:212,4,1,22
BRDA:214,5,0,22
BRDA:214,5,1,26
BRDA:231,6,0,142
BRDA:231,6,1,13
BRDA:238,7,0,3
BRDA:238,7,1,145
BRDA:249,8,0,0
BRDA:249,8,1,2
BRDA:254,9,0,0
BRDA:254,9,1,2
BRDA:255,10,0,2
BRDA:255,10,1,0
BRDA:255,10,2,0
BRDA:260,11,0,0
BRDA:260,11,1,0
BRDA:275,12,0,0
BRDA:275,12,1,14
BRDA:280,13,0,4
BRDA:280,13,1,10
BRDA:281,14,0,14
BRDA:281,14,1,4
BRDA:285,15,0,7
BRDA:285,15,1,1
BRDA:299,16,0,13
BRDA:299,16,1,0
BRDA:300,17,0,3
BRDA:300,17,1,10
BRDA:316,18,0,13
BRDA:316,18,1,7
BRDA:325,19,0,141
BRDA:325,19,1,8
BRDA:380,20,0,1
BRDA:380,20,1,10
BRDA:395,21,0,26
BRDA:395,21,1,634
BRDA:404,22,0,20
BRDA:404,22,1,6
BRDA:419,23,0,22
BRDA:419,23,1,638
BRDA:425,24,0,15
BRDA:425,24,1,7
BRDA:447,25,0,2
BRDA:447,25,1,6
BRDA:455,26,0,1
BRDA:455,26,1,1
BRDA:463,27,0,1
BRDA:463,27,1,6
BRDA:470,28,0,2
BRDA:470,28,1,5
BRDA:494,29,0,56
BRDA:494,29,1,0
BRDA:500,30,0,55
BRDA:500,30,1,1
BRDA:507,31,0,1
BRDA:507,31,1,0
BRDA:523,32,0,209
BRDA:523,32,1,3943
BRDA:523,33,0,4152
BRDA:523,33,1,209
BRDA:526,34,0,20
BRDA:526,34,1,189
BRDA:534,35,0,205
BRDA:534,35,1,4
BRDA:550,36,0,0
BRDA:550,36,1,0
BRDA:555,37,0,0
BRDA:555,37,1,0
BRDA:556,38,0,0
BRDA:556,38,1,0
BRDA:560,39,0,0
BRDA:560,39,1,0
BRDA:576,40,0,129
BRDA:576,40,1,13
BRDA:580,41,0,3
BRDA:580,41,1,10
BRDA:583,42,0,1
BRDA:583,42,1,9
BRDA:585,43,0,2
BRDA:585,43,1,7
BRDA:594,44,0,102
BRDA:594,44,1,1946
BRDA:632,45,0,133
BRDA:632,45,1,9
BRDA:638,46,0,3
BRDA:638,46,1,6
BRDA:648,47,0,129
BRDA:648,47,1,12
BRDA:658,48,0,2
BRDA:658,48,1,10
BRDA:660,49,0,0
BRDA:660,49,1,10
BRDA:662,50,0,2
BRDA:662,50,1,8
BRDA:693,51,0,1
BRDA:693,51,1,0
BRDA:695,52,0,1
BRDA:695,52,1,0
BRDA:699,53,0,0
BRDA:699,53,1,0
BRDA:705,54,0,1
BRDA:705,54,1,0
BRDA:737,55,0,2
BRDA:737,55,1,0
BRDA:740,56,0,1
BRDA:740,56,1,1
BRDA:743,57,0,2
BRDA:743,57,1,0
BRDA:757,58,0,2
BRDA:757,58,1,0
BRDA:762,59,0,2
BRDA:762,59,1,1
BRDA:781,60,0,1
BRDA:781,60,1,0
BRDA:796,61,0,1935
BRDA:796,61,1,113
BRDA:841,62,0,11
BRDA:841,62,1,129
BRDA:933,63,0,0
BRDA:933,63,1,2048
BRDA:941,64,0,0
BRDA:941,64,1,0
BRF:133
BRH:102
end_of_record
TN:
SF:packages\ve-table\src\colgroup\index.jsx
FN:12,(anonymous_0)
FN:16,(anonymous_1)
FN:19,(anonymous_2)
FNF:3
FNH:3
FNDA:660,(anonymous_0)
FNDA:147,(anonymous_1)
FNDA:660,(anonymous_2)
DA:13,660
DA:17,147
DA:20,660
LF:3
LH:3
BRF:0
BRH:0
end_of_record
TN:
SF:packages\ve-table\src\editor\edit-input.jsx
FN:76,(anonymous_0)
FN:100,(anonymous_1)
FN:107,(anonymous_2)
FN:115,(anonymous_3)
FN:130,(anonymous_4)
FN:165,(anonymous_5)
FN:178,(anonymous_6)
FN:183,(anonymous_7)
FN:197,(anonymous_8)
FN:207,(anonymous_9)
FN:212,(anonymous_10)
FN:222,(anonymous_11)
FN:236,(anonymous_12)
FN:242,(anonymous_13)
FN:260,(anonymous_14)
FN:345,(anonymous_15)
FN:351,(anonymous_16)
FN:357,(anonymous_17)
FN:364,(anonymous_18)
FN:374,(anonymous_19)
FN:382,(anonymous_20)
FN:387,(anonymous_21)
FN:415,(anonymous_22)
FN:419,(anonymous_23)
FN:423,(anonymous_24)
FN:453,(anonymous_25)
FN:459,(anonymous_26)
FNF:27
FNH:26
FNDA:28,(anonymous_0)
FNDA:170,(anonymous_1)
FNDA:488,(anonymous_2)
FNDA:156,(anonymous_3)
FNDA:231,(anonymous_4)
FNDA:28,(anonymous_5)
FNDA:56,(anonymous_6)
FNDA:1,(anonymous_7)
FNDA:1,(anonymous_8)
FNDA:212,(anonymous_9)
FNDA:161,(anonymous_10)
FNDA:155,(anonymous_11)
FNDA:1,(anonymous_12)
FNDA:162,(anonymous_13)
FNDA:163,(anonymous_14)
FNDA:64,(anonymous_15)
FNDA:91,(anonymous_16)
FNDA:91,(anonymous_17)
FNDA:64,(anonymous_18)
FNDA:149,(anonymous_19)
FNDA:38,(anonymous_20)
FNDA:22,(anonymous_21)
FNDA:28,(anonymous_22)
FNDA:0,(anonymous_23)
FNDA:248,(anonymous_24)
FNDA:17,(anonymous_25)
FNDA:1,(anonymous_26)
DA:77,28
DA:101,170
DA:103,170
DA:105,170
DA:106,170
DA:107,488
DA:111,170
DA:116,156
DA:118,156
DA:120,156
DA:126,156
DA:131,231
DA:138,231
DA:140,231
DA:142,231
DA:143,64
DA:152,167
DA:161,231
DA:166,28
DA:168,28
DA:172,28
DA:179,56
DA:181,28
DA:188,1
DA:189,1
DA:190,1
DA:192,1
DA:197,28
DA:198,1
DA:199,1
DA:208,212
DA:209,212
DA:210,161
DA:212,161
DA:213,161
DA:223,155
DA:224,64
DA:226,91
DA:237,1
DA:238,1
DA:243,162
DA:245,162
DA:247,162
DA:248,2
DA:252,2
DA:253,2
DA:254,2
DA:270,163
DA:272,163
DA:278,2
DA:287,2
DA:289,2
DA:290,0
DA:291,0
DA:294,0
DA:295,0
DA:299,0
DA:300,0
DA:307,0
DA:308,0
DA:310,0
DA:315,0
DA:316,0
DA:321,0
DA:332,0
DA:338,2
DA:339,2
DA:346,64
DA:347,64
DA:352,91
DA:353,91
DA:358,91
DA:359,63
DA:370,64
DA:372,64
DA:374,149
DA:376,64
DA:377,64
DA:383,38
DA:388,22
DA:390,22
DA:391,21
DA:393,21
DA:395,21
DA:397,21
DA:399,21
DA:405,21
DA:408,21
DA:410,21
DA:416,28
DA:420,0
DA:430,248
DA:432,248
DA:437,248
DA:454,17
DA:455,17
DA:456,17
DA:460,1
DA:465,248
LF:99
LH:85
BRDA:105,0,0,170
BRDA:105,0,1,0
BRDA:123,1,0,156
BRDA:123,1,1,64
BRDA:142,2,0,64
BRDA:142,2,1,167
BRDA:142,3,0,231
BRDA:142,3,1,64
BRDA:148,4,0,0
BRDA:148,4,1,64
BRDA:179,5,0,28
BRDA:179,5,1,28
BRDA:188,6,0,1
BRDA:188,6,1,0
BRDA:189,7,0,1
BRDA:189,7,1,0
BRDA:209,8,0,161
BRDA:209,8,1,51
BRDA:209,9,0,212
BRDA:209,9,1,161
BRDA:223,10,0,64
BRDA:223,10,1,91
BRDA:247,11,0,2
BRDA:247,11,1,160
BRDA:252,12,0,2
BRDA:252,12,1,0
BRDA:272,13,0,2
BRDA:272,13,1,161
BRDA:272,14,0,163
BRDA:272,14,1,2
BRDA:289,15,0,0
BRDA:289,15,1,2
BRDA:289,16,0,2
BRDA:289,16,1,0
BRDA:294,17,0,0
BRDA:294,17,1,0
BRDA:299,18,0,0
BRDA:299,18,1,0
BRDA:307,19,0,0
BRDA:307,19,1,0
BRDA:308,20,0,0
BRDA:308,20,1,0
BRDA:308,21,0,0
BRDA:308,21,1,0
BRDA:315,22,0,0
BRDA:315,22,1,0
BRDA:358,23,0,63
BRDA:358,23,1,28
BRDA:376,24,0,64
BRDA:376,24,1,0
BRDA:376,25,0,64
BRDA:376,25,1,64
BRDA:390,26,0,21
BRDA:390,26,1,1
BRDA:444,27,0,248
BRDA:444,27,1,81
BRDA:454,28,0,17
BRDA:454,28,1,0
BRF:58
BRH:37
end_of_record
TN:
SF:packages\ve-table\src\footer\footer-td.jsx
FN:34,(anonymous_0)
FN:41,(anonymous_1)
FN:48,(anonymous_2)
FN:55,(anonymous_3)
FN:62,(anonymous_4)
FN:74,(anonymous_5)
FN:84,(anonymous_6)
FN:87,(anonymous_7)
FN:97,(anonymous_8)
FN:107,(anonymous_9)
FN:123,(anonymous_10)
FN:182,(anonymous_11)
FN:194,(anonymous_12)
FN:217,(anonymous_13)
FN:234,(anonymous_14)
FN:258,(anonymous_15)
FN:283,(anonymous_16)
FN:287,(anonymous_17)
FN:291,(anonymous_18)
FN:295,(anonymous_19)
FN:299,(anonymous_20)
FN:303,(anonymous_21)
FN:324,(anonymous_22)
FN:327,(anonymous_23)
FN:330,(anonymous_24)
FN:333,(anonymous_25)
FN:336,(anonymous_26)
FNF:27
FNH:22
FNDA:0,(anonymous_0)
FNDA:0,(anonymous_1)
FNDA:0,(anonymous_2)
FNDA:0,(anonymous_3)
FNDA:0,(anonymous_4)
FNDA:22,(anonymous_5)
FNDA:70,(anonymous_6)
FNDA:18,(anonymous_7)
FNDA:22,(anonymous_8)
FNDA:14,(anonymous_9)
FNDA:92,(anonymous_10)
FNDA:92,(anonymous_11)
FNDA:32,(anonymous_12)
FNDA:82,(anonymous_13)
FNDA:92,(anonymous_14)
FNDA:94,(anonymous_15)
FNDA:1,(anonymous_16)
FNDA:1,(anonymous_17)
FNDA:1,(anonymous_18)
FNDA:1,(anonymous_19)
FNDA:1,(anonymous_20)
FNDA:94,(anonymous_21)
FNDA:1,(anonymous_22)
FNDA:1,(anonymous_23)
FNDA:1,(anonymous_24)
FNDA:1,(anonymous_25)
FNDA:1,(anonymous_26)
DA:35,0
DA:42,0
DA:49,0
DA:56,0
DA:63,0
DA:75,22
DA:77,22
DA:79,22
DA:81,22
DA:82,18
DA:83,18
DA:84,70
DA:86,18
DA:87,18
DA:90,18
DA:91,18
DA:94,22
DA:98,22
DA:100,22
DA:102,22
DA:104,22
DA:105,4
DA:106,4
DA:107,14
DA:110,4
DA:111,4
DA:114,22
DA:124,92
DA:135,92
DA:138,92
DA:139,22
DA:140,22
DA:141,22
DA:143,22
DA:148,92
DA:152,16
DA:157,16
DA:158,6
DA:162,92
DA:163,0
DA:164,0
DA:168,0
DA:172,92
DA:183,92
DA:185,92
DA:188,92
DA:191,92
DA:192,22
DA:194,32
DA:195,22
DA:199,0
DA:205,0
DA:208,22
DA:209,22
DA:213,92
DA:214,84
DA:215,84
DA:216,41
DA:218,82
DA:225,84
DA:227,84
DA:230,92
DA:235,92
DA:237,92
DA:240,92
DA:241,16
DA:250,16
DA:252,76
DA:254,92
DA:259,94
DA:260,94
DA:261,94
DA:263,94
DA:264,16
DA:266,16
DA:267,16
DA:273,16
DA:274,4
DA:275,4
DA:280,94
DA:284,1
DA:288,1
DA:292,1
DA:296,1
DA:300,1
DA:304,94
DA:306,94
DA:307,94
DA:308,2
DA:312,92
DA:313,92
DA:314,16
DA:315,16
DA:321,92
DA:323,92
DA:325,1
DA:328,1
DA:331,1
DA:334,1
DA:337,1
DA:342,92
DA:352,92
LF:102
LH:92
BRDA:81,0,0,18
BRDA:81,0,1,4
BRDA:90,1,0,18
BRDA:90,1,1,0
BRDA:104,2,0,4
BRDA:104,2,1,18
BRDA:110,3,0,4
BRDA:110,3,1,0
BRDA:138,4,0,22
BRDA:138,4,1,70
BRDA:148,5,0,16
BRDA:148,5,1,76
BRDA:149,6,0,92
BRDA:149,6,1,16
BRDA:157,7,0,6
BRDA:157,7,1,10
BRDA:162,8,0,0
BRDA:162,8,1,92
BRDA:164,9,0,0
BRDA:164,9,1,0
BRDA:165,10,0,0
BRDA:165,10,1,0
BRDA:188,11,0,92
BRDA:188,11,1,2
BRDA:191,12,0,22
BRDA:191,12,1,70
BRDA:195,13,0,0
BRDA:195,13,1,22
BRDA:196,14,0,22
BRDA:196,14,1,18
BRDA:196,14,2,22
BRDA:196,14,3,4
BRDA:208,15,0,18
BRDA:208,15,1,4
BRDA:209,16,0,4
BRDA:209,16,1,18
BRDA:213,17,0,84
BRDA:213,17,1,8
BRDA:215,18,0,41
BRDA:215,18,1,43
BRDA:218,19,0,41
BRDA:218,19,1,41
BRDA:240,20,0,16
BRDA:240,20,1,76
BRDA:263,21,0,16
BRDA:263,21,1,78
BRDA:266,22,0,16
BRDA:266,22,1,0
BRDA:273,23,0,4
BRDA:273,23,1,12
BRDA:284,24,0,1
BRDA:284,24,1,1
BRDA:288,25,0,1
BRDA:288,25,1,1
BRDA:292,26,0,1
BRDA:292,26,1,1
BRDA:296,27,0,1
BRDA:296,27,1,1
BRDA:300,28,0,1
BRDA:300,28,1,1
BRDA:307,29,0,2
BRDA:307,29,1,92
BRDA:307,30,0,94
BRDA:307,30,1,92
BRDA:313,31,0,16
BRDA:313,31,1,76
BRDA:315,32,0,8
BRDA:315,32,1,8
BRF:68
BRH:59
end_of_record
TN:
SF:packages\ve-table\src\footer\footer-tr.jsx
FN:29,(anonymous_0)
FN:36,(anonymous_1)
FN:43,(anonymous_2)
FN:50,(anonymous_3)
FN:57,(anonymous_4)
FN:69,(anonymous_5)
FN:74,(anonymous_6)
FN:87,(anonymous_7)
FN:103,(anonymous_8)
FN:112,(anonymous_9)
FN:116,(anonymous_10)
FN:120,(anonymous_11)
FN:124,(anonymous_12)
FN:129,(anonymous_13)
FN:140,(anonymous_14)
FN:141,(anonymous_15)
FN:175,(anonymous_16)
FN:178,(anonymous_17)
FN:181,(anonymous_18)
FN:184,(anonymous_19)
FN:187,(anonymous_20)
FNF:21
FNH:16
FNDA:0,(anonymous_0)
FNDA:0,(anonymous_1)
FNDA:0,(anonymous_2)
FNDA:24,(anonymous_3)
FNDA:0,(anonymous_4)
FNDA:24,(anonymous_5)
FNDA:24,(anonymous_6)
FNDA:0,(anonymous_7)
FNDA:2,(anonymous_8)
FNDA:2,(anonymous_9)
FNDA:2,(anonymous_10)
FNDA:1,(anonymous_11)
FNDA:1,(anonymous_12)
FNDA:24,(anonymous_13)
FNDA:24,(anonymous_14)
FNDA:94,(anonymous_15)
FNDA:2,(anonymous_16)
FNDA:2,(anonymous_17)
FNDA:2,(anonymous_18)
FNDA:1,(anonymous_19)
FNDA:1,(anonymous_20)
DA:30,0
DA:37,0
DA:44,0
DA:51,24
DA:58,0
DA:70,24
DA:71,24
DA:75,24
DA:77,24
DA:81,24
DA:93,0
DA:104,2
DA:113,2
DA:117,2
DA:121,1
DA:125,1
DA:137,24
DA:140,24
DA:141,24
DA:142,94
DA:158,94
DA:163,24
DA:164,24
DA:165,4
DA:166,4
DA:172,24
DA:174,24
DA:176,2
DA:179,2
DA:182,2
DA:185,1
DA:188,1
DA:192,24
DA:206,24
LF:34
LH:29
BRDA:71,0,0,22
BRDA:71,0,1,2
BRDA:104,1,0,2
BRDA:104,1,1,1
BRDA:113,2,0,2
BRDA:113,2,1,1
BRDA:117,3,0,2
BRDA:117,3,1,1
BRDA:121,4,0,1
BRDA:121,4,1,1
BRDA:125,5,0,1
BRDA:125,5,1,1
BRDA:164,6,0,4
BRDA:164,6,1,20
BRDA:166,7,0,2
BRDA:166,7,1,2
BRF:16
BRH:16
end_of_record
TN:
SF:packages\ve-table\src\footer\index.jsx
FN:30,(anonymous_0)
FN:37,(anonymous_1)
FN:44,(anonymous_2)
FN:56,(anonymous_3)
FN:63,(anonymous_4)
FN:71,(anonymous_5)
FN:81,(anonymous_6)
FN:86,(anonymous_7)
FNF:8
FNH:4
FNDA:0,(anonymous_0)
FNDA:0,(anonymous_1)
FNDA:0,(anonymous_2)
FNDA:0,(anonymous_3)
FNDA:140,(anonymous_4)
FNDA:24,(anonymous_5)
FNDA:147,(anonymous_6)
FNDA:24,(anonymous_7)
DA:31,0
DA:38,0
DA:45,0
DA:57,0
DA:64,140
DA:72,24
DA:74,24
DA:75,24
DA:76,22
DA:78,24
DA:82,147
DA:84,147
DA:87,24
DA:102,24
LF:14
LH:10
BRDA:75,0,0,22
BRDA:75,0,1,2
BRF:2
BRH:2
end_of_record
TN:
SF:packages\ve-table\src\header\header-checkbox-content.jsx
FN:12,(anonymous_0)
FN:17,(anonymous_1)
FN:27,(anonymous_2)
FN:40,(anonymous_3)
FN:45,(anonymous_4)
FN:47,(anonymous_5)
FN:51,(anonymous_6)
FN:62,(anonymous_7)
FNF:8
FNH:7
FNDA:0,(anonymous_0)
FNDA:10,(anonymous_1)
FNDA:2,(anonymous_2)
FNDA:14,(anonymous_3)
FNDA:10,(anonymous_4)
FNDA:14,(anonymous_5)
FNDA:17,(anonymous_6)
FNDA:2,(anonymous_7)
DA:13,0
DA:18,10
DA:28,2
DA:30,2
DA:41,14
DA:42,14
DA:47,10
DA:48,14
DA:52,17
DA:54,17
DA:63,2
DA:67,17
LF:12
LH:11
BRF:0
BRH:0
end_of_record
TN:
SF:packages\ve-table\src\header\header-filter-content.jsx
FN:18,(anonymous_0)
FN:25,(anonymous_1)
FN:40,(anonymous_2)
FN:45,(anonymous_3)
FN:50,(anonymous_4)
FN:61,(anonymous_5)
FN:77,(anonymous_6)
FNF:7
FNH:7
FNDA:5,(anonymous_0)
FNDA:9,(anonymous_1)
FNDA:2,(anonymous_2)
FNDA:2,(anonymous_3)
FNDA:5,(anonymous_4)
FNDA:5,(anonymous_5)
FNDA:5,(anonymous_6)
DA:8,34
DA:19,5
DA:26,9
DA:27,9
DA:41,2
DA:42,2
DA:46,2
DA:47,2
DA:52,5
DA:53,5
DA:54,1
DA:56,4
DA:58,5
DA:62,5
DA:64,5
DA:78,5
DA:83,5
DA:84,2
DA:87,5
LF:19
LH:19
BRDA:26,0,0,9
BRDA:26,0,1,0
BRDA:26,1,0,9
BRDA:26,1,1,9
BRDA:42,2,0,2
BRDA:42,2,1,2
BRDA:47,3,0,2
BRDA:47,3,1,2
BRDA:53,4,0,1
BRDA:53,4,1,4
BRDA:83,5,0,2
BRDA:83,5,1,3
BRF:12
BRH:11
end_of_record
TN:
SF:packages\ve-table\src\header\header-filter-custom-content.jsx
FN:16,(anonymous_0)
FN:23,(anonymous_1)
FN:37,(anonymous_2)
FN:41,(anonymous_3)
FN:65,(anonymous_4)
FN:76,(anonymous_5)
FN:79,(anonymous_6)
FN:83,(anonymous_7)
FNF:8
FNH:7
FNDA:2,(anonymous_0)
FNDA:2,(anonymous_1)
FNDA:1,(anonymous_2)
FNDA:4,(anonymous_3)
FNDA:4,(anonymous_4)
FNDA:1,(anonymous_5)
FNDA:0,(anonymous_6)
FNDA:4,(anonymous_7)
DA:17,2
DA:24,2
DA:28,2
DA:38,1
DA:42,4
DA:44,4
DA:45,4
DA:46,4
DA:50,4
DA:62,4
DA:67,4
DA:68,4
DA:69,1
DA:71,3
DA:73,4
DA:77,1
DA:80,0
DA:84,4
DA:95,4
LF:19
LH:18
BRDA:24,0,0,2
BRDA:24,0,1,0
BRDA:25,1,0,2
BRDA:25,1,1,2
BRDA:45,2,0,4
BRDA:45,2,1,0
BRDA:68,3,0,1
BRDA:68,3,1,3
BRF:8
BRH:6
end_of_record
TN:
SF:packages\ve-table\src\header\header-th.jsx
FN:31,(anonymous_0)
FN:45,(anonymous_1)
FN:52,(anonymous_2)
FN:59,(anonymous_3)
FN:66,(anonymous_4)
FN:73,(anonymous_5)
FN:80,(anonymous_6)
FN:89,(anonymous_7)
FN:92,(anonymous_8)
FN:102,(anonymous_9)
FN:111,(anonymous_10)
FN:121,(anonymous_11)
FN:149,(anonymous_12)
FN:185,(anonymous_13)
FN:208,(anonymous_14)
FN:233,(anonymous_15)
FN:250,(anonymous_16)
FN:271,(anonymous_17)
FN:293,(anonymous_18)
FN:305,(anonymous_19)
FN:335,(anonymous_20)
FN:353,(anonymous_21)
FN:371,(anonymous_22)
FN:375,(anonymous_23)
FN:379,(anonymous_24)
FN:383,(anonymous_25)
FN:387,(anonymous_26)
FN:391,(anonymous_27)
FN:429,(anonymous_28)
FN:432,(anonymous_29)
FN:435,(anonymous_30)
FN:438,(anonymous_31)
FN:441,(anonymous_32)
FNF:33
FNH:27
FNDA:0,(anonymous_0)
FNDA:0,(anonymous_1)
FNDA:0,(anonymous_2)
FNDA:0,(anonymous_3)
FNDA:0,(anonymous_4)
FNDA:0,(anonymous_5)
FNDA:689,(anonymous_6)
FNDA:198,(anonymous_7)
FNDA:32,(anonymous_8)
FNDA:689,(anonymous_9)
FNDA:176,(anonymous_10)
FNDA:689,(anonymous_11)
FNDA:699,(anonymous_12)
FNDA:699,(anonymous_13)
FNDA:205,(anonymous_14)
FNDA:158,(anonymous_15)
FNDA:699,(anonymous_16)
FNDA:4,(anonymous_17)
FNDA:699,(anonymous_18)
FNDA:4,(anonymous_19)
FNDA:699,(anonymous_20)
FNDA:699,(anonymous_21)
FNDA:18,(anonymous_22)
FNDA:1,(anonymous_23)
FNDA:1,(anonymous_24)
FNDA:1,(anonymous_25)
FNDA:1,(anonymous_26)
FNDA:699,(anonymous_27)
FNDA:18,(anonymous_28)
FNDA:1,(anonymous_29)
FNDA:1,(anonymous_30)
FNDA:1,(anonymous_31)
FNDA:1,(anonymous_32)
DA:32,0
DA:46,0
DA:53,0
DA:60,0
DA:67,0
DA:74,0
DA:81,689
DA:83,689
DA:85,689
DA:87,689
DA:88,26
DA:89,198
DA:91,26
DA:92,32
DA:95,26
DA:96,20
DA:99,689
DA:103,689
DA:105,689
DA:107,689
DA:109,689
DA:110,25
DA:111,176
DA:114,25
DA:115,17
DA:118,689
DA:122,689
DA:124,689
DA:126,689
DA:128,689
DA:130,689
DA:131,689
DA:132,660
DA:133,147
DA:135,29
DA:136,5
DA:140,689
DA:150,699
DA:160,699
DA:162,699
DA:166,4
DA:170,4
DA:171,1
DA:175,699
DA:186,699
DA:188,699
DA:189,699
DA:192,699
DA:195,699
DA:196,51
DA:197,51
DA:198,51
DA:199,51
DA:200,26
DA:201,25
DA:202,25
DA:205,51
DA:207,51
DA:208,205
DA:210,51
DA:215,14
DA:221,14
DA:224,51
DA:225,51
DA:229,699
DA:230,699
DA:231,699
DA:232,54
DA:234,158
DA:241,699
DA:243,699
DA:246,699
DA:251,699
DA:253,699
DA:255,699
DA:256,12
DA:258,11
DA:265,11
DA:268,699
DA:272,4
DA:273,4
DA:274,4
DA:276,4
DA:277,4
DA:279,4
DA:280,2
DA:282,2
DA:286,4
DA:294,699
DA:296,699
DA:297,699
DA:299,699
DA:300,16
DA:302,16
DA:305,4
DA:309,16
DA:331,699
DA:336,699
DA:338,699
DA:340,699
DA:342,5
DA:347,5
DA:349,699
DA:354,699
DA:356,699
DA:358,699
DA:360,2
DA:365,2
DA:367,699
DA:372,18
DA:376,1
DA:380,1
DA:384,1
DA:388,1
DA:398,699
DA:402,699
DA:403,1
DA:405,1
DA:411,1
DA:413,698
DA:417,699
DA:418,699
DA:419,24
DA:420,24
DA:426,699
DA:428,699
DA:430,18
DA:433,1
DA:436,1
DA:439,1
DA:442,1
DA:446,699
DA:456,699
LF:133
LH:127
BRDA:87,0,0,26
BRDA:87,0,1,663
BRDA:95,1,0,20
BRDA:95,1,1,6
BRDA:109,2,0,25
BRDA:109,2,1,664
BRDA:114,3,0,17
BRDA:114,3,1,8
BRDA:130,4,0,689
BRDA:130,4,1,0
BRDA:131,5,0,660
BRDA:131,5,1,29
BRDA:132,6,0,147
BRDA:132,6,1,513
BRDA:135,7,0,5
BRDA:135,7,1,24
BRDA:162,8,0,4
BRDA:162,8,1,695
BRDA:163,9,0,699
BRDA:163,9,1,8
BRDA:170,10,0,1
BRDA:170,10,1,3
BRDA:192,11,0,699
BRDA:192,11,1,229
BRDA:195,12,0,51
BRDA:195,12,1,648
BRDA:199,13,0,26
BRDA:199,13,1,25
BRDA:201,14,0,25
BRDA:201,14,1,0
BRDA:202,15,0,22
BRDA:202,15,1,3
BRDA:205,16,0,51
BRDA:205,16,1,0
BRDA:210,17,0,14
BRDA:210,17,1,37
BRDA:211,18,0,51
BRDA:211,18,1,26
BRDA:211,18,2,45
BRDA:211,18,3,25
BRDA:224,19,0,26
BRDA:224,19,1,25
BRDA:225,20,0,25
BRDA:225,20,1,26
BRDA:229,21,0,699
BRDA:229,21,1,0
BRDA:231,22,0,54
BRDA:231,22,1,645
BRDA:234,23,0,72
BRDA:234,23,1,86
BRDA:255,24,0,12
BRDA:255,24,1,687
BRDA:256,25,0,11
BRDA:256,25,1,1
BRDA:279,26,0,2
BRDA:279,26,1,2
BRDA:280,27,0,1
BRDA:280,27,1,1
BRDA:283,28,0,0
BRDA:283,28,1,2
BRDA:283,29,0,0
BRDA:283,29,1,2
BRDA:299,30,0,16
BRDA:299,30,1,683
BRDA:315,31,0,8
BRDA:315,31,1,8
BRDA:323,32,0,1
BRDA:323,32,1,15
BRDA:340,33,0,5
BRDA:340,33,1,694
BRDA:358,34,0,2
BRDA:358,34,1,697
BRDA:372,35,0,18
BRDA:372,35,1,1
BRDA:376,36,0,1
BRDA:376,36,1,1
BRDA:380,37,0,1
BRDA:380,37,1,1
BRDA:384,38,0,1
BRDA:384,38,1,1
BRDA:388,39,0,1
BRDA:388,39,1,1
BRDA:402,40,0,1
BRDA:402,40,1,698
BRDA:418,41,0,24
BRDA:418,41,1,675
BRDA:420,42,0,4
BRDA:420,42,1,20
BRF:88
BRH:82
end_of_record
TN:
SF:packages\ve-table\src\header\header-tr.jsx
FN:21,(anonymous_0)
FN:40,(anonymous_1)
FN:47,(anonymous_2)
FN:54,(anonymous_3)
FN:61,(anonymous_4)
FN:68,(anonymous_5)
FN:75,(anonymous_6)
FN:86,(anonymous_7)
FN:90,(anonymous_8)
FN:94,(anonymous_9)
FN:98,(anonymous_10)
FN:102,(anonymous_11)
FN:106,(anonymous_12)
FN:132,(anonymous_13)
FN:135,(anonymous_14)
FN:138,(anonymous_15)
FN:141,(anonymous_16)
FN:144,(anonymous_17)
FN:166,(anonymous_18)
FNF:19
FNH:12
FNDA:0,(anonymous_0)
FNDA:0,(anonymous_1)
FNDA:0,(anonymous_2)
FNDA:0,(anonymous_3)
FNDA:0,(anonymous_4)
FNDA:0,(anonymous_5)
FNDA:0,(anonymous_6)
FNDA:19,(anonymous_7)
FNDA:2,(anonymous_8)
FNDA:2,(anonymous_9)
FNDA:1,(anonymous_10)
FNDA:1,(anonymous_11)
FNDA:168,(anonymous_12)
FNDA:19,(anonymous_13)
FNDA:2,(anonymous_14)
FNDA:2,(anonymous_15)
FNDA:1,(anonymous_16)
FNDA:1,(anonymous_17)
FNDA:693,(anonymous_18)
DA:22,0
DA:41,0
DA:48,0
DA:55,0
DA:62,0
DA:69,0
DA:76,0
DA:87,19
DA:91,2
DA:95,2
DA:99,1
DA:103,1
DA:119,168
DA:122,168
DA:123,168
DA:124,6
DA:125,6
DA:129,168
DA:131,168
DA:133,19
DA:136,2
DA:139,2
DA:142,1
DA:145,1
DA:149,168
DA:164,168
DA:168,693
DA:185,693
LF:28
LH:21
BRDA:87,0,0,19
BRDA:87,0,1,1
BRDA:91,1,0,2
BRDA:91,1,1,1
BRDA:95,2,0,2
BRDA:95,2,1,1
BRDA:99,3,0,1
BRDA:99,3,1,1
BRDA:103,4,0,1
BRDA:103,4,1,1
BRDA:123,5,0,6
BRDA:123,5,1,162
BRDA:125,6,0,1
BRDA:125,6,1,5
BRF:14
BRH:14
end_of_record
TN:
SF:packages\ve-table\src\header\index.jsx
FN:25,(anonymous_0)
FN:32,(anonymous_1)
FN:39,(anonymous_2)
FN:46,(anonymous_3)
FN:53,(anonymous_4)
FN:58,(anonymous_5)
FN:69,(anonymous_6)
FN:78,(anonymous_7)
FN:86,(anonymous_8)
FN:105,(anonymous_9)
FN:108,(anonymous_10)
FN:116,(anonymous_11)
FN:118,(anonymous_12)
FN:122,(anonymous_13)
FN:137,(anonymous_14)
FNF:15
FNH:10
FNDA:0,(anonymous_0)
FNDA:0,(anonymous_1)
FNDA:0,(anonymous_2)
FNDA:0,(anonymous_3)
FNDA:0,(anonymous_4)
FNDA:140,(anonymous_5)
FNDA:140,(anonymous_6)
FNDA:147,(anonymous_7)
FNDA:4,(anonymous_8)
FNDA:147,(anonymous_9)
FNDA:660,(anonymous_10)
FNDA:140,(anonymous_11)
FNDA:4,(anonymous_12)
FNDA:148,(anonymous_13)
FNDA:168,(anonymous_14)
DA:26,0
DA:33,0
DA:40,0
DA:47,0
DA:54,0
DA:59,140
DA:70,140
DA:79,147
DA:87,4
DA:88,4
DA:90,4
DA:92,4
DA:93,3
DA:94,6
DA:95,3
DA:101,4
DA:106,147
DA:107,147
DA:108,147
DA:109,660
DA:110,10
DA:113,147
DA:118,140
DA:119,4
DA:133,148
DA:135,148
DA:138,168
DA:154,168
LF:28
LH:23
BRDA:92,0,0,3
BRDA:92,0,1,1
BRDA:94,1,0,3
BRDA:94,1,1,3
BRDA:109,2,0,10
BRDA:109,2,1,650
BRF:6
BRH:6
end_of_record
